[0.009s] Invoking command in '/home/dinm/debug_clear_ws/build/clearpath_manipulators': CMAKE_PREFIX_PATH=/home/dinm/debug_clear_ws/install/clearpath_manipulators_description:/home/dinm/debug_clear_ws/install/clearpath_simulator:/home/dinm/debug_clear_ws/install/clearpath_gz:/home/dinm/debug_clear_ws/install/clearpath_generator_gz:/home/dinm/debug_clear_ws/install/clearpath_common:/home/dinm/debug_clear_ws/install/clearpath_generator_common:/home/dinm/debug_clear_ws/install/clearpath_description:/home/dinm/debug_clear_ws/install/clearpath_sensors_description:/home/dinm/debug_clear_ws/install/clearpath_platform:/home/dinm/debug_clear_ws/install/clearpath_msgs:/home/dinm/debug_clear_ws/install/clearpath_platform_msgs:/home/dinm/debug_clear_ws/install/clearpath_platform_description:/home/dinm/debug_clear_ws/install/clearpath_mounts_description:/home/dinm/debug_clear_ws/install/clearpath_manipulators:/home/dinm/debug_clear_ws/install/clearpath_customization:/home/dinm/debug_clear_ws/install/clearpath_control:/home/dinm/debug_clear_ws/install/clearpath_config:/opt/ros/humble /usr/bin/cmake /home/dinm/debug_clear_ws/src/clearpath_common/clearpath_manipulators -DCMAKE_INSTALL_PREFIX=/home/dinm/debug_clear_ws/install/clearpath_manipulators
[0.054s] -- The C compiler identification is GNU 11.4.0
[0.107s] -- The CXX compiler identification is GNU 11.4.0
[0.115s] -- Detecting C compiler ABI info
[0.169s] -- Detecting C compiler ABI info - done
[0.176s] -- Check for working C compiler: /usr/bin/cc - skipped
[0.177s] -- Detecting C compile features
[0.177s] -- Detecting C compile features - done
[0.180s] -- Detecting CXX compiler ABI info
[0.246s] -- Detecting CXX compiler ABI info - done
[0.253s] -- Check for working CXX compiler: /usr/bin/c++ - skipped
[0.253s] -- Detecting CXX compile features
[0.254s] -- Detecting CXX compile features - done
[0.257s] -- Found ament_cmake: 1.3.10 (/opt/ros/humble/share/ament_cmake/cmake)
[0.399s] -- Found Python3: /usr/bin/python3 (found version "3.10.12") found components: Interpreter 
[0.556s] -- Configuring done
[0.558s] -- Generating done
[0.559s] -- Build files have been written to: /home/dinm/debug_clear_ws/build/clearpath_manipulators
[0.571s] Invoked command in '/home/dinm/debug_clear_ws/build/clearpath_manipulators' returned '0': CMAKE_PREFIX_PATH=/home/dinm/debug_clear_ws/install/clearpath_manipulators_description:/home/dinm/debug_clear_ws/install/clearpath_simulator:/home/dinm/debug_clear_ws/install/clearpath_gz:/home/dinm/debug_clear_ws/install/clearpath_generator_gz:/home/dinm/debug_clear_ws/install/clearpath_common:/home/dinm/debug_clear_ws/install/clearpath_generator_common:/home/dinm/debug_clear_ws/install/clearpath_description:/home/dinm/debug_clear_ws/install/clearpath_sensors_description:/home/dinm/debug_clear_ws/install/clearpath_platform:/home/dinm/debug_clear_ws/install/clearpath_msgs:/home/dinm/debug_clear_ws/install/clearpath_platform_msgs:/home/dinm/debug_clear_ws/install/clearpath_platform_description:/home/dinm/debug_clear_ws/install/clearpath_mounts_description:/home/dinm/debug_clear_ws/install/clearpath_manipulators:/home/dinm/debug_clear_ws/install/clearpath_customization:/home/dinm/debug_clear_ws/install/clearpath_control:/home/dinm/debug_clear_ws/install/clearpath_config:/opt/ros/humble /usr/bin/cmake /home/dinm/debug_clear_ws/src/clearpath_common/clearpath_manipulators -DCMAKE_INSTALL_PREFIX=/home/dinm/debug_clear_ws/install/clearpath_manipulators
[0.573s] Invoking command in '/home/dinm/debug_clear_ws/build/clearpath_manipulators': CMAKE_PREFIX_PATH=/home/dinm/debug_clear_ws/install/clearpath_manipulators_description:/home/dinm/debug_clear_ws/install/clearpath_simulator:/home/dinm/debug_clear_ws/install/clearpath_gz:/home/dinm/debug_clear_ws/install/clearpath_generator_gz:/home/dinm/debug_clear_ws/install/clearpath_common:/home/dinm/debug_clear_ws/install/clearpath_generator_common:/home/dinm/debug_clear_ws/install/clearpath_description:/home/dinm/debug_clear_ws/install/clearpath_sensors_description:/home/dinm/debug_clear_ws/install/clearpath_platform:/home/dinm/debug_clear_ws/install/clearpath_msgs:/home/dinm/debug_clear_ws/install/clearpath_platform_msgs:/home/dinm/debug_clear_ws/install/clearpath_platform_description:/home/dinm/debug_clear_ws/install/clearpath_mounts_description:/home/dinm/debug_clear_ws/install/clearpath_manipulators:/home/dinm/debug_clear_ws/install/clearpath_customization:/home/dinm/debug_clear_ws/install/clearpath_control:/home/dinm/debug_clear_ws/install/clearpath_config:/opt/ros/humble /usr/bin/cmake --build /home/dinm/debug_clear_ws/build/clearpath_manipulators -- -j8 -l8
[0.611s] Invoked command in '/home/dinm/debug_clear_ws/build/clearpath_manipulators' returned '0': CMAKE_PREFIX_PATH=/home/dinm/debug_clear_ws/install/clearpath_manipulators_description:/home/dinm/debug_clear_ws/install/clearpath_simulator:/home/dinm/debug_clear_ws/install/clearpath_gz:/home/dinm/debug_clear_ws/install/clearpath_generator_gz:/home/dinm/debug_clear_ws/install/clearpath_common:/home/dinm/debug_clear_ws/install/clearpath_generator_common:/home/dinm/debug_clear_ws/install/clearpath_description:/home/dinm/debug_clear_ws/install/clearpath_sensors_description:/home/dinm/debug_clear_ws/install/clearpath_platform:/home/dinm/debug_clear_ws/install/clearpath_msgs:/home/dinm/debug_clear_ws/install/clearpath_platform_msgs:/home/dinm/debug_clear_ws/install/clearpath_platform_description:/home/dinm/debug_clear_ws/install/clearpath_mounts_description:/home/dinm/debug_clear_ws/install/clearpath_manipulators:/home/dinm/debug_clear_ws/install/clearpath_customization:/home/dinm/debug_clear_ws/install/clearpath_control:/home/dinm/debug_clear_ws/install/clearpath_config:/opt/ros/humble /usr/bin/cmake --build /home/dinm/debug_clear_ws/build/clearpath_manipulators -- -j8 -l8
[0.629s] Invoking command in '/home/dinm/debug_clear_ws/build/clearpath_manipulators': CMAKE_PREFIX_PATH=/home/dinm/debug_clear_ws/install/clearpath_manipulators_description:/home/dinm/debug_clear_ws/install/clearpath_simulator:/home/dinm/debug_clear_ws/install/clearpath_gz:/home/dinm/debug_clear_ws/install/clearpath_generator_gz:/home/dinm/debug_clear_ws/install/clearpath_common:/home/dinm/debug_clear_ws/install/clearpath_generator_common:/home/dinm/debug_clear_ws/install/clearpath_description:/home/dinm/debug_clear_ws/install/clearpath_sensors_description:/home/dinm/debug_clear_ws/install/clearpath_platform:/home/dinm/debug_clear_ws/install/clearpath_msgs:/home/dinm/debug_clear_ws/install/clearpath_platform_msgs:/home/dinm/debug_clear_ws/install/clearpath_platform_description:/home/dinm/debug_clear_ws/install/clearpath_mounts_description:/home/dinm/debug_clear_ws/install/clearpath_manipulators:/home/dinm/debug_clear_ws/install/clearpath_customization:/home/dinm/debug_clear_ws/install/clearpath_control:/home/dinm/debug_clear_ws/install/clearpath_config:/opt/ros/humble /usr/bin/cmake --install /home/dinm/debug_clear_ws/build/clearpath_manipulators
[0.635s] -- Install configuration: ""
[0.635s] -- Installing: /home/dinm/debug_clear_ws/install/clearpath_manipulators/share/clearpath_manipulators/config
[0.635s] -- Installing: /home/dinm/debug_clear_ws/install/clearpath_manipulators/share/clearpath_manipulators/config/planning_scene.yaml
[0.635s] -- Installing: /home/dinm/debug_clear_ws/install/clearpath_manipulators/share/clearpath_manipulators/config/kinematics
[0.636s] -- Installing: /home/dinm/debug_clear_ws/install/clearpath_manipulators/share/clearpath_manipulators/config/kinematics/arm.yaml
[0.636s] -- Installing: /home/dinm/debug_clear_ws/install/clearpath_manipulators/share/clearpath_manipulators/config/kinematics/gripper.yaml
[0.636s] -- Installing: /home/dinm/debug_clear_ws/install/clearpath_manipulators/share/clearpath_manipulators/config/kinematics/lift.yaml
[0.636s] -- Installing: /home/dinm/debug_clear_ws/install/clearpath_manipulators/share/clearpath_manipulators/config/control.yaml
[0.636s] -- Installing: /home/dinm/debug_clear_ws/install/clearpath_manipulators/share/clearpath_manipulators/config/cartesian_limits.yaml
[0.636s] -- Installing: /home/dinm/debug_clear_ws/install/clearpath_manipulators/share/clearpath_manipulators/config/planning
[0.637s] -- Installing: /home/dinm/debug_clear_ws/install/clearpath_manipulators/share/clearpath_manipulators/config/planning/_ompl
[0.637s] -- Installing: /home/dinm/debug_clear_ws/install/clearpath_manipulators/share/clearpath_manipulators/config/planning/_ompl/planning.yaml
[0.637s] -- Installing: /home/dinm/debug_clear_ws/install/clearpath_manipulators/share/clearpath_manipulators/config/planning/_ompl/defaults.yaml
[0.637s] -- Installing: /home/dinm/debug_clear_ws/install/clearpath_manipulators/share/clearpath_manipulators/config/planning/pilz
[0.637s] -- Installing: /home/dinm/debug_clear_ws/install/clearpath_manipulators/share/clearpath_manipulators/config/planning/pilz/planning.yaml
[0.637s] -- Installing: /home/dinm/debug_clear_ws/install/clearpath_manipulators/share/clearpath_manipulators/config/planning/pilz/defaults.yaml
[0.637s] -- Installing: /home/dinm/debug_clear_ws/install/clearpath_manipulators/share/clearpath_manipulators/config/planning/pipeline.yaml
[0.637s] -- Installing: /home/dinm/debug_clear_ws/install/clearpath_manipulators/share/clearpath_manipulators/config/planning/chomp
[0.638s] -- Installing: /home/dinm/debug_clear_ws/install/clearpath_manipulators/share/clearpath_manipulators/config/planning/chomp/planning.yaml
[0.638s] -- Installing: /home/dinm/debug_clear_ws/install/clearpath_manipulators/share/clearpath_manipulators/config/trajectory_execution.yaml
[0.638s] -- Installing: /home/dinm/debug_clear_ws/install/clearpath_manipulators/share/clearpath_manipulators/launch
[0.638s] -- Installing: /home/dinm/debug_clear_ws/install/clearpath_manipulators/share/clearpath_manipulators/launch/moveit.launch.py
[0.638s] -- Installing: /home/dinm/debug_clear_ws/install/clearpath_manipulators/share/clearpath_manipulators/launch/control.launch.py
[0.638s] -- Installing: /home/dinm/debug_clear_ws/install/clearpath_manipulators/share/clearpath_manipulators/launch/manipulators.launch.py
[0.638s] -- Installing: /home/dinm/debug_clear_ws/install/clearpath_manipulators/share/ament_index/resource_index/package_run_dependencies/clearpath_manipulators
[0.638s] -- Installing: /home/dinm/debug_clear_ws/install/clearpath_manipulators/share/ament_index/resource_index/parent_prefix_path/clearpath_manipulators
[0.639s] -- Installing: /home/dinm/debug_clear_ws/install/clearpath_manipulators/share/clearpath_manipulators/environment/ament_prefix_path.sh
[0.639s] -- Installing: /home/dinm/debug_clear_ws/install/clearpath_manipulators/share/clearpath_manipulators/environment/ament_prefix_path.dsv
[0.639s] -- Installing: /home/dinm/debug_clear_ws/install/clearpath_manipulators/share/clearpath_manipulators/environment/path.sh
[0.639s] -- Installing: /home/dinm/debug_clear_ws/install/clearpath_manipulators/share/clearpath_manipulators/environment/path.dsv
[0.639s] -- Installing: /home/dinm/debug_clear_ws/install/clearpath_manipulators/share/clearpath_manipulators/local_setup.bash
[0.639s] -- Installing: /home/dinm/debug_clear_ws/install/clearpath_manipulators/share/clearpath_manipulators/local_setup.sh
[0.639s] -- Installing: /home/dinm/debug_clear_ws/install/clearpath_manipulators/share/clearpath_manipulators/local_setup.zsh
[0.640s] -- Installing: /home/dinm/debug_clear_ws/install/clearpath_manipulators/share/clearpath_manipulators/local_setup.dsv
[0.640s] -- Installing: /home/dinm/debug_clear_ws/install/clearpath_manipulators/share/clearpath_manipulators/package.dsv
[0.640s] -- Installing: /home/dinm/debug_clear_ws/install/clearpath_manipulators/share/ament_index/resource_index/packages/clearpath_manipulators
[0.640s] -- Installing: /home/dinm/debug_clear_ws/install/clearpath_manipulators/share/clearpath_manipulators/cmake/clearpath_manipulatorsConfig.cmake
[0.640s] -- Installing: /home/dinm/debug_clear_ws/install/clearpath_manipulators/share/clearpath_manipulators/cmake/clearpath_manipulatorsConfig-version.cmake
[0.640s] -- Installing: /home/dinm/debug_clear_ws/install/clearpath_manipulators/share/clearpath_manipulators/package.xml
[0.643s] Invoked command in '/home/dinm/debug_clear_ws/build/clearpath_manipulators' returned '0': CMAKE_PREFIX_PATH=/home/dinm/debug_clear_ws/install/clearpath_manipulators_description:/home/dinm/debug_clear_ws/install/clearpath_simulator:/home/dinm/debug_clear_ws/install/clearpath_gz:/home/dinm/debug_clear_ws/install/clearpath_generator_gz:/home/dinm/debug_clear_ws/install/clearpath_common:/home/dinm/debug_clear_ws/install/clearpath_generator_common:/home/dinm/debug_clear_ws/install/clearpath_description:/home/dinm/debug_clear_ws/install/clearpath_sensors_description:/home/dinm/debug_clear_ws/install/clearpath_platform:/home/dinm/debug_clear_ws/install/clearpath_msgs:/home/dinm/debug_clear_ws/install/clearpath_platform_msgs:/home/dinm/debug_clear_ws/install/clearpath_platform_description:/home/dinm/debug_clear_ws/install/clearpath_mounts_description:/home/dinm/debug_clear_ws/install/clearpath_manipulators:/home/dinm/debug_clear_ws/install/clearpath_customization:/home/dinm/debug_clear_ws/install/clearpath_control:/home/dinm/debug_clear_ws/install/clearpath_config:/opt/ros/humble /usr/bin/cmake --install /home/dinm/debug_clear_ws/build/clearpath_manipulators
