[  0%] Built target clearpath_platform_msgs__cpp
[ 12%] Built target clearpath_platform_msgs__rosidl_generator_c
[ 12%] Built target ament_cmake_python_copy_clearpath_platform_msgs
[ 24%] Built target clearpath_platform_msgs__rosidl_typesupport_cpp
[ 36%] Built target clearpath_platform_msgs__rosidl_typesupport_fastrtps_cpp
[ 47%] Built target clearpath_platform_msgs__rosidl_typesupport_introspection_cpp
[ 58%] Built target clearpath_platform_msgs__rosidl_typesupport_c
[ 70%] Built target clearpath_platform_msgs__rosidl_typesupport_introspection_c
[ 82%] Built target clearpath_platform_msgs__rosidl_typesupport_fastrtps_c
[ 82%] Built target clearpath_platform_msgs
[ 83%] Built target clearpath_platform_msgs__py
[ 94%] Built target clearpath_platform_msgs__rosidl_generator_py
[ 96%] Built target clearpath_platform_msgs__rosidl_typesupport_c__pyext
[ 98%] Built target clearpath_platform_msgs__rosidl_typesupport_fastrtps_c__pyext
[100%] Built target clearpath_platform_msgs__rosidl_typesupport_introspection_c__pyext
running egg_info
writing clearpath_platform_msgs.egg-info/PKG-INFO
writing dependency_links to clearpath_platform_msgs.egg-info/dependency_links.txt
writing top-level names to clearpath_platform_msgs.egg-info/top_level.txt
reading manifest file 'clearpath_platform_msgs.egg-info/SOURCES.txt'
writing manifest file 'clearpath_platform_msgs.egg-info/SOURCES.txt'
[100%] Built target ament_cmake_python_build_clearpath_platform_msgs_egg
-- Install configuration: ""
-- Up-to-date: /home/dinm/debug_clear_ws/install/clearpath_platform_msgs/share/ament_index/resource_index/rosidl_interfaces/clearpath_platform_msgs
-- Up-to-date: /home/dinm/debug_clear_ws/install/clearpath_platform_msgs/include/clearpath_platform_msgs/clearpath_platform_msgs
-- Up-to-date: /home/dinm/debug_clear_ws/install/clearpath_platform_msgs/include/clearpath_platform_msgs/clearpath_platform_msgs/msg
-- Up-to-date: /home/dinm/debug_clear_ws/install/clearpath_platform_msgs/include/clearpath_platform_msgs/clearpath_platform_msgs/msg/drive_feedback.h
-- Up-to-date: /home/dinm/debug_clear_ws/install/clearpath_platform_msgs/include/clearpath_platform_msgs/clearpath_platform_msgs/msg/detail
-- Up-to-date: /home/dinm/debug_clear_ws/install/clearpath_platform_msgs/include/clearpath_platform_msgs/clearpath_platform_msgs/msg/detail/lights__type_support.h
-- Up-to-date: /home/dinm/debug_clear_ws/install/clearpath_platform_msgs/include/clearpath_platform_msgs/clearpath_platform_msgs/msg/detail/stop_status__functions.c
-- Up-to-date: /home/dinm/debug_clear_ws/install/clearpath_platform_msgs/include/clearpath_platform_msgs/clearpath_platform_msgs/msg/detail/drive_feedback__type_support.h
-- Up-to-date: /home/dinm/debug_clear_ws/install/clearpath_platform_msgs/include/clearpath_platform_msgs/clearpath_platform_msgs/msg/detail/power__functions.c
-- Up-to-date: /home/dinm/debug_clear_ws/install/clearpath_platform_msgs/include/clearpath_platform_msgs/clearpath_platform_msgs/msg/detail/rgb__functions.h
-- Up-to-date: /home/dinm/debug_clear_ws/install/clearpath_platform_msgs/include/clearpath_platform_msgs/clearpath_platform_msgs/msg/detail/status__functions.h
-- Up-to-date: /home/dinm/debug_clear_ws/install/clearpath_platform_msgs/include/clearpath_platform_msgs/clearpath_platform_msgs/msg/detail/power__struct.h
-- Up-to-date: /home/dinm/debug_clear_ws/install/clearpath_platform_msgs/include/clearpath_platform_msgs/clearpath_platform_msgs/msg/detail/drive__type_support.h
-- Up-to-date: /home/dinm/debug_clear_ws/install/clearpath_platform_msgs/include/clearpath_platform_msgs/clearpath_platform_msgs/msg/detail/drive_feedback__struct.h
-- Up-to-date: /home/dinm/debug_clear_ws/install/clearpath_platform_msgs/include/clearpath_platform_msgs/clearpath_platform_msgs/msg/detail/power__functions.h
-- Up-to-date: /home/dinm/debug_clear_ws/install/clearpath_platform_msgs/include/clearpath_platform_msgs/clearpath_platform_msgs/msg/detail/rgb__struct.h
-- Up-to-date: /home/dinm/debug_clear_ws/install/clearpath_platform_msgs/include/clearpath_platform_msgs/clearpath_platform_msgs/msg/detail/lights__functions.h
-- Up-to-date: /home/dinm/debug_clear_ws/install/clearpath_platform_msgs/include/clearpath_platform_msgs/clearpath_platform_msgs/msg/detail/fans__functions.h
-- Up-to-date: /home/dinm/debug_clear_ws/install/clearpath_platform_msgs/include/clearpath_platform_msgs/clearpath_platform_msgs/msg/detail/feedback__functions.h
-- Up-to-date: /home/dinm/debug_clear_ws/install/clearpath_platform_msgs/include/clearpath_platform_msgs/clearpath_platform_msgs/msg/detail/rgb__type_support.h
-- Up-to-date: /home/dinm/debug_clear_ws/install/clearpath_platform_msgs/include/clearpath_platform_msgs/clearpath_platform_msgs/msg/detail/stop_status__type_support.h
-- Up-to-date: /home/dinm/debug_clear_ws/install/clearpath_platform_msgs/include/clearpath_platform_msgs/clearpath_platform_msgs/msg/detail/drive__struct.h
-- Up-to-date: /home/dinm/debug_clear_ws/install/clearpath_platform_msgs/include/clearpath_platform_msgs/clearpath_platform_msgs/msg/detail/rgb__functions.c
-- Up-to-date: /home/dinm/debug_clear_ws/install/clearpath_platform_msgs/include/clearpath_platform_msgs/clearpath_platform_msgs/msg/detail/feedback__functions.c
-- Up-to-date: /home/dinm/debug_clear_ws/install/clearpath_platform_msgs/include/clearpath_platform_msgs/clearpath_platform_msgs/msg/detail/feedback__struct.h
-- Up-to-date: /home/dinm/debug_clear_ws/install/clearpath_platform_msgs/include/clearpath_platform_msgs/clearpath_platform_msgs/msg/detail/stop_status__struct.h
-- Up-to-date: /home/dinm/debug_clear_ws/install/clearpath_platform_msgs/include/clearpath_platform_msgs/clearpath_platform_msgs/msg/detail/drive__functions.c
-- Up-to-date: /home/dinm/debug_clear_ws/install/clearpath_platform_msgs/include/clearpath_platform_msgs/clearpath_platform_msgs/msg/detail/stop_status__functions.h
-- Up-to-date: /home/dinm/debug_clear_ws/install/clearpath_platform_msgs/include/clearpath_platform_msgs/clearpath_platform_msgs/msg/detail/power__type_support.h
-- Up-to-date: /home/dinm/debug_clear_ws/install/clearpath_platform_msgs/include/clearpath_platform_msgs/clearpath_platform_msgs/msg/detail/drive_feedback__functions.h
-- Up-to-date: /home/dinm/debug_clear_ws/install/clearpath_platform_msgs/include/clearpath_platform_msgs/clearpath_platform_msgs/msg/detail/drive_feedback__functions.c
-- Up-to-date: /home/dinm/debug_clear_ws/install/clearpath_platform_msgs/include/clearpath_platform_msgs/clearpath_platform_msgs/msg/detail/fans__struct.h
-- Up-to-date: /home/dinm/debug_clear_ws/install/clearpath_platform_msgs/include/clearpath_platform_msgs/clearpath_platform_msgs/msg/detail/feedback__type_support.h
-- Up-to-date: /home/dinm/debug_clear_ws/install/clearpath_platform_msgs/include/clearpath_platform_msgs/clearpath_platform_msgs/msg/detail/drive__functions.h
-- Up-to-date: /home/dinm/debug_clear_ws/install/clearpath_platform_msgs/include/clearpath_platform_msgs/clearpath_platform_msgs/msg/detail/lights__struct.h
-- Up-to-date: /home/dinm/debug_clear_ws/install/clearpath_platform_msgs/include/clearpath_platform_msgs/clearpath_platform_msgs/msg/detail/status__struct.h
-- Up-to-date: /home/dinm/debug_clear_ws/install/clearpath_platform_msgs/include/clearpath_platform_msgs/clearpath_platform_msgs/msg/detail/status__functions.c
-- Up-to-date: /home/dinm/debug_clear_ws/install/clearpath_platform_msgs/include/clearpath_platform_msgs/clearpath_platform_msgs/msg/detail/fans__functions.c
-- Up-to-date: /home/dinm/debug_clear_ws/install/clearpath_platform_msgs/include/clearpath_platform_msgs/clearpath_platform_msgs/msg/detail/fans__type_support.h
-- Up-to-date: /home/dinm/debug_clear_ws/install/clearpath_platform_msgs/include/clearpath_platform_msgs/clearpath_platform_msgs/msg/detail/lights__functions.c
-- Up-to-date: /home/dinm/debug_clear_ws/install/clearpath_platform_msgs/include/clearpath_platform_msgs/clearpath_platform_msgs/msg/detail/status__type_support.h
-- Up-to-date: /home/dinm/debug_clear_ws/install/clearpath_platform_msgs/include/clearpath_platform_msgs/clearpath_platform_msgs/msg/power.h
-- Up-to-date: /home/dinm/debug_clear_ws/install/clearpath_platform_msgs/include/clearpath_platform_msgs/clearpath_platform_msgs/msg/status.h
-- Up-to-date: /home/dinm/debug_clear_ws/install/clearpath_platform_msgs/include/clearpath_platform_msgs/clearpath_platform_msgs/msg/rgb.h
-- Up-to-date: /home/dinm/debug_clear_ws/install/clearpath_platform_msgs/include/clearpath_platform_msgs/clearpath_platform_msgs/msg/drive.h
-- Up-to-date: /home/dinm/debug_clear_ws/install/clearpath_platform_msgs/include/clearpath_platform_msgs/clearpath_platform_msgs/msg/rosidl_generator_c__visibility_control.h
-- Up-to-date: /home/dinm/debug_clear_ws/install/clearpath_platform_msgs/include/clearpath_platform_msgs/clearpath_platform_msgs/msg/stop_status.h
-- Up-to-date: /home/dinm/debug_clear_ws/install/clearpath_platform_msgs/include/clearpath_platform_msgs/clearpath_platform_msgs/msg/feedback.h
-- Up-to-date: /home/dinm/debug_clear_ws/install/clearpath_platform_msgs/include/clearpath_platform_msgs/clearpath_platform_msgs/msg/lights.h
-- Up-to-date: /home/dinm/debug_clear_ws/install/clearpath_platform_msgs/include/clearpath_platform_msgs/clearpath_platform_msgs/msg/fans.h
-- Up-to-date: /home/dinm/debug_clear_ws/install/clearpath_platform_msgs/include/clearpath_platform_msgs/clearpath_platform_msgs/srv
-- Up-to-date: /home/dinm/debug_clear_ws/install/clearpath_platform_msgs/include/clearpath_platform_msgs/clearpath_platform_msgs/srv/detail
-- Up-to-date: /home/dinm/debug_clear_ws/install/clearpath_platform_msgs/include/clearpath_platform_msgs/clearpath_platform_msgs/srv/detail/configure_mcu__functions.c
-- Up-to-date: /home/dinm/debug_clear_ws/install/clearpath_platform_msgs/include/clearpath_platform_msgs/clearpath_platform_msgs/srv/detail/configure_mcu__type_support.h
-- Up-to-date: /home/dinm/debug_clear_ws/install/clearpath_platform_msgs/include/clearpath_platform_msgs/clearpath_platform_msgs/srv/detail/configure_mcu__struct.h
-- Up-to-date: /home/dinm/debug_clear_ws/install/clearpath_platform_msgs/include/clearpath_platform_msgs/clearpath_platform_msgs/srv/detail/configure_mcu__functions.h
-- Up-to-date: /home/dinm/debug_clear_ws/install/clearpath_platform_msgs/include/clearpath_platform_msgs/clearpath_platform_msgs/srv/configure_mcu.h
-- Up-to-date: /home/dinm/debug_clear_ws/install/clearpath_platform_msgs/share/clearpath_platform_msgs/environment/library_path.sh
-- Up-to-date: /home/dinm/debug_clear_ws/install/clearpath_platform_msgs/share/clearpath_platform_msgs/environment/library_path.dsv
-- Up-to-date: /home/dinm/debug_clear_ws/install/clearpath_platform_msgs/lib/libclearpath_platform_msgs__rosidl_generator_c.so
-- Up-to-date: /home/dinm/debug_clear_ws/install/clearpath_platform_msgs/include/clearpath_platform_msgs/clearpath_platform_msgs
-- Up-to-date: /home/dinm/debug_clear_ws/install/clearpath_platform_msgs/include/clearpath_platform_msgs/clearpath_platform_msgs/msg
-- Up-to-date: /home/dinm/debug_clear_ws/install/clearpath_platform_msgs/include/clearpath_platform_msgs/clearpath_platform_msgs/msg/detail
-- Up-to-date: /home/dinm/debug_clear_ws/install/clearpath_platform_msgs/include/clearpath_platform_msgs/clearpath_platform_msgs/msg/detail/stop_status__rosidl_typesupport_fastrtps_c.h
-- Up-to-date: /home/dinm/debug_clear_ws/install/clearpath_platform_msgs/include/clearpath_platform_msgs/clearpath_platform_msgs/msg/detail/status__rosidl_typesupport_fastrtps_c.h
-- Up-to-date: /home/dinm/debug_clear_ws/install/clearpath_platform_msgs/include/clearpath_platform_msgs/clearpath_platform_msgs/msg/detail/drive_feedback__rosidl_typesupport_fastrtps_c.h
-- Up-to-date: /home/dinm/debug_clear_ws/install/clearpath_platform_msgs/include/clearpath_platform_msgs/clearpath_platform_msgs/msg/detail/feedback__rosidl_typesupport_fastrtps_c.h
-- Up-to-date: /home/dinm/debug_clear_ws/install/clearpath_platform_msgs/include/clearpath_platform_msgs/clearpath_platform_msgs/msg/detail/drive__rosidl_typesupport_fastrtps_c.h
-- Up-to-date: /home/dinm/debug_clear_ws/install/clearpath_platform_msgs/include/clearpath_platform_msgs/clearpath_platform_msgs/msg/detail/fans__rosidl_typesupport_fastrtps_c.h
-- Up-to-date: /home/dinm/debug_clear_ws/install/clearpath_platform_msgs/include/clearpath_platform_msgs/clearpath_platform_msgs/msg/detail/lights__rosidl_typesupport_fastrtps_c.h
-- Up-to-date: /home/dinm/debug_clear_ws/install/clearpath_platform_msgs/include/clearpath_platform_msgs/clearpath_platform_msgs/msg/detail/power__rosidl_typesupport_fastrtps_c.h
-- Up-to-date: /home/dinm/debug_clear_ws/install/clearpath_platform_msgs/include/clearpath_platform_msgs/clearpath_platform_msgs/msg/detail/rgb__rosidl_typesupport_fastrtps_c.h
-- Up-to-date: /home/dinm/debug_clear_ws/install/clearpath_platform_msgs/include/clearpath_platform_msgs/clearpath_platform_msgs/msg/rosidl_typesupport_fastrtps_c__visibility_control.h
-- Up-to-date: /home/dinm/debug_clear_ws/install/clearpath_platform_msgs/include/clearpath_platform_msgs/clearpath_platform_msgs/srv
-- Up-to-date: /home/dinm/debug_clear_ws/install/clearpath_platform_msgs/include/clearpath_platform_msgs/clearpath_platform_msgs/srv/detail
-- Up-to-date: /home/dinm/debug_clear_ws/install/clearpath_platform_msgs/include/clearpath_platform_msgs/clearpath_platform_msgs/srv/detail/configure_mcu__rosidl_typesupport_fastrtps_c.h
-- Up-to-date: /home/dinm/debug_clear_ws/install/clearpath_platform_msgs/lib/libclearpath_platform_msgs__rosidl_typesupport_fastrtps_c.so
-- Up-to-date: /home/dinm/debug_clear_ws/install/clearpath_platform_msgs/include/clearpath_platform_msgs/clearpath_platform_msgs
-- Up-to-date: /home/dinm/debug_clear_ws/install/clearpath_platform_msgs/include/clearpath_platform_msgs/clearpath_platform_msgs/msg
-- Up-to-date: /home/dinm/debug_clear_ws/install/clearpath_platform_msgs/include/clearpath_platform_msgs/clearpath_platform_msgs/msg/detail
-- Up-to-date: /home/dinm/debug_clear_ws/install/clearpath_platform_msgs/include/clearpath_platform_msgs/clearpath_platform_msgs/msg/detail/drive__struct.hpp
-- Up-to-date: /home/dinm/debug_clear_ws/install/clearpath_platform_msgs/include/clearpath_platform_msgs/clearpath_platform_msgs/msg/detail/fans__builder.hpp
-- Up-to-date: /home/dinm/debug_clear_ws/install/clearpath_platform_msgs/include/clearpath_platform_msgs/clearpath_platform_msgs/msg/detail/status__struct.hpp
-- Up-to-date: /home/dinm/debug_clear_ws/install/clearpath_platform_msgs/include/clearpath_platform_msgs/clearpath_platform_msgs/msg/detail/stop_status__traits.hpp
-- Up-to-date: /home/dinm/debug_clear_ws/install/clearpath_platform_msgs/include/clearpath_platform_msgs/clearpath_platform_msgs/msg/detail/fans__struct.hpp
-- Up-to-date: /home/dinm/debug_clear_ws/install/clearpath_platform_msgs/include/clearpath_platform_msgs/clearpath_platform_msgs/msg/detail/drive_feedback__builder.hpp
-- Up-to-date: /home/dinm/debug_clear_ws/install/clearpath_platform_msgs/include/clearpath_platform_msgs/clearpath_platform_msgs/msg/detail/rgb__builder.hpp
-- Up-to-date: /home/dinm/debug_clear_ws/install/clearpath_platform_msgs/include/clearpath_platform_msgs/clearpath_platform_msgs/msg/detail/drive__traits.hpp
-- Up-to-date: /home/dinm/debug_clear_ws/install/clearpath_platform_msgs/include/clearpath_platform_msgs/clearpath_platform_msgs/msg/detail/power__builder.hpp
-- Up-to-date: /home/dinm/debug_clear_ws/install/clearpath_platform_msgs/include/clearpath_platform_msgs/clearpath_platform_msgs/msg/detail/stop_status__struct.hpp
-- Up-to-date: /home/dinm/debug_clear_ws/install/clearpath_platform_msgs/include/clearpath_platform_msgs/clearpath_platform_msgs/msg/detail/feedback__traits.hpp
-- Up-to-date: /home/dinm/debug_clear_ws/install/clearpath_platform_msgs/include/clearpath_platform_msgs/clearpath_platform_msgs/msg/detail/status__builder.hpp
-- Up-to-date: /home/dinm/debug_clear_ws/install/clearpath_platform_msgs/include/clearpath_platform_msgs/clearpath_platform_msgs/msg/detail/lights__traits.hpp
-- Up-to-date: /home/dinm/debug_clear_ws/install/clearpath_platform_msgs/include/clearpath_platform_msgs/clearpath_platform_msgs/msg/detail/fans__traits.hpp
-- Up-to-date: /home/dinm/debug_clear_ws/install/clearpath_platform_msgs/include/clearpath_platform_msgs/clearpath_platform_msgs/msg/detail/rgb__struct.hpp
-- Up-to-date: /home/dinm/debug_clear_ws/install/clearpath_platform_msgs/include/clearpath_platform_msgs/clearpath_platform_msgs/msg/detail/status__traits.hpp
-- Up-to-date: /home/dinm/debug_clear_ws/install/clearpath_platform_msgs/include/clearpath_platform_msgs/clearpath_platform_msgs/msg/detail/feedback__struct.hpp
-- Up-to-date: /home/dinm/debug_clear_ws/install/clearpath_platform_msgs/include/clearpath_platform_msgs/clearpath_platform_msgs/msg/detail/drive_feedback__struct.hpp
-- Up-to-date: /home/dinm/debug_clear_ws/install/clearpath_platform_msgs/include/clearpath_platform_msgs/clearpath_platform_msgs/msg/detail/feedback__builder.hpp
-- Up-to-date: /home/dinm/debug_clear_ws/install/clearpath_platform_msgs/include/clearpath_platform_msgs/clearpath_platform_msgs/msg/detail/stop_status__builder.hpp
-- Up-to-date: /home/dinm/debug_clear_ws/install/clearpath_platform_msgs/include/clearpath_platform_msgs/clearpath_platform_msgs/msg/detail/lights__struct.hpp
-- Up-to-date: /home/dinm/debug_clear_ws/install/clearpath_platform_msgs/include/clearpath_platform_msgs/clearpath_platform_msgs/msg/detail/drive_feedback__traits.hpp
-- Up-to-date: /home/dinm/debug_clear_ws/install/clearpath_platform_msgs/include/clearpath_platform_msgs/clearpath_platform_msgs/msg/detail/lights__builder.hpp
-- Up-to-date: /home/dinm/debug_clear_ws/install/clearpath_platform_msgs/include/clearpath_platform_msgs/clearpath_platform_msgs/msg/detail/drive__builder.hpp
-- Up-to-date: /home/dinm/debug_clear_ws/install/clearpath_platform_msgs/include/clearpath_platform_msgs/clearpath_platform_msgs/msg/detail/rgb__traits.hpp
-- Up-to-date: /home/dinm/debug_clear_ws/install/clearpath_platform_msgs/include/clearpath_platform_msgs/clearpath_platform_msgs/msg/detail/power__struct.hpp
-- Up-to-date: /home/dinm/debug_clear_ws/install/clearpath_platform_msgs/include/clearpath_platform_msgs/clearpath_platform_msgs/msg/detail/power__traits.hpp
-- Up-to-date: /home/dinm/debug_clear_ws/install/clearpath_platform_msgs/include/clearpath_platform_msgs/clearpath_platform_msgs/msg/lights.hpp
-- Up-to-date: /home/dinm/debug_clear_ws/install/clearpath_platform_msgs/include/clearpath_platform_msgs/clearpath_platform_msgs/msg/stop_status.hpp
-- Up-to-date: /home/dinm/debug_clear_ws/install/clearpath_platform_msgs/include/clearpath_platform_msgs/clearpath_platform_msgs/msg/fans.hpp
-- Up-to-date: /home/dinm/debug_clear_ws/install/clearpath_platform_msgs/include/clearpath_platform_msgs/clearpath_platform_msgs/msg/drive.hpp
-- Up-to-date: /home/dinm/debug_clear_ws/install/clearpath_platform_msgs/include/clearpath_platform_msgs/clearpath_platform_msgs/msg/feedback.hpp
-- Up-to-date: /home/dinm/debug_clear_ws/install/clearpath_platform_msgs/include/clearpath_platform_msgs/clearpath_platform_msgs/msg/rgb.hpp
-- Up-to-date: /home/dinm/debug_clear_ws/install/clearpath_platform_msgs/include/clearpath_platform_msgs/clearpath_platform_msgs/msg/drive_feedback.hpp
-- Up-to-date: /home/dinm/debug_clear_ws/install/clearpath_platform_msgs/include/clearpath_platform_msgs/clearpath_platform_msgs/msg/power.hpp
-- Up-to-date: /home/dinm/debug_clear_ws/install/clearpath_platform_msgs/include/clearpath_platform_msgs/clearpath_platform_msgs/msg/status.hpp
-- Up-to-date: /home/dinm/debug_clear_ws/install/clearpath_platform_msgs/include/clearpath_platform_msgs/clearpath_platform_msgs/srv
-- Up-to-date: /home/dinm/debug_clear_ws/install/clearpath_platform_msgs/include/clearpath_platform_msgs/clearpath_platform_msgs/srv/detail
-- Up-to-date: /home/dinm/debug_clear_ws/install/clearpath_platform_msgs/include/clearpath_platform_msgs/clearpath_platform_msgs/srv/detail/configure_mcu__builder.hpp
-- Up-to-date: /home/dinm/debug_clear_ws/install/clearpath_platform_msgs/include/clearpath_platform_msgs/clearpath_platform_msgs/srv/detail/configure_mcu__traits.hpp
-- Up-to-date: /home/dinm/debug_clear_ws/install/clearpath_platform_msgs/include/clearpath_platform_msgs/clearpath_platform_msgs/srv/detail/configure_mcu__struct.hpp
-- Up-to-date: /home/dinm/debug_clear_ws/install/clearpath_platform_msgs/include/clearpath_platform_msgs/clearpath_platform_msgs/srv/configure_mcu.hpp
-- Up-to-date: /home/dinm/debug_clear_ws/install/clearpath_platform_msgs/include/clearpath_platform_msgs/clearpath_platform_msgs
-- Up-to-date: /home/dinm/debug_clear_ws/install/clearpath_platform_msgs/include/clearpath_platform_msgs/clearpath_platform_msgs/msg
-- Up-to-date: /home/dinm/debug_clear_ws/install/clearpath_platform_msgs/include/clearpath_platform_msgs/clearpath_platform_msgs/msg/detail
-- Up-to-date: /home/dinm/debug_clear_ws/install/clearpath_platform_msgs/include/clearpath_platform_msgs/clearpath_platform_msgs/msg/detail/feedback__rosidl_typesupport_fastrtps_cpp.hpp
-- Up-to-date: /home/dinm/debug_clear_ws/install/clearpath_platform_msgs/include/clearpath_platform_msgs/clearpath_platform_msgs/msg/detail/drive_feedback__rosidl_typesupport_fastrtps_cpp.hpp
-- Up-to-date: /home/dinm/debug_clear_ws/install/clearpath_platform_msgs/include/clearpath_platform_msgs/clearpath_platform_msgs/msg/detail/dds_fastrtps
-- Up-to-date: /home/dinm/debug_clear_ws/install/clearpath_platform_msgs/include/clearpath_platform_msgs/clearpath_platform_msgs/msg/detail/fans__rosidl_typesupport_fastrtps_cpp.hpp
-- Up-to-date: /home/dinm/debug_clear_ws/install/clearpath_platform_msgs/include/clearpath_platform_msgs/clearpath_platform_msgs/msg/detail/stop_status__rosidl_typesupport_fastrtps_cpp.hpp
-- Up-to-date: /home/dinm/debug_clear_ws/install/clearpath_platform_msgs/include/clearpath_platform_msgs/clearpath_platform_msgs/msg/detail/status__rosidl_typesupport_fastrtps_cpp.hpp
-- Up-to-date: /home/dinm/debug_clear_ws/install/clearpath_platform_msgs/include/clearpath_platform_msgs/clearpath_platform_msgs/msg/detail/lights__rosidl_typesupport_fastrtps_cpp.hpp
-- Up-to-date: /home/dinm/debug_clear_ws/install/clearpath_platform_msgs/include/clearpath_platform_msgs/clearpath_platform_msgs/msg/detail/drive__rosidl_typesupport_fastrtps_cpp.hpp
-- Up-to-date: /home/dinm/debug_clear_ws/install/clearpath_platform_msgs/include/clearpath_platform_msgs/clearpath_platform_msgs/msg/detail/rgb__rosidl_typesupport_fastrtps_cpp.hpp
-- Up-to-date: /home/dinm/debug_clear_ws/install/clearpath_platform_msgs/include/clearpath_platform_msgs/clearpath_platform_msgs/msg/detail/power__rosidl_typesupport_fastrtps_cpp.hpp
-- Up-to-date: /home/dinm/debug_clear_ws/install/clearpath_platform_msgs/include/clearpath_platform_msgs/clearpath_platform_msgs/msg/rosidl_typesupport_fastrtps_cpp__visibility_control.h
-- Up-to-date: /home/dinm/debug_clear_ws/install/clearpath_platform_msgs/include/clearpath_platform_msgs/clearpath_platform_msgs/srv
-- Up-to-date: /home/dinm/debug_clear_ws/install/clearpath_platform_msgs/include/clearpath_platform_msgs/clearpath_platform_msgs/srv/detail
-- Up-to-date: /home/dinm/debug_clear_ws/install/clearpath_platform_msgs/include/clearpath_platform_msgs/clearpath_platform_msgs/srv/detail/dds_fastrtps
-- Up-to-date: /home/dinm/debug_clear_ws/install/clearpath_platform_msgs/include/clearpath_platform_msgs/clearpath_platform_msgs/srv/detail/configure_mcu__rosidl_typesupport_fastrtps_cpp.hpp
-- Up-to-date: /home/dinm/debug_clear_ws/install/clearpath_platform_msgs/lib/libclearpath_platform_msgs__rosidl_typesupport_fastrtps_cpp.so
-- Up-to-date: /home/dinm/debug_clear_ws/install/clearpath_platform_msgs/include/clearpath_platform_msgs/clearpath_platform_msgs
-- Up-to-date: /home/dinm/debug_clear_ws/install/clearpath_platform_msgs/include/clearpath_platform_msgs/clearpath_platform_msgs/msg
-- Up-to-date: /home/dinm/debug_clear_ws/install/clearpath_platform_msgs/include/clearpath_platform_msgs/clearpath_platform_msgs/msg/detail
-- Up-to-date: /home/dinm/debug_clear_ws/install/clearpath_platform_msgs/include/clearpath_platform_msgs/clearpath_platform_msgs/msg/detail/power__type_support.c
-- Up-to-date: /home/dinm/debug_clear_ws/install/clearpath_platform_msgs/include/clearpath_platform_msgs/clearpath_platform_msgs/msg/detail/stop_status__rosidl_typesupport_introspection_c.h
-- Up-to-date: /home/dinm/debug_clear_ws/install/clearpath_platform_msgs/include/clearpath_platform_msgs/clearpath_platform_msgs/msg/detail/feedback__type_support.c
-- Up-to-date: /home/dinm/debug_clear_ws/install/clearpath_platform_msgs/include/clearpath_platform_msgs/clearpath_platform_msgs/msg/detail/drive_feedback__rosidl_typesupport_introspection_c.h
-- Up-to-date: /home/dinm/debug_clear_ws/install/clearpath_platform_msgs/include/clearpath_platform_msgs/clearpath_platform_msgs/msg/detail/drive__type_support.c
-- Up-to-date: /home/dinm/debug_clear_ws/install/clearpath_platform_msgs/include/clearpath_platform_msgs/clearpath_platform_msgs/msg/detail/status__rosidl_typesupport_introspection_c.h
-- Up-to-date: /home/dinm/debug_clear_ws/install/clearpath_platform_msgs/include/clearpath_platform_msgs/clearpath_platform_msgs/msg/detail/feedback__rosidl_typesupport_introspection_c.h
-- Up-to-date: /home/dinm/debug_clear_ws/install/clearpath_platform_msgs/include/clearpath_platform_msgs/clearpath_platform_msgs/msg/detail/rgb__rosidl_typesupport_introspection_c.h
-- Up-to-date: /home/dinm/debug_clear_ws/install/clearpath_platform_msgs/include/clearpath_platform_msgs/clearpath_platform_msgs/msg/detail/rgb__type_support.c
-- Up-to-date: /home/dinm/debug_clear_ws/install/clearpath_platform_msgs/include/clearpath_platform_msgs/clearpath_platform_msgs/msg/detail/lights__rosidl_typesupport_introspection_c.h
-- Up-to-date: /home/dinm/debug_clear_ws/install/clearpath_platform_msgs/include/clearpath_platform_msgs/clearpath_platform_msgs/msg/detail/fans__type_support.c
-- Up-to-date: /home/dinm/debug_clear_ws/install/clearpath_platform_msgs/include/clearpath_platform_msgs/clearpath_platform_msgs/msg/detail/power__rosidl_typesupport_introspection_c.h
-- Up-to-date: /home/dinm/debug_clear_ws/install/clearpath_platform_msgs/include/clearpath_platform_msgs/clearpath_platform_msgs/msg/detail/fans__rosidl_typesupport_introspection_c.h
-- Up-to-date: /home/dinm/debug_clear_ws/install/clearpath_platform_msgs/include/clearpath_platform_msgs/clearpath_platform_msgs/msg/detail/status__type_support.c
-- Up-to-date: /home/dinm/debug_clear_ws/install/clearpath_platform_msgs/include/clearpath_platform_msgs/clearpath_platform_msgs/msg/detail/drive__rosidl_typesupport_introspection_c.h
-- Up-to-date: /home/dinm/debug_clear_ws/install/clearpath_platform_msgs/include/clearpath_platform_msgs/clearpath_platform_msgs/msg/detail/stop_status__type_support.c
-- Up-to-date: /home/dinm/debug_clear_ws/install/clearpath_platform_msgs/include/clearpath_platform_msgs/clearpath_platform_msgs/msg/detail/drive_feedback__type_support.c
-- Up-to-date: /home/dinm/debug_clear_ws/install/clearpath_platform_msgs/include/clearpath_platform_msgs/clearpath_platform_msgs/msg/detail/lights__type_support.c
-- Up-to-date: /home/dinm/debug_clear_ws/install/clearpath_platform_msgs/include/clearpath_platform_msgs/clearpath_platform_msgs/msg/rosidl_typesupport_introspection_c__visibility_control.h
-- Up-to-date: /home/dinm/debug_clear_ws/install/clearpath_platform_msgs/include/clearpath_platform_msgs/clearpath_platform_msgs/srv
-- Up-to-date: /home/dinm/debug_clear_ws/install/clearpath_platform_msgs/include/clearpath_platform_msgs/clearpath_platform_msgs/srv/detail
-- Up-to-date: /home/dinm/debug_clear_ws/install/clearpath_platform_msgs/include/clearpath_platform_msgs/clearpath_platform_msgs/srv/detail/configure_mcu__type_support.c
-- Up-to-date: /home/dinm/debug_clear_ws/install/clearpath_platform_msgs/include/clearpath_platform_msgs/clearpath_platform_msgs/srv/detail/configure_mcu__rosidl_typesupport_introspection_c.h
-- Up-to-date: /home/dinm/debug_clear_ws/install/clearpath_platform_msgs/lib/libclearpath_platform_msgs__rosidl_typesupport_introspection_c.so
-- Up-to-date: /home/dinm/debug_clear_ws/install/clearpath_platform_msgs/lib/libclearpath_platform_msgs__rosidl_typesupport_c.so
-- Up-to-date: /home/dinm/debug_clear_ws/install/clearpath_platform_msgs/include/clearpath_platform_msgs/clearpath_platform_msgs
-- Up-to-date: /home/dinm/debug_clear_ws/install/clearpath_platform_msgs/include/clearpath_platform_msgs/clearpath_platform_msgs/msg
-- Up-to-date: /home/dinm/debug_clear_ws/install/clearpath_platform_msgs/include/clearpath_platform_msgs/clearpath_platform_msgs/msg/detail
-- Up-to-date: /home/dinm/debug_clear_ws/install/clearpath_platform_msgs/include/clearpath_platform_msgs/clearpath_platform_msgs/msg/detail/feedback__type_support.cpp
-- Up-to-date: /home/dinm/debug_clear_ws/install/clearpath_platform_msgs/include/clearpath_platform_msgs/clearpath_platform_msgs/msg/detail/lights__rosidl_typesupport_introspection_cpp.hpp
-- Up-to-date: /home/dinm/debug_clear_ws/install/clearpath_platform_msgs/include/clearpath_platform_msgs/clearpath_platform_msgs/msg/detail/stop_status__rosidl_typesupport_introspection_cpp.hpp
-- Up-to-date: /home/dinm/debug_clear_ws/install/clearpath_platform_msgs/include/clearpath_platform_msgs/clearpath_platform_msgs/msg/detail/fans__rosidl_typesupport_introspection_cpp.hpp
-- Up-to-date: /home/dinm/debug_clear_ws/install/clearpath_platform_msgs/include/clearpath_platform_msgs/clearpath_platform_msgs/msg/detail/rgb__rosidl_typesupport_introspection_cpp.hpp
-- Up-to-date: /home/dinm/debug_clear_ws/install/clearpath_platform_msgs/include/clearpath_platform_msgs/clearpath_platform_msgs/msg/detail/status__rosidl_typesupport_introspection_cpp.hpp
-- Up-to-date: /home/dinm/debug_clear_ws/install/clearpath_platform_msgs/include/clearpath_platform_msgs/clearpath_platform_msgs/msg/detail/drive__rosidl_typesupport_introspection_cpp.hpp
-- Up-to-date: /home/dinm/debug_clear_ws/install/clearpath_platform_msgs/include/clearpath_platform_msgs/clearpath_platform_msgs/msg/detail/feedback__rosidl_typesupport_introspection_cpp.hpp
-- Up-to-date: /home/dinm/debug_clear_ws/install/clearpath_platform_msgs/include/clearpath_platform_msgs/clearpath_platform_msgs/msg/detail/drive_feedback__rosidl_typesupport_introspection_cpp.hpp
-- Up-to-date: /home/dinm/debug_clear_ws/install/clearpath_platform_msgs/include/clearpath_platform_msgs/clearpath_platform_msgs/msg/detail/rgb__type_support.cpp
-- Up-to-date: /home/dinm/debug_clear_ws/install/clearpath_platform_msgs/include/clearpath_platform_msgs/clearpath_platform_msgs/msg/detail/drive_feedback__type_support.cpp
-- Up-to-date: /home/dinm/debug_clear_ws/install/clearpath_platform_msgs/include/clearpath_platform_msgs/clearpath_platform_msgs/msg/detail/stop_status__type_support.cpp
-- Up-to-date: /home/dinm/debug_clear_ws/install/clearpath_platform_msgs/include/clearpath_platform_msgs/clearpath_platform_msgs/msg/detail/status__type_support.cpp
-- Up-to-date: /home/dinm/debug_clear_ws/install/clearpath_platform_msgs/include/clearpath_platform_msgs/clearpath_platform_msgs/msg/detail/drive__type_support.cpp
-- Up-to-date: /home/dinm/debug_clear_ws/install/clearpath_platform_msgs/include/clearpath_platform_msgs/clearpath_platform_msgs/msg/detail/lights__type_support.cpp
-- Up-to-date: /home/dinm/debug_clear_ws/install/clearpath_platform_msgs/include/clearpath_platform_msgs/clearpath_platform_msgs/msg/detail/power__type_support.cpp
-- Up-to-date: /home/dinm/debug_clear_ws/install/clearpath_platform_msgs/include/clearpath_platform_msgs/clearpath_platform_msgs/msg/detail/fans__type_support.cpp
-- Up-to-date: /home/dinm/debug_clear_ws/install/clearpath_platform_msgs/include/clearpath_platform_msgs/clearpath_platform_msgs/msg/detail/power__rosidl_typesupport_introspection_cpp.hpp
-- Up-to-date: /home/dinm/debug_clear_ws/install/clearpath_platform_msgs/include/clearpath_platform_msgs/clearpath_platform_msgs/srv
-- Up-to-date: /home/dinm/debug_clear_ws/install/clearpath_platform_msgs/include/clearpath_platform_msgs/clearpath_platform_msgs/srv/detail
-- Up-to-date: /home/dinm/debug_clear_ws/install/clearpath_platform_msgs/include/clearpath_platform_msgs/clearpath_platform_msgs/srv/detail/configure_mcu__type_support.cpp
-- Up-to-date: /home/dinm/debug_clear_ws/install/clearpath_platform_msgs/include/clearpath_platform_msgs/clearpath_platform_msgs/srv/detail/configure_mcu__rosidl_typesupport_introspection_cpp.hpp
-- Up-to-date: /home/dinm/debug_clear_ws/install/clearpath_platform_msgs/lib/libclearpath_platform_msgs__rosidl_typesupport_introspection_cpp.so
-- Up-to-date: /home/dinm/debug_clear_ws/install/clearpath_platform_msgs/lib/libclearpath_platform_msgs__rosidl_typesupport_cpp.so
-- Up-to-date: /home/dinm/debug_clear_ws/install/clearpath_platform_msgs/share/clearpath_platform_msgs/environment/pythonpath.sh
-- Up-to-date: /home/dinm/debug_clear_ws/install/clearpath_platform_msgs/share/clearpath_platform_msgs/environment/pythonpath.dsv
-- Up-to-date: /home/dinm/debug_clear_ws/install/clearpath_platform_msgs/local/lib/python3.10/dist-packages/clearpath_platform_msgs-0.2.0-py3.10.egg-info
-- Installing: /home/dinm/debug_clear_ws/install/clearpath_platform_msgs/local/lib/python3.10/dist-packages/clearpath_platform_msgs-0.2.0-py3.10.egg-info/dependency_links.txt
-- Installing: /home/dinm/debug_clear_ws/install/clearpath_platform_msgs/local/lib/python3.10/dist-packages/clearpath_platform_msgs-0.2.0-py3.10.egg-info/SOURCES.txt
-- Installing: /home/dinm/debug_clear_ws/install/clearpath_platform_msgs/local/lib/python3.10/dist-packages/clearpath_platform_msgs-0.2.0-py3.10.egg-info/PKG-INFO
-- Installing: /home/dinm/debug_clear_ws/install/clearpath_platform_msgs/local/lib/python3.10/dist-packages/clearpath_platform_msgs-0.2.0-py3.10.egg-info/top_level.txt
-- Up-to-date: /home/dinm/debug_clear_ws/install/clearpath_platform_msgs/local/lib/python3.10/dist-packages/clearpath_platform_msgs
-- Up-to-date: /home/dinm/debug_clear_ws/install/clearpath_platform_msgs/local/lib/python3.10/dist-packages/clearpath_platform_msgs/_clearpath_platform_msgs_s.ep.rosidl_typesupport_fastrtps_c.c
-- Up-to-date: /home/dinm/debug_clear_ws/install/clearpath_platform_msgs/local/lib/python3.10/dist-packages/clearpath_platform_msgs/__init__.py
-- Up-to-date: /home/dinm/debug_clear_ws/install/clearpath_platform_msgs/local/lib/python3.10/dist-packages/clearpath_platform_msgs/msg
-- Up-to-date: /home/dinm/debug_clear_ws/install/clearpath_platform_msgs/local/lib/python3.10/dist-packages/clearpath_platform_msgs/msg/__init__.py
-- Up-to-date: /home/dinm/debug_clear_ws/install/clearpath_platform_msgs/local/lib/python3.10/dist-packages/clearpath_platform_msgs/msg/_rgb.py
-- Up-to-date: /home/dinm/debug_clear_ws/install/clearpath_platform_msgs/local/lib/python3.10/dist-packages/clearpath_platform_msgs/msg/_lights_s.c
-- Up-to-date: /home/dinm/debug_clear_ws/install/clearpath_platform_msgs/local/lib/python3.10/dist-packages/clearpath_platform_msgs/msg/_power_s.c
-- Up-to-date: /home/dinm/debug_clear_ws/install/clearpath_platform_msgs/local/lib/python3.10/dist-packages/clearpath_platform_msgs/msg/_status.py
-- Up-to-date: /home/dinm/debug_clear_ws/install/clearpath_platform_msgs/local/lib/python3.10/dist-packages/clearpath_platform_msgs/msg/_feedback_s.c
-- Up-to-date: /home/dinm/debug_clear_ws/install/clearpath_platform_msgs/local/lib/python3.10/dist-packages/clearpath_platform_msgs/msg/_fans_s.c
-- Up-to-date: /home/dinm/debug_clear_ws/install/clearpath_platform_msgs/local/lib/python3.10/dist-packages/clearpath_platform_msgs/msg/_stop_status_s.c
-- Up-to-date: /home/dinm/debug_clear_ws/install/clearpath_platform_msgs/local/lib/python3.10/dist-packages/clearpath_platform_msgs/msg/_lights.py
-- Up-to-date: /home/dinm/debug_clear_ws/install/clearpath_platform_msgs/local/lib/python3.10/dist-packages/clearpath_platform_msgs/msg/_drive_s.c
-- Up-to-date: /home/dinm/debug_clear_ws/install/clearpath_platform_msgs/local/lib/python3.10/dist-packages/clearpath_platform_msgs/msg/_rgb_s.c
-- Up-to-date: /home/dinm/debug_clear_ws/install/clearpath_platform_msgs/local/lib/python3.10/dist-packages/clearpath_platform_msgs/msg/_feedback.py
-- Up-to-date: /home/dinm/debug_clear_ws/install/clearpath_platform_msgs/local/lib/python3.10/dist-packages/clearpath_platform_msgs/msg/_drive_feedback.py
-- Up-to-date: /home/dinm/debug_clear_ws/install/clearpath_platform_msgs/local/lib/python3.10/dist-packages/clearpath_platform_msgs/msg/_power.py
-- Up-to-date: /home/dinm/debug_clear_ws/install/clearpath_platform_msgs/local/lib/python3.10/dist-packages/clearpath_platform_msgs/msg/_drive_feedback_s.c
-- Up-to-date: /home/dinm/debug_clear_ws/install/clearpath_platform_msgs/local/lib/python3.10/dist-packages/clearpath_platform_msgs/msg/_status_s.c
-- Up-to-date: /home/dinm/debug_clear_ws/install/clearpath_platform_msgs/local/lib/python3.10/dist-packages/clearpath_platform_msgs/msg/_fans.py
-- Up-to-date: /home/dinm/debug_clear_ws/install/clearpath_platform_msgs/local/lib/python3.10/dist-packages/clearpath_platform_msgs/msg/_drive.py
-- Up-to-date: /home/dinm/debug_clear_ws/install/clearpath_platform_msgs/local/lib/python3.10/dist-packages/clearpath_platform_msgs/msg/_stop_status.py
-- Up-to-date: /home/dinm/debug_clear_ws/install/clearpath_platform_msgs/local/lib/python3.10/dist-packages/clearpath_platform_msgs/srv
-- Up-to-date: /home/dinm/debug_clear_ws/install/clearpath_platform_msgs/local/lib/python3.10/dist-packages/clearpath_platform_msgs/srv/__init__.py
-- Up-to-date: /home/dinm/debug_clear_ws/install/clearpath_platform_msgs/local/lib/python3.10/dist-packages/clearpath_platform_msgs/srv/_configure_mcu_s.c
-- Up-to-date: /home/dinm/debug_clear_ws/install/clearpath_platform_msgs/local/lib/python3.10/dist-packages/clearpath_platform_msgs/srv/_configure_mcu.py
-- Up-to-date: /home/dinm/debug_clear_ws/install/clearpath_platform_msgs/local/lib/python3.10/dist-packages/clearpath_platform_msgs/libclearpath_platform_msgs__rosidl_generator_py.so
-- Up-to-date: /home/dinm/debug_clear_ws/install/clearpath_platform_msgs/local/lib/python3.10/dist-packages/clearpath_platform_msgs/_clearpath_platform_msgs_s.ep.rosidl_typesupport_c.c
-- Up-to-date: /home/dinm/debug_clear_ws/install/clearpath_platform_msgs/local/lib/python3.10/dist-packages/clearpath_platform_msgs/clearpath_platform_msgs_s__rosidl_typesupport_introspection_c.cpython-310-x86_64-linux-gnu.so
-- Up-to-date: /home/dinm/debug_clear_ws/install/clearpath_platform_msgs/local/lib/python3.10/dist-packages/clearpath_platform_msgs/_clearpath_platform_msgs_s.ep.rosidl_typesupport_introspection_c.c
-- Up-to-date: /home/dinm/debug_clear_ws/install/clearpath_platform_msgs/local/lib/python3.10/dist-packages/clearpath_platform_msgs/clearpath_platform_msgs_s__rosidl_typesupport_fastrtps_c.cpython-310-x86_64-linux-gnu.so
-- Up-to-date: /home/dinm/debug_clear_ws/install/clearpath_platform_msgs/local/lib/python3.10/dist-packages/clearpath_platform_msgs/clearpath_platform_msgs_s__rosidl_typesupport_c.cpython-310-x86_64-linux-gnu.so
Listing '/home/dinm/debug_clear_ws/install/clearpath_platform_msgs/local/lib/python3.10/dist-packages/clearpath_platform_msgs'...
Listing '/home/dinm/debug_clear_ws/install/clearpath_platform_msgs/local/lib/python3.10/dist-packages/clearpath_platform_msgs/msg'...
Listing '/home/dinm/debug_clear_ws/install/clearpath_platform_msgs/local/lib/python3.10/dist-packages/clearpath_platform_msgs/srv'...
-- Up-to-date: /home/dinm/debug_clear_ws/install/clearpath_platform_msgs/local/lib/python3.10/dist-packages/clearpath_platform_msgs/clearpath_platform_msgs_s__rosidl_typesupport_fastrtps_c.cpython-310-x86_64-linux-gnu.so
-- Up-to-date: /home/dinm/debug_clear_ws/install/clearpath_platform_msgs/local/lib/python3.10/dist-packages/clearpath_platform_msgs/clearpath_platform_msgs_s__rosidl_typesupport_introspection_c.cpython-310-x86_64-linux-gnu.so
-- Up-to-date: /home/dinm/debug_clear_ws/install/clearpath_platform_msgs/local/lib/python3.10/dist-packages/clearpath_platform_msgs/clearpath_platform_msgs_s__rosidl_typesupport_c.cpython-310-x86_64-linux-gnu.so
-- Up-to-date: /home/dinm/debug_clear_ws/install/clearpath_platform_msgs/lib/libclearpath_platform_msgs__rosidl_generator_py.so
-- Up-to-date: /home/dinm/debug_clear_ws/install/clearpath_platform_msgs/share/clearpath_platform_msgs/msg/Drive.idl
-- Up-to-date: /home/dinm/debug_clear_ws/install/clearpath_platform_msgs/share/clearpath_platform_msgs/msg/DriveFeedback.idl
-- Up-to-date: /home/dinm/debug_clear_ws/install/clearpath_platform_msgs/share/clearpath_platform_msgs/msg/Fans.idl
-- Up-to-date: /home/dinm/debug_clear_ws/install/clearpath_platform_msgs/share/clearpath_platform_msgs/msg/Feedback.idl
-- Up-to-date: /home/dinm/debug_clear_ws/install/clearpath_platform_msgs/share/clearpath_platform_msgs/msg/Lights.idl
-- Up-to-date: /home/dinm/debug_clear_ws/install/clearpath_platform_msgs/share/clearpath_platform_msgs/msg/Power.idl
-- Up-to-date: /home/dinm/debug_clear_ws/install/clearpath_platform_msgs/share/clearpath_platform_msgs/msg/RGB.idl
-- Up-to-date: /home/dinm/debug_clear_ws/install/clearpath_platform_msgs/share/clearpath_platform_msgs/msg/Status.idl
-- Up-to-date: /home/dinm/debug_clear_ws/install/clearpath_platform_msgs/share/clearpath_platform_msgs/msg/StopStatus.idl
-- Up-to-date: /home/dinm/debug_clear_ws/install/clearpath_platform_msgs/share/clearpath_platform_msgs/srv/ConfigureMcu.idl
-- Up-to-date: /home/dinm/debug_clear_ws/install/clearpath_platform_msgs/share/clearpath_platform_msgs/msg/Drive.msg
-- Up-to-date: /home/dinm/debug_clear_ws/install/clearpath_platform_msgs/share/clearpath_platform_msgs/msg/DriveFeedback.msg
-- Up-to-date: /home/dinm/debug_clear_ws/install/clearpath_platform_msgs/share/clearpath_platform_msgs/msg/Fans.msg
-- Up-to-date: /home/dinm/debug_clear_ws/install/clearpath_platform_msgs/share/clearpath_platform_msgs/msg/Feedback.msg
-- Up-to-date: /home/dinm/debug_clear_ws/install/clearpath_platform_msgs/share/clearpath_platform_msgs/msg/Lights.msg
-- Up-to-date: /home/dinm/debug_clear_ws/install/clearpath_platform_msgs/share/clearpath_platform_msgs/msg/Power.msg
-- Up-to-date: /home/dinm/debug_clear_ws/install/clearpath_platform_msgs/share/clearpath_platform_msgs/msg/RGB.msg
-- Up-to-date: /home/dinm/debug_clear_ws/install/clearpath_platform_msgs/share/clearpath_platform_msgs/msg/Status.msg
-- Up-to-date: /home/dinm/debug_clear_ws/install/clearpath_platform_msgs/share/clearpath_platform_msgs/msg/StopStatus.msg
-- Up-to-date: /home/dinm/debug_clear_ws/install/clearpath_platform_msgs/share/clearpath_platform_msgs/srv/ConfigureMcu.srv
-- Up-to-date: /home/dinm/debug_clear_ws/install/clearpath_platform_msgs/share/clearpath_platform_msgs/srv/ConfigureMcu_Request.msg
-- Up-to-date: /home/dinm/debug_clear_ws/install/clearpath_platform_msgs/share/clearpath_platform_msgs/srv/ConfigureMcu_Response.msg
-- Up-to-date: /home/dinm/debug_clear_ws/install/clearpath_platform_msgs/share/ament_index/resource_index/package_run_dependencies/clearpath_platform_msgs
-- Up-to-date: /home/dinm/debug_clear_ws/install/clearpath_platform_msgs/share/ament_index/resource_index/parent_prefix_path/clearpath_platform_msgs
-- Up-to-date: /home/dinm/debug_clear_ws/install/clearpath_platform_msgs/share/clearpath_platform_msgs/environment/ament_prefix_path.sh
-- Up-to-date: /home/dinm/debug_clear_ws/install/clearpath_platform_msgs/share/clearpath_platform_msgs/environment/ament_prefix_path.dsv
-- Up-to-date: /home/dinm/debug_clear_ws/install/clearpath_platform_msgs/share/clearpath_platform_msgs/environment/path.sh
-- Up-to-date: /home/dinm/debug_clear_ws/install/clearpath_platform_msgs/share/clearpath_platform_msgs/environment/path.dsv
-- Up-to-date: /home/dinm/debug_clear_ws/install/clearpath_platform_msgs/share/clearpath_platform_msgs/local_setup.bash
-- Up-to-date: /home/dinm/debug_clear_ws/install/clearpath_platform_msgs/share/clearpath_platform_msgs/local_setup.sh
-- Up-to-date: /home/dinm/debug_clear_ws/install/clearpath_platform_msgs/share/clearpath_platform_msgs/local_setup.zsh
-- Up-to-date: /home/dinm/debug_clear_ws/install/clearpath_platform_msgs/share/clearpath_platform_msgs/local_setup.dsv
-- Installing: /home/dinm/debug_clear_ws/install/clearpath_platform_msgs/share/clearpath_platform_msgs/package.dsv
-- Up-to-date: /home/dinm/debug_clear_ws/install/clearpath_platform_msgs/share/ament_index/resource_index/packages/clearpath_platform_msgs
-- Up-to-date: /home/dinm/debug_clear_ws/install/clearpath_platform_msgs/share/clearpath_platform_msgs/cmake/export_clearpath_platform_msgs__rosidl_generator_cExport.cmake
-- Up-to-date: /home/dinm/debug_clear_ws/install/clearpath_platform_msgs/share/clearpath_platform_msgs/cmake/export_clearpath_platform_msgs__rosidl_generator_cExport-noconfig.cmake
-- Up-to-date: /home/dinm/debug_clear_ws/install/clearpath_platform_msgs/share/clearpath_platform_msgs/cmake/export_clearpath_platform_msgs__rosidl_typesupport_fastrtps_cExport.cmake
-- Up-to-date: /home/dinm/debug_clear_ws/install/clearpath_platform_msgs/share/clearpath_platform_msgs/cmake/export_clearpath_platform_msgs__rosidl_typesupport_fastrtps_cExport-noconfig.cmake
-- Up-to-date: /home/dinm/debug_clear_ws/install/clearpath_platform_msgs/share/clearpath_platform_msgs/cmake/export_clearpath_platform_msgs__rosidl_generator_cppExport.cmake
-- Up-to-date: /home/dinm/debug_clear_ws/install/clearpath_platform_msgs/share/clearpath_platform_msgs/cmake/export_clearpath_platform_msgs__rosidl_typesupport_fastrtps_cppExport.cmake
-- Up-to-date: /home/dinm/debug_clear_ws/install/clearpath_platform_msgs/share/clearpath_platform_msgs/cmake/export_clearpath_platform_msgs__rosidl_typesupport_fastrtps_cppExport-noconfig.cmake
-- Up-to-date: /home/dinm/debug_clear_ws/install/clearpath_platform_msgs/share/clearpath_platform_msgs/cmake/clearpath_platform_msgs__rosidl_typesupport_introspection_cExport.cmake
-- Up-to-date: /home/dinm/debug_clear_ws/install/clearpath_platform_msgs/share/clearpath_platform_msgs/cmake/clearpath_platform_msgs__rosidl_typesupport_introspection_cExport-noconfig.cmake
-- Up-to-date: /home/dinm/debug_clear_ws/install/clearpath_platform_msgs/share/clearpath_platform_msgs/cmake/clearpath_platform_msgs__rosidl_typesupport_cExport.cmake
-- Up-to-date: /home/dinm/debug_clear_ws/install/clearpath_platform_msgs/share/clearpath_platform_msgs/cmake/clearpath_platform_msgs__rosidl_typesupport_cExport-noconfig.cmake
-- Up-to-date: /home/dinm/debug_clear_ws/install/clearpath_platform_msgs/share/clearpath_platform_msgs/cmake/clearpath_platform_msgs__rosidl_typesupport_introspection_cppExport.cmake
-- Up-to-date: /home/dinm/debug_clear_ws/install/clearpath_platform_msgs/share/clearpath_platform_msgs/cmake/clearpath_platform_msgs__rosidl_typesupport_introspection_cppExport-noconfig.cmake
-- Up-to-date: /home/dinm/debug_clear_ws/install/clearpath_platform_msgs/share/clearpath_platform_msgs/cmake/clearpath_platform_msgs__rosidl_typesupport_cppExport.cmake
-- Up-to-date: /home/dinm/debug_clear_ws/install/clearpath_platform_msgs/share/clearpath_platform_msgs/cmake/clearpath_platform_msgs__rosidl_typesupport_cppExport-noconfig.cmake
-- Up-to-date: /home/dinm/debug_clear_ws/install/clearpath_platform_msgs/share/clearpath_platform_msgs/cmake/export_clearpath_platform_msgs__rosidl_generator_pyExport.cmake
-- Up-to-date: /home/dinm/debug_clear_ws/install/clearpath_platform_msgs/share/clearpath_platform_msgs/cmake/export_clearpath_platform_msgs__rosidl_generator_pyExport-noconfig.cmake
-- Up-to-date: /home/dinm/debug_clear_ws/install/clearpath_platform_msgs/share/clearpath_platform_msgs/cmake/rosidl_cmake-extras.cmake
-- Up-to-date: /home/dinm/debug_clear_ws/install/clearpath_platform_msgs/share/clearpath_platform_msgs/cmake/ament_cmake_export_dependencies-extras.cmake
-- Up-to-date: /home/dinm/debug_clear_ws/install/clearpath_platform_msgs/share/clearpath_platform_msgs/cmake/ament_cmake_export_include_directories-extras.cmake
-- Up-to-date: /home/dinm/debug_clear_ws/install/clearpath_platform_msgs/share/clearpath_platform_msgs/cmake/ament_cmake_export_libraries-extras.cmake
-- Up-to-date: /home/dinm/debug_clear_ws/install/clearpath_platform_msgs/share/clearpath_platform_msgs/cmake/ament_cmake_export_targets-extras.cmake
-- Up-to-date: /home/dinm/debug_clear_ws/install/clearpath_platform_msgs/share/clearpath_platform_msgs/cmake/rosidl_cmake_export_typesupport_targets-extras.cmake
-- Up-to-date: /home/dinm/debug_clear_ws/install/clearpath_platform_msgs/share/clearpath_platform_msgs/cmake/rosidl_cmake_export_typesupport_libraries-extras.cmake
-- Up-to-date: /home/dinm/debug_clear_ws/install/clearpath_platform_msgs/share/clearpath_platform_msgs/cmake/clearpath_platform_msgsConfig.cmake
-- Up-to-date: /home/dinm/debug_clear_ws/install/clearpath_platform_msgs/share/clearpath_platform_msgs/cmake/clearpath_platform_msgsConfig-version.cmake
-- Up-to-date: /home/dinm/debug_clear_ws/install/clearpath_platform_msgs/share/clearpath_platform_msgs/package.xml
