[0.027s] Invoking command in '/home/dinm/debug_clear_ws/build/clearpath_mounts_description': CMAKE_PREFIX_PATH=${CMAKE_PREFIX_PATH}:/home/dinm/debug_clear_ws/install/clearpath_config:/opt/ros/humble /usr/bin/cmake /home/dinm/debug_clear_ws/src/clearpath_common/clearpath_mounts_description -DCMAKE_INSTALL_PREFIX=/home/dinm/debug_clear_ws/install/clearpath_mounts_description
[0.345s] -- The C compiler identification is GNU 11.4.0
[0.345s] -- The CXX compiler identification is GNU 11.4.0
[0.345s] -- Detecting C compiler ABI info
[0.346s] -- Detecting C compiler ABI info - done
[0.346s] -- Check for working C compiler: /usr/bin/cc - skipped
[0.346s] -- Detecting C compile features
[0.346s] -- Detecting C compile features - done
[0.346s] -- Detecting CXX compiler ABI info
[0.435s] -- Detecting CXX compiler ABI info - done
[0.452s] -- Check for working CXX compiler: /usr/bin/c++ - skipped
[0.452s] -- Detecting CXX compile features
[0.452s] -- Detecting CXX compile features - done
[0.453s] -- Found ament_cmake: 1.3.10 (/opt/ros/humble/share/ament_cmake/cmake)
[0.689s] -- Found Python3: /usr/bin/python3 (found version "3.10.12") found components: Interpreter 
[0.946s] -- Configuring done
[0.950s] -- Generating done
[0.953s] -- Build files have been written to: /home/dinm/debug_clear_ws/build/clearpath_mounts_description
[0.967s] Invoked command in '/home/dinm/debug_clear_ws/build/clearpath_mounts_description' returned '0': CMAKE_PREFIX_PATH=${CMAKE_PREFIX_PATH}:/home/dinm/debug_clear_ws/install/clearpath_config:/opt/ros/humble /usr/bin/cmake /home/dinm/debug_clear_ws/src/clearpath_common/clearpath_mounts_description -DCMAKE_INSTALL_PREFIX=/home/dinm/debug_clear_ws/install/clearpath_mounts_description
[0.969s] Invoking command in '/home/dinm/debug_clear_ws/build/clearpath_mounts_description': CMAKE_PREFIX_PATH=${CMAKE_PREFIX_PATH}:/home/dinm/debug_clear_ws/install/clearpath_config:/opt/ros/humble /usr/bin/cmake --build /home/dinm/debug_clear_ws/build/clearpath_mounts_description -- -j8 -l8
[1.018s] Invoked command in '/home/dinm/debug_clear_ws/build/clearpath_mounts_description' returned '0': CMAKE_PREFIX_PATH=${CMAKE_PREFIX_PATH}:/home/dinm/debug_clear_ws/install/clearpath_config:/opt/ros/humble /usr/bin/cmake --build /home/dinm/debug_clear_ws/build/clearpath_mounts_description -- -j8 -l8
[1.058s] Invoking command in '/home/dinm/debug_clear_ws/build/clearpath_mounts_description': CMAKE_PREFIX_PATH=${CMAKE_PREFIX_PATH}:/home/dinm/debug_clear_ws/install/clearpath_config:/opt/ros/humble /usr/bin/cmake --install /home/dinm/debug_clear_ws/build/clearpath_mounts_description
[1.072s] -- Install configuration: ""
[1.072s] -- Installing: /home/dinm/debug_clear_ws/install/clearpath_mounts_description/share/clearpath_mounts_description/meshes
[1.072s] -- Installing: /home/dinm/debug_clear_ws/install/clearpath_mounts_description/share/clearpath_mounts_description/meshes/pacs
[1.072s] -- Installing: /home/dinm/debug_clear_ws/install/clearpath_mounts_description/share/clearpath_mounts_description/meshes/pacs/bracket_horizontal_large.stl
[1.076s] -- Installing: /home/dinm/debug_clear_ws/install/clearpath_mounts_description/share/clearpath_mounts_description/meshes/pacs/bracket_horizontal.stl
[1.076s] -- Installing: /home/dinm/debug_clear_ws/install/clearpath_mounts_description/share/clearpath_mounts_description/meshes/pacs/riser_1x7.stl
[1.077s] -- Installing: /home/dinm/debug_clear_ws/install/clearpath_mounts_description/share/clearpath_mounts_description/meshes/pacs/bracket_extension_20.stl
[1.077s] -- Installing: /home/dinm/debug_clear_ws/install/clearpath_mounts_description/share/clearpath_mounts_description/meshes/pacs/bracket_extension_80.stl
[1.077s] -- Installing: /home/dinm/debug_clear_ws/install/clearpath_mounts_description/share/clearpath_mounts_description/meshes/pacs/bracket_vertical.stl
[1.078s] -- Installing: /home/dinm/debug_clear_ws/install/clearpath_mounts_description/share/clearpath_mounts_description/meshes/pacs/bracket_extension_60.stl
[1.078s] -- Installing: /home/dinm/debug_clear_ws/install/clearpath_mounts_description/share/clearpath_mounts_description/meshes/pacs/bracket_extension_40.stl
[1.079s] -- Installing: /home/dinm/debug_clear_ws/install/clearpath_mounts_description/share/clearpath_mounts_description/meshes/pacs/riser_8x7.stl
[1.079s] -- Installing: /home/dinm/debug_clear_ws/install/clearpath_mounts_description/share/clearpath_mounts_description/meshes/sick_upright.stl
[1.080s] -- Installing: /home/dinm/debug_clear_ws/install/clearpath_mounts_description/share/clearpath_mounts_description/meshes/sick_inverted.dae
[1.080s] -- Installing: /home/dinm/debug_clear_ws/install/clearpath_mounts_description/share/clearpath_mounts_description/meshes/disk.stl
[1.081s] -- Installing: /home/dinm/debug_clear_ws/install/clearpath_mounts_description/share/clearpath_mounts_description/meshes/fath_pivot_mount_base.dae
[1.084s] -- Installing: /home/dinm/debug_clear_ws/install/clearpath_mounts_description/share/clearpath_mounts_description/meshes/fath_pivot_mount.dae
[1.086s] -- Installing: /home/dinm/debug_clear_ws/install/clearpath_mounts_description/share/clearpath_mounts_description/urdf
[1.086s] -- Installing: /home/dinm/debug_clear_ws/install/clearpath_mounts_description/share/clearpath_mounts_description/urdf/pacs
[1.086s] -- Installing: /home/dinm/debug_clear_ws/install/clearpath_mounts_description/share/clearpath_mounts_description/urdf/pacs/bracket.urdf.xacro
[1.086s] -- Installing: /home/dinm/debug_clear_ws/install/clearpath_mounts_description/share/clearpath_mounts_description/urdf/pacs/riser.urdf.xacro
[1.086s] -- Installing: /home/dinm/debug_clear_ws/install/clearpath_mounts_description/share/clearpath_mounts_description/urdf/pacs/riser_leg.urdf.xacro
[1.086s] -- Installing: /home/dinm/debug_clear_ws/install/clearpath_mounts_description/share/clearpath_mounts_description/urdf/post.urdf.xacro
[1.087s] -- Installing: /home/dinm/debug_clear_ws/install/clearpath_mounts_description/share/clearpath_mounts_description/urdf/sick.urdf.xacro
[1.087s] -- Installing: /home/dinm/debug_clear_ws/install/clearpath_mounts_description/share/clearpath_mounts_description/urdf/fath_pivot.urdf.xacro
[1.087s] -- Installing: /home/dinm/debug_clear_ws/install/clearpath_mounts_description/share/clearpath_mounts_description/urdf/disk.urdf.xacro
[1.088s] -- Installing: /home/dinm/debug_clear_ws/install/clearpath_mounts_description/share/ament_index/resource_index/package_run_dependencies/clearpath_mounts_description
[1.088s] -- Installing: /home/dinm/debug_clear_ws/install/clearpath_mounts_description/share/ament_index/resource_index/parent_prefix_path/clearpath_mounts_description
[1.088s] -- Installing: /home/dinm/debug_clear_ws/install/clearpath_mounts_description/share/clearpath_mounts_description/environment/ament_prefix_path.sh
[1.089s] -- Installing: /home/dinm/debug_clear_ws/install/clearpath_mounts_description/share/clearpath_mounts_description/environment/ament_prefix_path.dsv
[1.089s] -- Installing: /home/dinm/debug_clear_ws/install/clearpath_mounts_description/share/clearpath_mounts_description/environment/path.sh
[1.089s] -- Installing: /home/dinm/debug_clear_ws/install/clearpath_mounts_description/share/clearpath_mounts_description/environment/path.dsv
[1.089s] -- Installing: /home/dinm/debug_clear_ws/install/clearpath_mounts_description/share/clearpath_mounts_description/local_setup.bash
[1.090s] -- Installing: /home/dinm/debug_clear_ws/install/clearpath_mounts_description/share/clearpath_mounts_description/local_setup.sh
[1.090s] -- Installing: /home/dinm/debug_clear_ws/install/clearpath_mounts_description/share/clearpath_mounts_description/local_setup.zsh
[1.090s] -- Installing: /home/dinm/debug_clear_ws/install/clearpath_mounts_description/share/clearpath_mounts_description/local_setup.dsv
[1.090s] -- Installing: /home/dinm/debug_clear_ws/install/clearpath_mounts_description/share/clearpath_mounts_description/package.dsv
[1.090s] -- Installing: /home/dinm/debug_clear_ws/install/clearpath_mounts_description/share/ament_index/resource_index/packages/clearpath_mounts_description
[1.090s] -- Installing: /home/dinm/debug_clear_ws/install/clearpath_mounts_description/share/clearpath_mounts_description/cmake/clearpath_mounts_descriptionConfig.cmake
[1.091s] -- Installing: /home/dinm/debug_clear_ws/install/clearpath_mounts_description/share/clearpath_mounts_description/cmake/clearpath_mounts_descriptionConfig-version.cmake
[1.091s] -- Installing: /home/dinm/debug_clear_ws/install/clearpath_mounts_description/share/clearpath_mounts_description/package.xml
[1.104s] Invoked command in '/home/dinm/debug_clear_ws/build/clearpath_mounts_description' returned '0': CMAKE_PREFIX_PATH=${CMAKE_PREFIX_PATH}:/home/dinm/debug_clear_ws/install/clearpath_config:/opt/ros/humble /usr/bin/cmake --install /home/dinm/debug_clear_ws/build/clearpath_mounts_description
