running egg_info
creating ../../build/square_move/square_move.egg-info
writing ../../build/square_move/square_move.egg-info/PKG-INFO
writing dependency_links to ../../build/square_move/square_move.egg-info/dependency_links.txt
writing entry points to ../../build/square_move/square_move.egg-info/entry_points.txt
writing requirements to ../../build/square_move/square_move.egg-info/requires.txt
writing top-level names to ../../build/square_move/square_move.egg-info/top_level.txt
writing manifest file '../../build/square_move/square_move.egg-info/SOURCES.txt'
reading manifest file '../../build/square_move/square_move.egg-info/SOURCES.txt'
writing manifest file '../../build/square_move/square_move.egg-info/SOURCES.txt'
running build
running build_py
creating /home/dinm/debug_clear_ws/build/square_move/build
creating /home/dinm/debug_clear_ws/build/square_move/build/lib
creating /home/dinm/debug_clear_ws/build/square_move/build/lib/square_move
copying square_move/__init__.py -> /home/dinm/debug_clear_ws/build/square_move/build/lib/square_move
copying square_move/square_path.py -> /home/dinm/debug_clear_ws/build/square_move/build/lib/square_move
running install
running install_lib
creating /home/dinm/debug_clear_ws/install/square_move/lib/python3.10/site-packages/square_move
copying /home/dinm/debug_clear_ws/build/square_move/build/lib/square_move/__init__.py -> /home/dinm/debug_clear_ws/install/square_move/lib/python3.10/site-packages/square_move
copying /home/dinm/debug_clear_ws/build/square_move/build/lib/square_move/square_path.py -> /home/dinm/debug_clear_ws/install/square_move/lib/python3.10/site-packages/square_move
byte-compiling /home/dinm/debug_clear_ws/install/square_move/lib/python3.10/site-packages/square_move/__init__.py to __init__.cpython-310.pyc
byte-compiling /home/dinm/debug_clear_ws/install/square_move/lib/python3.10/site-packages/square_move/square_path.py to square_path.cpython-310.pyc
running install_data
creating /home/dinm/debug_clear_ws/install/square_move/share/ament_index
creating /home/dinm/debug_clear_ws/install/square_move/share/ament_index/resource_index
creating /home/dinm/debug_clear_ws/install/square_move/share/ament_index/resource_index/packages
copying resource/square_move -> /home/dinm/debug_clear_ws/install/square_move/share/ament_index/resource_index/packages
copying package.xml -> /home/dinm/debug_clear_ws/install/square_move/share/square_move
running install_egg_info
Copying ../../build/square_move/square_move.egg-info to /home/dinm/debug_clear_ws/install/square_move/lib/python3.10/site-packages/square_move-0.0.0-py3.10.egg-info
running install_scripts
Installing square_path script to /home/dinm/debug_clear_ws/install/square_move/lib/square_move
writing list of installed files to '/home/dinm/debug_clear_ws/build/square_move/install.log'
