[0.766s] Invoking command in '/home/dinm/debug_clear_ws/src/clearpath_config': PYTHONPATH=/home/dinm/debug_clear_ws/build/clearpath_config/prefix_override:/usr/lib/python3/dist-packages/colcon_core/task/python/colcon_distutils_commands:/home/dinm/debug_clear_ws/install/clearpath_config/lib/python3.10/site-packages:${PYTHONPATH} /usr/bin/python3 -W ignore:setup.py install is deprecated setup.py egg_info --egg-base ../../build/clearpath_config build --build-base /home/dinm/debug_clear_ws/build/clearpath_config/build install --record /home/dinm/debug_clear_ws/build/clearpath_config/install.log --single-version-externally-managed install_data
[1.027s] running egg_info
[1.027s] writing ../../build/clearpath_config/clearpath_config.egg-info/PKG-INFO
[1.027s] writing dependency_links to ../../build/clearpath_config/clearpath_config.egg-info/dependency_links.txt
[1.028s] writing requirements to ../../build/clearpath_config/clearpath_config.egg-info/requires.txt
[1.028s] writing top-level names to ../../build/clearpath_config/clearpath_config.egg-info/top_level.txt
[1.031s] reading manifest file '../../build/clearpath_config/clearpath_config.egg-info/SOURCES.txt'
[1.032s] adding license file 'LICENSE'
[1.034s] writing manifest file '../../build/clearpath_config/clearpath_config.egg-info/SOURCES.txt'
[1.034s] running build
[1.034s] running build_py
[1.039s] running install
[1.039s] running install_lib
[1.048s] running install_data
[1.048s] running install_egg_info
[1.049s] removing '/home/dinm/debug_clear_ws/install/clearpath_config/lib/python3.10/site-packages/clearpath_config-0.2.11-py3.10.egg-info' (and everything under it)
[1.049s] Copying ../../build/clearpath_config/clearpath_config.egg-info to /home/dinm/debug_clear_ws/install/clearpath_config/lib/python3.10/site-packages/clearpath_config-0.2.11-py3.10.egg-info
[1.050s] running install_scripts
[1.084s] writing list of installed files to '/home/dinm/debug_clear_ws/build/clearpath_config/install.log'
[1.112s] Invoked command in '/home/dinm/debug_clear_ws/src/clearpath_config' returned '0': PYTHONPATH=/home/dinm/debug_clear_ws/build/clearpath_config/prefix_override:/usr/lib/python3/dist-packages/colcon_core/task/python/colcon_distutils_commands:/home/dinm/debug_clear_ws/install/clearpath_config/lib/python3.10/site-packages:${PYTHONPATH} /usr/bin/python3 -W ignore:setup.py install is deprecated setup.py egg_info --egg-base ../../build/clearpath_config build --build-base /home/dinm/debug_clear_ws/build/clearpath_config/build install --record /home/dinm/debug_clear_ws/build/clearpath_config/install.log --single-version-externally-managed install_data
