-- Install configuration: ""
-- Up-to-date: /home/dinm/debug_clear_ws/install/clearpath_sensors_description/share/clearpath_sensors_description/meshes
-- Up-to-date: /home/dinm/debug_clear_ws/install/clearpath_sensors_description/share/clearpath_sensors_description/meshes/sick_lms1xx_small.dae
-- Up-to-date: /home/dinm/debug_clear_ws/install/clearpath_sensors_description/share/clearpath_sensors_description/meshes/novatel_smart6.stl
-- Up-to-date: /home/dinm/debug_clear_ws/install/clearpath_sensors_description/share/clearpath_sensors_description/meshes/swift_antenna.stl
-- Up-to-date: /home/dinm/debug_clear_ws/install/clearpath_sensors_description/share/clearpath_sensors_description/meshes/novatel_smart7.stl
-- Up-to-date: /home/dinm/debug_clear_ws/install/clearpath_sensors_description/share/clearpath_sensors_description/meshes/flir_blackfly.stl
-- Up-to-date: /home/dinm/debug_clear_ws/install/clearpath_sensors_description/share/clearpath_sensors_description/meshes/hokuyo_utm30.stl
-- Up-to-date: /home/dinm/debug_clear_ws/install/clearpath_sensors_description/share/clearpath_sensors_description/meshes/hokuyo_ust.stl
-- Up-to-date: /home/dinm/debug_clear_ws/install/clearpath_sensors_description/share/clearpath_sensors_description/meshes/sick_lms1xx_collision.stl
-- Up-to-date: /home/dinm/debug_clear_ws/install/clearpath_sensors_description/share/clearpath_sensors_description/urdf
-- Up-to-date: /home/dinm/debug_clear_ws/install/clearpath_sensors_description/share/clearpath_sensors_description/urdf/novatel_smart7.urdf.xacro
-- Up-to-date: /home/dinm/debug_clear_ws/install/clearpath_sensors_description/share/clearpath_sensors_description/urdf/microstrain_gq7.urdf.xacro
-- Up-to-date: /home/dinm/debug_clear_ws/install/clearpath_sensors_description/share/clearpath_sensors_description/urdf/microstrain_imu.urdf.xacro
-- Up-to-date: /home/dinm/debug_clear_ws/install/clearpath_sensors_description/share/clearpath_sensors_description/urdf/swiftnav_duro.urdf.xacro
-- Up-to-date: /home/dinm/debug_clear_ws/install/clearpath_sensors_description/share/clearpath_sensors_description/urdf/velodyne_lidar.urdf.xacro
-- Up-to-date: /home/dinm/debug_clear_ws/install/clearpath_sensors_description/share/clearpath_sensors_description/urdf/chrobotics_um6.urdf.xacro
-- Up-to-date: /home/dinm/debug_clear_ws/install/clearpath_sensors_description/share/clearpath_sensors_description/urdf/novatel_smart6.urdf.xacro
-- Up-to-date: /home/dinm/debug_clear_ws/install/clearpath_sensors_description/share/clearpath_sensors_description/urdf/redshift_um7.urdf.xacro
-- Up-to-date: /home/dinm/debug_clear_ws/install/clearpath_sensors_description/share/clearpath_sensors_description/urdf/stereolabs_zed.urdf.xacro
-- Up-to-date: /home/dinm/debug_clear_ws/install/clearpath_sensors_description/share/clearpath_sensors_description/urdf/hokuyo_ust.urdf.xacro
-- Up-to-date: /home/dinm/debug_clear_ws/install/clearpath_sensors_description/share/clearpath_sensors_description/urdf/intel_realsense.urdf.xacro
-- Up-to-date: /home/dinm/debug_clear_ws/install/clearpath_sensors_description/share/clearpath_sensors_description/urdf/garmin_18x.urdf.xacro
-- Up-to-date: /home/dinm/debug_clear_ws/install/clearpath_sensors_description/share/clearpath_sensors_description/urdf/sick_lms1xx.urdf.xacro
-- Up-to-date: /home/dinm/debug_clear_ws/install/clearpath_sensors_description/share/clearpath_sensors_description/urdf/flir_blackfly.urdf.xacro
-- Up-to-date: /home/dinm/debug_clear_ws/install/clearpath_sensors_description/share/ament_index/resource_index/package_run_dependencies/clearpath_sensors_description
-- Up-to-date: /home/dinm/debug_clear_ws/install/clearpath_sensors_description/share/ament_index/resource_index/parent_prefix_path/clearpath_sensors_description
-- Up-to-date: /home/dinm/debug_clear_ws/install/clearpath_sensors_description/share/clearpath_sensors_description/environment/ament_prefix_path.sh
-- Up-to-date: /home/dinm/debug_clear_ws/install/clearpath_sensors_description/share/clearpath_sensors_description/environment/ament_prefix_path.dsv
-- Up-to-date: /home/dinm/debug_clear_ws/install/clearpath_sensors_description/share/clearpath_sensors_description/environment/path.sh
-- Up-to-date: /home/dinm/debug_clear_ws/install/clearpath_sensors_description/share/clearpath_sensors_description/environment/path.dsv
-- Up-to-date: /home/dinm/debug_clear_ws/install/clearpath_sensors_description/share/clearpath_sensors_description/local_setup.bash
-- Up-to-date: /home/dinm/debug_clear_ws/install/clearpath_sensors_description/share/clearpath_sensors_description/local_setup.sh
-- Up-to-date: /home/dinm/debug_clear_ws/install/clearpath_sensors_description/share/clearpath_sensors_description/local_setup.zsh
-- Up-to-date: /home/dinm/debug_clear_ws/install/clearpath_sensors_description/share/clearpath_sensors_description/local_setup.dsv
-- Installing: /home/dinm/debug_clear_ws/install/clearpath_sensors_description/share/clearpath_sensors_description/package.dsv
-- Up-to-date: /home/dinm/debug_clear_ws/install/clearpath_sensors_description/share/ament_index/resource_index/packages/clearpath_sensors_description
-- Up-to-date: /home/dinm/debug_clear_ws/install/clearpath_sensors_description/share/clearpath_sensors_description/cmake/clearpath_sensors_descriptionConfig.cmake
-- Up-to-date: /home/dinm/debug_clear_ws/install/clearpath_sensors_description/share/clearpath_sensors_description/cmake/clearpath_sensors_descriptionConfig-version.cmake
-- Up-to-date: /home/dinm/debug_clear_ws/install/clearpath_sensors_description/share/clearpath_sensors_description/package.xml
