-- Install configuration: ""
-- Up-to-date: /home/dinm/debug_clear_ws/install/clearpath_control/share/clearpath_control/config
-- Up-to-date: /home/dinm/debug_clear_ws/install/clearpath_control/share/clearpath_control/config/dd100
-- Up-to-date: /home/dinm/debug_clear_ws/install/clearpath_control/share/clearpath_control/config/dd100/teleop_logitech.yaml
-- Up-to-date: /home/dinm/debug_clear_ws/install/clearpath_control/share/clearpath_control/config/dd100/localization.yaml
-- Up-to-date: /home/dinm/debug_clear_ws/install/clearpath_control/share/clearpath_control/config/dd100/control.yaml
-- Up-to-date: /home/dinm/debug_clear_ws/install/clearpath_control/share/clearpath_control/config/dd100/teleop_ps4.yaml
-- Up-to-date: /home/dinm/debug_clear_ws/install/clearpath_control/share/clearpath_control/config/dd100/teleop_interactive_markers.yaml
-- Up-to-date: /home/dinm/debug_clear_ws/install/clearpath_control/share/clearpath_control/config/do150
-- Up-to-date: /home/dinm/debug_clear_ws/install/clearpath_control/share/clearpath_control/config/do150/teleop_logitech.yaml
-- Up-to-date: /home/dinm/debug_clear_ws/install/clearpath_control/share/clearpath_control/config/do150/localization.yaml
-- Up-to-date: /home/dinm/debug_clear_ws/install/clearpath_control/share/clearpath_control/config/do150/control.yaml
-- Up-to-date: /home/dinm/debug_clear_ws/install/clearpath_control/share/clearpath_control/config/do150/teleop_ps4.yaml
-- Up-to-date: /home/dinm/debug_clear_ws/install/clearpath_control/share/clearpath_control/config/do150/teleop_interactive_markers.yaml
-- Up-to-date: /home/dinm/debug_clear_ws/install/clearpath_control/share/clearpath_control/config/do100
-- Up-to-date: /home/dinm/debug_clear_ws/install/clearpath_control/share/clearpath_control/config/do100/teleop_logitech.yaml
-- Up-to-date: /home/dinm/debug_clear_ws/install/clearpath_control/share/clearpath_control/config/do100/localization.yaml
-- Up-to-date: /home/dinm/debug_clear_ws/install/clearpath_control/share/clearpath_control/config/do100/control.yaml
-- Up-to-date: /home/dinm/debug_clear_ws/install/clearpath_control/share/clearpath_control/config/do100/teleop_ps4.yaml
-- Up-to-date: /home/dinm/debug_clear_ws/install/clearpath_control/share/clearpath_control/config/do100/teleop_interactive_markers.yaml
-- Up-to-date: /home/dinm/debug_clear_ws/install/clearpath_control/share/clearpath_control/config/j100
-- Up-to-date: /home/dinm/debug_clear_ws/install/clearpath_control/share/clearpath_control/config/j100/teleop_logitech.yaml
-- Up-to-date: /home/dinm/debug_clear_ws/install/clearpath_control/share/clearpath_control/config/j100/localization.yaml
-- Up-to-date: /home/dinm/debug_clear_ws/install/clearpath_control/share/clearpath_control/config/j100/control.yaml
-- Up-to-date: /home/dinm/debug_clear_ws/install/clearpath_control/share/clearpath_control/config/j100/teleop_ps4.yaml
-- Up-to-date: /home/dinm/debug_clear_ws/install/clearpath_control/share/clearpath_control/config/j100/teleop_interactive_markers.yaml
-- Up-to-date: /home/dinm/debug_clear_ws/install/clearpath_control/share/clearpath_control/config/dd150
-- Up-to-date: /home/dinm/debug_clear_ws/install/clearpath_control/share/clearpath_control/config/dd150/teleop_logitech.yaml
-- Up-to-date: /home/dinm/debug_clear_ws/install/clearpath_control/share/clearpath_control/config/dd150/localization.yaml
-- Up-to-date: /home/dinm/debug_clear_ws/install/clearpath_control/share/clearpath_control/config/dd150/control.yaml
-- Up-to-date: /home/dinm/debug_clear_ws/install/clearpath_control/share/clearpath_control/config/dd150/teleop_ps4.yaml
-- Up-to-date: /home/dinm/debug_clear_ws/install/clearpath_control/share/clearpath_control/config/dd150/teleop_interactive_markers.yaml
-- Up-to-date: /home/dinm/debug_clear_ws/install/clearpath_control/share/clearpath_control/config/r100
-- Up-to-date: /home/dinm/debug_clear_ws/install/clearpath_control/share/clearpath_control/config/r100/teleop_logitech.yaml
-- Up-to-date: /home/dinm/debug_clear_ws/install/clearpath_control/share/clearpath_control/config/r100/localization.yaml
-- Up-to-date: /home/dinm/debug_clear_ws/install/clearpath_control/share/clearpath_control/config/r100/control.yaml
-- Up-to-date: /home/dinm/debug_clear_ws/install/clearpath_control/share/clearpath_control/config/r100/teleop_ps4.yaml
-- Up-to-date: /home/dinm/debug_clear_ws/install/clearpath_control/share/clearpath_control/config/r100/teleop_interactive_markers.yaml
-- Up-to-date: /home/dinm/debug_clear_ws/install/clearpath_control/share/clearpath_control/config/a200
-- Up-to-date: /home/dinm/debug_clear_ws/install/clearpath_control/share/clearpath_control/config/a200/teleop_logitech.yaml
-- Up-to-date: /home/dinm/debug_clear_ws/install/clearpath_control/share/clearpath_control/config/a200/localization.yaml
-- Up-to-date: /home/dinm/debug_clear_ws/install/clearpath_control/share/clearpath_control/config/a200/control.yaml
-- Up-to-date: /home/dinm/debug_clear_ws/install/clearpath_control/share/clearpath_control/config/a200/teleop_ps4.yaml
-- Up-to-date: /home/dinm/debug_clear_ws/install/clearpath_control/share/clearpath_control/config/a200/teleop_interactive_markers.yaml
-- Up-to-date: /home/dinm/debug_clear_ws/install/clearpath_control/share/clearpath_control/config/w200
-- Up-to-date: /home/dinm/debug_clear_ws/install/clearpath_control/share/clearpath_control/config/w200/teleop_logitech.yaml
-- Up-to-date: /home/dinm/debug_clear_ws/install/clearpath_control/share/clearpath_control/config/w200/localization.yaml
-- Up-to-date: /home/dinm/debug_clear_ws/install/clearpath_control/share/clearpath_control/config/w200/control.yaml
-- Up-to-date: /home/dinm/debug_clear_ws/install/clearpath_control/share/clearpath_control/config/w200/teleop_ps4.yaml
-- Up-to-date: /home/dinm/debug_clear_ws/install/clearpath_control/share/clearpath_control/config/w200/teleop_interactive_markers.yaml
-- Up-to-date: /home/dinm/debug_clear_ws/install/clearpath_control/share/clearpath_control/config/twist_mux.yaml
-- Up-to-date: /home/dinm/debug_clear_ws/install/clearpath_control/share/clearpath_control/config/generic
-- Up-to-date: /home/dinm/debug_clear_ws/install/clearpath_control/share/clearpath_control/config/generic/teleop_logitech.yaml
-- Up-to-date: /home/dinm/debug_clear_ws/install/clearpath_control/share/clearpath_control/config/generic/localization.yaml
-- Up-to-date: /home/dinm/debug_clear_ws/install/clearpath_control/share/clearpath_control/config/generic/teleop_ps4.yaml
-- Up-to-date: /home/dinm/debug_clear_ws/install/clearpath_control/share/clearpath_control/config/generic/teleop_interactive_markers.yaml
-- Up-to-date: /home/dinm/debug_clear_ws/install/clearpath_control/share/clearpath_control/launch
-- Up-to-date: /home/dinm/debug_clear_ws/install/clearpath_control/share/clearpath_control/launch/teleop_base.launch.py
-- Up-to-date: /home/dinm/debug_clear_ws/install/clearpath_control/share/clearpath_control/launch/localization.launch.py
-- Up-to-date: /home/dinm/debug_clear_ws/install/clearpath_control/share/clearpath_control/launch/control.launch.py
-- Up-to-date: /home/dinm/debug_clear_ws/install/clearpath_control/share/clearpath_control/launch/teleop_joy.launch.py
-- Up-to-date: /home/dinm/debug_clear_ws/install/clearpath_control/share/ament_index/resource_index/package_run_dependencies/clearpath_control
-- Up-to-date: /home/dinm/debug_clear_ws/install/clearpath_control/share/ament_index/resource_index/parent_prefix_path/clearpath_control
-- Up-to-date: /home/dinm/debug_clear_ws/install/clearpath_control/share/clearpath_control/environment/ament_prefix_path.sh
-- Up-to-date: /home/dinm/debug_clear_ws/install/clearpath_control/share/clearpath_control/environment/ament_prefix_path.dsv
-- Up-to-date: /home/dinm/debug_clear_ws/install/clearpath_control/share/clearpath_control/environment/path.sh
-- Up-to-date: /home/dinm/debug_clear_ws/install/clearpath_control/share/clearpath_control/environment/path.dsv
-- Up-to-date: /home/dinm/debug_clear_ws/install/clearpath_control/share/clearpath_control/local_setup.bash
-- Up-to-date: /home/dinm/debug_clear_ws/install/clearpath_control/share/clearpath_control/local_setup.sh
-- Up-to-date: /home/dinm/debug_clear_ws/install/clearpath_control/share/clearpath_control/local_setup.zsh
-- Up-to-date: /home/dinm/debug_clear_ws/install/clearpath_control/share/clearpath_control/local_setup.dsv
-- Up-to-date: /home/dinm/debug_clear_ws/install/clearpath_control/share/clearpath_control/package.dsv
-- Up-to-date: /home/dinm/debug_clear_ws/install/clearpath_control/share/ament_index/resource_index/packages/clearpath_control
-- Up-to-date: /home/dinm/debug_clear_ws/install/clearpath_control/share/clearpath_control/cmake/clearpath_controlConfig.cmake
-- Up-to-date: /home/dinm/debug_clear_ws/install/clearpath_control/share/clearpath_control/cmake/clearpath_controlConfig-version.cmake
-- Up-to-date: /home/dinm/debug_clear_ws/install/clearpath_control/share/clearpath_control/package.xml
