[0.070s] Invoking command in '/home/dinm/debug_clear_ws/build/clearpath_control': CMAKE_PREFIX_PATH=${CMAKE_PREFIX_PATH}:/home/dinm/debug_clear_ws/install/square_move:/home/dinm/debug_clear_ws/install/clearpath_config:/opt/ros/humble /usr/bin/cmake --build /home/dinm/debug_clear_ws/build/clearpath_control -- -j8 -l8
[0.526s] Invoked command in '/home/dinm/debug_clear_ws/build/clearpath_control' returned '0': CMAKE_PREFIX_PATH=${CMAKE_PREFIX_PATH}:/home/dinm/debug_clear_ws/install/square_move:/home/dinm/debug_clear_ws/install/clearpath_config:/opt/ros/humble /usr/bin/cmake --build /home/dinm/debug_clear_ws/build/clearpath_control -- -j8 -l8
[0.573s] Invoking command in '/home/dinm/debug_clear_ws/build/clearpath_control': CMAKE_PREFIX_PATH=${CMAKE_PREFIX_PATH}:/home/dinm/debug_clear_ws/install/square_move:/home/dinm/debug_clear_ws/install/clearpath_config:/opt/ros/humble /usr/bin/cmake --install /home/dinm/debug_clear_ws/build/clearpath_control
[0.617s] -- Install configuration: ""
[0.617s] -- Up-to-date: /home/dinm/debug_clear_ws/install/clearpath_control/share/clearpath_control/config
[0.617s] -- Up-to-date: /home/dinm/debug_clear_ws/install/clearpath_control/share/clearpath_control/config/dd100
[0.617s] -- Up-to-date: /home/dinm/debug_clear_ws/install/clearpath_control/share/clearpath_control/config/dd100/teleop_logitech.yaml
[0.617s] -- Up-to-date: /home/dinm/debug_clear_ws/install/clearpath_control/share/clearpath_control/config/dd100/localization.yaml
[0.618s] -- Up-to-date: /home/dinm/debug_clear_ws/install/clearpath_control/share/clearpath_control/config/dd100/control.yaml
[0.618s] -- Up-to-date: /home/dinm/debug_clear_ws/install/clearpath_control/share/clearpath_control/config/dd100/teleop_ps4.yaml
[0.618s] -- Up-to-date: /home/dinm/debug_clear_ws/install/clearpath_control/share/clearpath_control/config/dd100/teleop_interactive_markers.yaml
[0.618s] -- Up-to-date: /home/dinm/debug_clear_ws/install/clearpath_control/share/clearpath_control/config/do150
[0.618s] -- Up-to-date: /home/dinm/debug_clear_ws/install/clearpath_control/share/clearpath_control/config/do150/teleop_logitech.yaml
[0.618s] -- Up-to-date: /home/dinm/debug_clear_ws/install/clearpath_control/share/clearpath_control/config/do150/localization.yaml
[0.618s] -- Up-to-date: /home/dinm/debug_clear_ws/install/clearpath_control/share/clearpath_control/config/do150/control.yaml
[0.618s] -- Up-to-date: /home/dinm/debug_clear_ws/install/clearpath_control/share/clearpath_control/config/do150/teleop_ps4.yaml
[0.618s] -- Up-to-date: /home/dinm/debug_clear_ws/install/clearpath_control/share/clearpath_control/config/do150/teleop_interactive_markers.yaml
[0.619s] -- Up-to-date: /home/dinm/debug_clear_ws/install/clearpath_control/share/clearpath_control/config/do100
[0.619s] -- Up-to-date: /home/dinm/debug_clear_ws/install/clearpath_control/share/clearpath_control/config/do100/teleop_logitech.yaml
[0.619s] -- Up-to-date: /home/dinm/debug_clear_ws/install/clearpath_control/share/clearpath_control/config/do100/localization.yaml
[0.619s] -- Up-to-date: /home/dinm/debug_clear_ws/install/clearpath_control/share/clearpath_control/config/do100/control.yaml
[0.619s] -- Up-to-date: /home/dinm/debug_clear_ws/install/clearpath_control/share/clearpath_control/config/do100/teleop_ps4.yaml
[0.619s] -- Up-to-date: /home/dinm/debug_clear_ws/install/clearpath_control/share/clearpath_control/config/do100/teleop_interactive_markers.yaml
[0.620s] -- Up-to-date: /home/dinm/debug_clear_ws/install/clearpath_control/share/clearpath_control/config/j100
[0.620s] -- Up-to-date: /home/dinm/debug_clear_ws/install/clearpath_control/share/clearpath_control/config/j100/teleop_logitech.yaml
[0.621s] -- Up-to-date: /home/dinm/debug_clear_ws/install/clearpath_control/share/clearpath_control/config/j100/localization.yaml
[0.621s] -- Up-to-date: /home/dinm/debug_clear_ws/install/clearpath_control/share/clearpath_control/config/j100/control.yaml
[0.622s] -- Up-to-date: /home/dinm/debug_clear_ws/install/clearpath_control/share/clearpath_control/config/j100/teleop_ps4.yaml
[0.622s] -- Up-to-date: /home/dinm/debug_clear_ws/install/clearpath_control/share/clearpath_control/config/j100/teleop_interactive_markers.yaml
[0.622s] -- Up-to-date: /home/dinm/debug_clear_ws/install/clearpath_control/share/clearpath_control/config/dd150
[0.622s] -- Up-to-date: /home/dinm/debug_clear_ws/install/clearpath_control/share/clearpath_control/config/dd150/teleop_logitech.yaml
[0.623s] -- Up-to-date: /home/dinm/debug_clear_ws/install/clearpath_control/share/clearpath_control/config/dd150/localization.yaml
[0.623s] -- Up-to-date: /home/dinm/debug_clear_ws/install/clearpath_control/share/clearpath_control/config/dd150/control.yaml
[0.623s] -- Up-to-date: /home/dinm/debug_clear_ws/install/clearpath_control/share/clearpath_control/config/dd150/teleop_ps4.yaml
[0.623s] -- Up-to-date: /home/dinm/debug_clear_ws/install/clearpath_control/share/clearpath_control/config/dd150/teleop_interactive_markers.yaml
[0.623s] -- Up-to-date: /home/dinm/debug_clear_ws/install/clearpath_control/share/clearpath_control/config/r100
[0.623s] -- Up-to-date: /home/dinm/debug_clear_ws/install/clearpath_control/share/clearpath_control/config/r100/teleop_logitech.yaml
[0.623s] -- Up-to-date: /home/dinm/debug_clear_ws/install/clearpath_control/share/clearpath_control/config/r100/localization.yaml
[0.624s] -- Up-to-date: /home/dinm/debug_clear_ws/install/clearpath_control/share/clearpath_control/config/r100/control.yaml
[0.625s] -- Up-to-date: /home/dinm/debug_clear_ws/install/clearpath_control/share/clearpath_control/config/r100/teleop_ps4.yaml
[0.625s] -- Up-to-date: /home/dinm/debug_clear_ws/install/clearpath_control/share/clearpath_control/config/r100/teleop_interactive_markers.yaml
[0.626s] -- Up-to-date: /home/dinm/debug_clear_ws/install/clearpath_control/share/clearpath_control/config/a200
[0.626s] -- Up-to-date: /home/dinm/debug_clear_ws/install/clearpath_control/share/clearpath_control/config/a200/teleop_logitech.yaml
[0.626s] -- Up-to-date: /home/dinm/debug_clear_ws/install/clearpath_control/share/clearpath_control/config/a200/localization.yaml
[0.626s] -- Up-to-date: /home/dinm/debug_clear_ws/install/clearpath_control/share/clearpath_control/config/a200/control.yaml
[0.626s] -- Up-to-date: /home/dinm/debug_clear_ws/install/clearpath_control/share/clearpath_control/config/a200/teleop_ps4.yaml
[0.626s] -- Up-to-date: /home/dinm/debug_clear_ws/install/clearpath_control/share/clearpath_control/config/a200/teleop_interactive_markers.yaml
[0.627s] -- Up-to-date: /home/dinm/debug_clear_ws/install/clearpath_control/share/clearpath_control/config/w200
[0.627s] -- Up-to-date: /home/dinm/debug_clear_ws/install/clearpath_control/share/clearpath_control/config/w200/teleop_logitech.yaml
[0.627s] -- Up-to-date: /home/dinm/debug_clear_ws/install/clearpath_control/share/clearpath_control/config/w200/localization.yaml
[0.627s] -- Up-to-date: /home/dinm/debug_clear_ws/install/clearpath_control/share/clearpath_control/config/w200/control.yaml
[0.627s] -- Up-to-date: /home/dinm/debug_clear_ws/install/clearpath_control/share/clearpath_control/config/w200/teleop_ps4.yaml
[0.627s] -- Up-to-date: /home/dinm/debug_clear_ws/install/clearpath_control/share/clearpath_control/config/w200/teleop_interactive_markers.yaml
[0.627s] -- Up-to-date: /home/dinm/debug_clear_ws/install/clearpath_control/share/clearpath_control/config/twist_mux.yaml
[0.627s] -- Up-to-date: /home/dinm/debug_clear_ws/install/clearpath_control/share/clearpath_control/config/generic
[0.627s] -- Up-to-date: /home/dinm/debug_clear_ws/install/clearpath_control/share/clearpath_control/config/generic/teleop_logitech.yaml
[0.627s] -- Up-to-date: /home/dinm/debug_clear_ws/install/clearpath_control/share/clearpath_control/config/generic/localization.yaml
[0.627s] -- Up-to-date: /home/dinm/debug_clear_ws/install/clearpath_control/share/clearpath_control/config/generic/teleop_ps4.yaml
[0.627s] -- Up-to-date: /home/dinm/debug_clear_ws/install/clearpath_control/share/clearpath_control/config/generic/teleop_interactive_markers.yaml
[0.627s] -- Up-to-date: /home/dinm/debug_clear_ws/install/clearpath_control/share/clearpath_control/launch
[0.628s] -- Up-to-date: /home/dinm/debug_clear_ws/install/clearpath_control/share/clearpath_control/launch/teleop_base.launch.py
[0.628s] -- Up-to-date: /home/dinm/debug_clear_ws/install/clearpath_control/share/clearpath_control/launch/localization.launch.py
[0.628s] -- Up-to-date: /home/dinm/debug_clear_ws/install/clearpath_control/share/clearpath_control/launch/control.launch.py
[0.628s] -- Up-to-date: /home/dinm/debug_clear_ws/install/clearpath_control/share/clearpath_control/launch/teleop_joy.launch.py
[0.629s] -- Up-to-date: /home/dinm/debug_clear_ws/install/clearpath_control/share/ament_index/resource_index/package_run_dependencies/clearpath_control
[0.629s] -- Up-to-date: /home/dinm/debug_clear_ws/install/clearpath_control/share/ament_index/resource_index/parent_prefix_path/clearpath_control
[0.629s] -- Up-to-date: /home/dinm/debug_clear_ws/install/clearpath_control/share/clearpath_control/environment/ament_prefix_path.sh
[0.629s] -- Up-to-date: /home/dinm/debug_clear_ws/install/clearpath_control/share/clearpath_control/environment/ament_prefix_path.dsv
[0.629s] -- Up-to-date: /home/dinm/debug_clear_ws/install/clearpath_control/share/clearpath_control/environment/path.sh
[0.629s] -- Up-to-date: /home/dinm/debug_clear_ws/install/clearpath_control/share/clearpath_control/environment/path.dsv
[0.629s] -- Up-to-date: /home/dinm/debug_clear_ws/install/clearpath_control/share/clearpath_control/local_setup.bash
[0.631s] -- Up-to-date: /home/dinm/debug_clear_ws/install/clearpath_control/share/clearpath_control/local_setup.sh
[0.632s] -- Up-to-date: /home/dinm/debug_clear_ws/install/clearpath_control/share/clearpath_control/local_setup.zsh
[0.632s] -- Up-to-date: /home/dinm/debug_clear_ws/install/clearpath_control/share/clearpath_control/local_setup.dsv
[0.632s] -- Installing: /home/dinm/debug_clear_ws/install/clearpath_control/share/clearpath_control/package.dsv
[0.632s] -- Up-to-date: /home/dinm/debug_clear_ws/install/clearpath_control/share/ament_index/resource_index/packages/clearpath_control
[0.632s] -- Up-to-date: /home/dinm/debug_clear_ws/install/clearpath_control/share/clearpath_control/cmake/clearpath_controlConfig.cmake
[0.632s] -- Up-to-date: /home/dinm/debug_clear_ws/install/clearpath_control/share/clearpath_control/cmake/clearpath_controlConfig-version.cmake
[0.632s] -- Up-to-date: /home/dinm/debug_clear_ws/install/clearpath_control/share/clearpath_control/package.xml
[0.639s] Invoked command in '/home/dinm/debug_clear_ws/build/clearpath_control' returned '0': CMAKE_PREFIX_PATH=${CMAKE_PREFIX_PATH}:/home/dinm/debug_clear_ws/install/square_move:/home/dinm/debug_clear_ws/install/clearpath_config:/opt/ros/humble /usr/bin/cmake --install /home/dinm/debug_clear_ws/build/clearpath_control
