[0.037s] Invoking command in '/home/dinm/debug_clear_ws/build/clearpath_control': CMAKE_PREFIX_PATH=${CMAKE_PREFIX_PATH}:/home/dinm/debug_clear_ws/install/square_move:/home/dinm/debug_clear_ws/install/clearpath_config:/opt/ros/humble /usr/bin/cmake --build /home/dinm/debug_clear_ws/build/clearpath_control -- -j8 -l8
[0.331s] Invoked command in '/home/dinm/debug_clear_ws/build/clearpath_control' returned '0': CMAKE_PREFIX_PATH=${CMAKE_PREFIX_PATH}:/home/dinm/debug_clear_ws/install/square_move:/home/dinm/debug_clear_ws/install/clearpath_config:/opt/ros/humble /usr/bin/cmake --build /home/dinm/debug_clear_ws/build/clearpath_control -- -j8 -l8
[0.368s] Invoking command in '/home/dinm/debug_clear_ws/build/clearpath_control': CMAKE_PREFIX_PATH=${CMAKE_PREFIX_PATH}:/home/dinm/debug_clear_ws/install/square_move:/home/dinm/debug_clear_ws/install/clearpath_config:/opt/ros/humble /usr/bin/cmake --install /home/dinm/debug_clear_ws/build/clearpath_control
[0.416s] -- Install configuration: ""
[0.416s] -- Up-to-date: /home/dinm/debug_clear_ws/install/clearpath_control/share/clearpath_control/config
[0.417s] -- Up-to-date: /home/dinm/debug_clear_ws/install/clearpath_control/share/clearpath_control/config/dd100
[0.417s] -- Up-to-date: /home/dinm/debug_clear_ws/install/clearpath_control/share/clearpath_control/config/dd100/teleop_logitech.yaml
[0.417s] -- Up-to-date: /home/dinm/debug_clear_ws/install/clearpath_control/share/clearpath_control/config/dd100/localization.yaml
[0.418s] -- Up-to-date: /home/dinm/debug_clear_ws/install/clearpath_control/share/clearpath_control/config/dd100/control.yaml
[0.419s] -- Up-to-date: /home/dinm/debug_clear_ws/install/clearpath_control/share/clearpath_control/config/dd100/teleop_ps4.yaml
[0.419s] -- Up-to-date: /home/dinm/debug_clear_ws/install/clearpath_control/share/clearpath_control/config/dd100/teleop_interactive_markers.yaml
[0.419s] -- Up-to-date: /home/dinm/debug_clear_ws/install/clearpath_control/share/clearpath_control/config/do150
[0.420s] -- Up-to-date: /home/dinm/debug_clear_ws/install/clearpath_control/share/clearpath_control/config/do150/teleop_logitech.yaml
[0.420s] -- Up-to-date: /home/dinm/debug_clear_ws/install/clearpath_control/share/clearpath_control/config/do150/localization.yaml
[0.420s] -- Up-to-date: /home/dinm/debug_clear_ws/install/clearpath_control/share/clearpath_control/config/do150/control.yaml
[0.420s] -- Up-to-date: /home/dinm/debug_clear_ws/install/clearpath_control/share/clearpath_control/config/do150/teleop_ps4.yaml
[0.420s] -- Up-to-date: /home/dinm/debug_clear_ws/install/clearpath_control/share/clearpath_control/config/do150/teleop_interactive_markers.yaml
[0.420s] -- Up-to-date: /home/dinm/debug_clear_ws/install/clearpath_control/share/clearpath_control/config/do100
[0.421s] -- Up-to-date: /home/dinm/debug_clear_ws/install/clearpath_control/share/clearpath_control/config/do100/teleop_logitech.yaml
[0.421s] -- Up-to-date: /home/dinm/debug_clear_ws/install/clearpath_control/share/clearpath_control/config/do100/localization.yaml
[0.421s] -- Up-to-date: /home/dinm/debug_clear_ws/install/clearpath_control/share/clearpath_control/config/do100/control.yaml
[0.421s] -- Up-to-date: /home/dinm/debug_clear_ws/install/clearpath_control/share/clearpath_control/config/do100/teleop_ps4.yaml
[0.421s] -- Up-to-date: /home/dinm/debug_clear_ws/install/clearpath_control/share/clearpath_control/config/do100/teleop_interactive_markers.yaml
[0.421s] -- Up-to-date: /home/dinm/debug_clear_ws/install/clearpath_control/share/clearpath_control/config/j100
[0.421s] -- Up-to-date: /home/dinm/debug_clear_ws/install/clearpath_control/share/clearpath_control/config/j100/teleop_logitech.yaml
[0.421s] -- Up-to-date: /home/dinm/debug_clear_ws/install/clearpath_control/share/clearpath_control/config/j100/localization.yaml
[0.422s] -- Up-to-date: /home/dinm/debug_clear_ws/install/clearpath_control/share/clearpath_control/config/j100/control.yaml
[0.422s] -- Up-to-date: /home/dinm/debug_clear_ws/install/clearpath_control/share/clearpath_control/config/j100/teleop_ps4.yaml
[0.422s] -- Up-to-date: /home/dinm/debug_clear_ws/install/clearpath_control/share/clearpath_control/config/j100/teleop_interactive_markers.yaml
[0.422s] -- Up-to-date: /home/dinm/debug_clear_ws/install/clearpath_control/share/clearpath_control/config/dd150
[0.422s] -- Up-to-date: /home/dinm/debug_clear_ws/install/clearpath_control/share/clearpath_control/config/dd150/teleop_logitech.yaml
[0.422s] -- Up-to-date: /home/dinm/debug_clear_ws/install/clearpath_control/share/clearpath_control/config/dd150/localization.yaml
[0.422s] -- Up-to-date: /home/dinm/debug_clear_ws/install/clearpath_control/share/clearpath_control/config/dd150/control.yaml
[0.422s] -- Up-to-date: /home/dinm/debug_clear_ws/install/clearpath_control/share/clearpath_control/config/dd150/teleop_ps4.yaml
[0.423s] -- Up-to-date: /home/dinm/debug_clear_ws/install/clearpath_control/share/clearpath_control/config/dd150/teleop_interactive_markers.yaml
[0.423s] -- Up-to-date: /home/dinm/debug_clear_ws/install/clearpath_control/share/clearpath_control/config/r100
[0.423s] -- Up-to-date: /home/dinm/debug_clear_ws/install/clearpath_control/share/clearpath_control/config/r100/teleop_logitech.yaml
[0.431s] -- Up-to-date: /home/dinm/debug_clear_ws/install/clearpath_control/share/clearpath_control/config/r100/localization.yaml
[0.432s] -- Up-to-date: /home/dinm/debug_clear_ws/install/clearpath_control/share/clearpath_control/config/r100/control.yaml
[0.432s] -- Up-to-date: /home/dinm/debug_clear_ws/install/clearpath_control/share/clearpath_control/config/r100/teleop_ps4.yaml
[0.432s] -- Up-to-date: /home/dinm/debug_clear_ws/install/clearpath_control/share/clearpath_control/config/r100/teleop_interactive_markers.yaml
[0.432s] -- Up-to-date: /home/dinm/debug_clear_ws/install/clearpath_control/share/clearpath_control/config/a200
[0.433s] -- Up-to-date: /home/dinm/debug_clear_ws/install/clearpath_control/share/clearpath_control/config/a200/teleop_logitech.yaml
[0.434s] -- Up-to-date: /home/dinm/debug_clear_ws/install/clearpath_control/share/clearpath_control/config/a200/localization.yaml
[0.434s] -- Up-to-date: /home/dinm/debug_clear_ws/install/clearpath_control/share/clearpath_control/config/a200/control.yaml
[0.434s] -- Up-to-date: /home/dinm/debug_clear_ws/install/clearpath_control/share/clearpath_control/config/a200/teleop_ps4.yaml
[0.434s] -- Up-to-date: /home/dinm/debug_clear_ws/install/clearpath_control/share/clearpath_control/config/a200/teleop_interactive_markers.yaml
[0.434s] -- Up-to-date: /home/dinm/debug_clear_ws/install/clearpath_control/share/clearpath_control/config/w200
[0.434s] -- Up-to-date: /home/dinm/debug_clear_ws/install/clearpath_control/share/clearpath_control/config/w200/teleop_logitech.yaml
[0.435s] -- Up-to-date: /home/dinm/debug_clear_ws/install/clearpath_control/share/clearpath_control/config/w200/localization.yaml
[0.435s] -- Up-to-date: /home/dinm/debug_clear_ws/install/clearpath_control/share/clearpath_control/config/w200/control.yaml
[0.435s] -- Up-to-date: /home/dinm/debug_clear_ws/install/clearpath_control/share/clearpath_control/config/w200/teleop_ps4.yaml
[0.435s] -- Up-to-date: /home/dinm/debug_clear_ws/install/clearpath_control/share/clearpath_control/config/w200/teleop_interactive_markers.yaml
[0.435s] -- Up-to-date: /home/dinm/debug_clear_ws/install/clearpath_control/share/clearpath_control/config/twist_mux.yaml
[0.435s] -- Up-to-date: /home/dinm/debug_clear_ws/install/clearpath_control/share/clearpath_control/config/generic
[0.435s] -- Up-to-date: /home/dinm/debug_clear_ws/install/clearpath_control/share/clearpath_control/config/generic/teleop_logitech.yaml
[0.435s] -- Up-to-date: /home/dinm/debug_clear_ws/install/clearpath_control/share/clearpath_control/config/generic/localization.yaml
[0.435s] -- Up-to-date: /home/dinm/debug_clear_ws/install/clearpath_control/share/clearpath_control/config/generic/teleop_ps4.yaml
[0.436s] -- Up-to-date: /home/dinm/debug_clear_ws/install/clearpath_control/share/clearpath_control/config/generic/teleop_interactive_markers.yaml
[0.436s] -- Up-to-date: /home/dinm/debug_clear_ws/install/clearpath_control/share/clearpath_control/launch
[0.436s] -- Up-to-date: /home/dinm/debug_clear_ws/install/clearpath_control/share/clearpath_control/launch/teleop_base.launch.py
[0.436s] -- Up-to-date: /home/dinm/debug_clear_ws/install/clearpath_control/share/clearpath_control/launch/localization.launch.py
[0.436s] -- Up-to-date: /home/dinm/debug_clear_ws/install/clearpath_control/share/clearpath_control/launch/control.launch.py
[0.436s] -- Up-to-date: /home/dinm/debug_clear_ws/install/clearpath_control/share/clearpath_control/launch/teleop_joy.launch.py
[0.436s] -- Up-to-date: /home/dinm/debug_clear_ws/install/clearpath_control/share/ament_index/resource_index/package_run_dependencies/clearpath_control
[0.436s] -- Up-to-date: /home/dinm/debug_clear_ws/install/clearpath_control/share/ament_index/resource_index/parent_prefix_path/clearpath_control
[0.436s] -- Up-to-date: /home/dinm/debug_clear_ws/install/clearpath_control/share/clearpath_control/environment/ament_prefix_path.sh
[0.437s] -- Up-to-date: /home/dinm/debug_clear_ws/install/clearpath_control/share/clearpath_control/environment/ament_prefix_path.dsv
[0.437s] -- Up-to-date: /home/dinm/debug_clear_ws/install/clearpath_control/share/clearpath_control/environment/path.sh
[0.437s] -- Up-to-date: /home/dinm/debug_clear_ws/install/clearpath_control/share/clearpath_control/environment/path.dsv
[0.437s] -- Up-to-date: /home/dinm/debug_clear_ws/install/clearpath_control/share/clearpath_control/local_setup.bash
[0.438s] -- Up-to-date: /home/dinm/debug_clear_ws/install/clearpath_control/share/clearpath_control/local_setup.sh
[0.438s] -- Up-to-date: /home/dinm/debug_clear_ws/install/clearpath_control/share/clearpath_control/local_setup.zsh
[0.438s] -- Up-to-date: /home/dinm/debug_clear_ws/install/clearpath_control/share/clearpath_control/local_setup.dsv
[0.438s] -- Installing: /home/dinm/debug_clear_ws/install/clearpath_control/share/clearpath_control/package.dsv
[0.438s] -- Up-to-date: /home/dinm/debug_clear_ws/install/clearpath_control/share/ament_index/resource_index/packages/clearpath_control
[0.438s] -- Up-to-date: /home/dinm/debug_clear_ws/install/clearpath_control/share/clearpath_control/cmake/clearpath_controlConfig.cmake
[0.439s] -- Up-to-date: /home/dinm/debug_clear_ws/install/clearpath_control/share/clearpath_control/cmake/clearpath_controlConfig-version.cmake
[0.439s] -- Up-to-date: /home/dinm/debug_clear_ws/install/clearpath_control/share/clearpath_control/package.xml
[0.449s] Invoked command in '/home/dinm/debug_clear_ws/build/clearpath_control' returned '0': CMAKE_PREFIX_PATH=${CMAKE_PREFIX_PATH}:/home/dinm/debug_clear_ws/install/square_move:/home/dinm/debug_clear_ws/install/clearpath_config:/opt/ros/humble /usr/bin/cmake --install /home/dinm/debug_clear_ws/build/clearpath_control
