[0.474s] Invoking command in '/home/dinm/debug_clear_ws/build/clearpath_customization': CMAKE_PREFIX_PATH=/opt/ros/humble /usr/bin/cmake --build /home/dinm/debug_clear_ws/build/clearpath_customization -- -j8 -l8
[0.578s] Invoked command in '/home/dinm/debug_clear_ws/build/clearpath_customization' returned '0': CMAKE_PREFIX_PATH=/opt/ros/humble /usr/bin/cmake --build /home/dinm/debug_clear_ws/build/clearpath_customization -- -j8 -l8
[0.660s] Invoking command in '/home/dinm/debug_clear_ws/build/clearpath_customization': CMAKE_PREFIX_PATH=/opt/ros/humble /usr/bin/cmake --install /home/dinm/debug_clear_ws/build/clearpath_customization
[0.677s] -- Install configuration: ""
[0.678s] -- Up-to-date: /home/dinm/debug_clear_ws/install/clearpath_customization/lib/clearpath_customization/generate_bringup
[0.684s] -- Up-to-date: /home/dinm/debug_clear_ws/install/clearpath_customization/lib/clearpath_customization/generate_description
[0.684s] -- Up-to-date: /home/dinm/debug_clear_ws/install/clearpath_customization/share/clearpath_customization/project_bringup
[0.684s] -- Up-to-date: /home/dinm/debug_clear_ws/install/clearpath_customization/share/clearpath_customization/project_bringup/launch
[0.684s] -- Up-to-date: /home/dinm/debug_clear_ws/install/clearpath_customization/share/clearpath_customization/project_bringup/launch/device.launch.py
[0.684s] -- Up-to-date: /home/dinm/debug_clear_ws/install/clearpath_customization/share/clearpath_customization/project_bringup/launch/project_bringup.launch.py
[0.685s] -- Up-to-date: /home/dinm/debug_clear_ws/install/clearpath_customization/share/clearpath_customization/project_bringup/config
[0.685s] -- Up-to-date: /home/dinm/debug_clear_ws/install/clearpath_customization/share/clearpath_customization/project_bringup/config/device.yaml
[0.685s] -- Up-to-date: /home/dinm/debug_clear_ws/install/clearpath_customization/share/clearpath_customization/project_bringup/LICENSE
[0.685s] -- Up-to-date: /home/dinm/debug_clear_ws/install/clearpath_customization/share/clearpath_customization/project_bringup/CMakeLists.txt
[0.685s] -- Up-to-date: /home/dinm/debug_clear_ws/install/clearpath_customization/share/clearpath_customization/project_bringup/package.xml
[0.685s] -- Up-to-date: /home/dinm/debug_clear_ws/install/clearpath_customization/share/clearpath_customization/project_description
[0.685s] -- Up-to-date: /home/dinm/debug_clear_ws/install/clearpath_customization/share/clearpath_customization/project_description/LICENSE
[0.686s] -- Up-to-date: /home/dinm/debug_clear_ws/install/clearpath_customization/share/clearpath_customization/project_description/CMakeLists.txt
[0.686s] -- Up-to-date: /home/dinm/debug_clear_ws/install/clearpath_customization/share/clearpath_customization/project_description/urdf
[0.686s] -- Up-to-date: /home/dinm/debug_clear_ws/install/clearpath_customization/share/clearpath_customization/project_description/urdf/donut.urdf.xacro
[0.686s] -- Up-to-date: /home/dinm/debug_clear_ws/install/clearpath_customization/share/clearpath_customization/project_description/urdf/project_description.urdf.xacro
[0.686s] -- Up-to-date: /home/dinm/debug_clear_ws/install/clearpath_customization/share/clearpath_customization/project_description/meshes
[0.686s] -- Up-to-date: /home/dinm/debug_clear_ws/install/clearpath_customization/share/clearpath_customization/project_description/meshes/donut.stl
[0.686s] -- Up-to-date: /home/dinm/debug_clear_ws/install/clearpath_customization/share/clearpath_customization/project_description/package.xml
[0.686s] -- Up-to-date: /home/dinm/debug_clear_ws/install/clearpath_customization/share/ament_index/resource_index/package_run_dependencies/clearpath_customization
[0.687s] -- Up-to-date: /home/dinm/debug_clear_ws/install/clearpath_customization/share/ament_index/resource_index/parent_prefix_path/clearpath_customization
[0.687s] -- Up-to-date: /home/dinm/debug_clear_ws/install/clearpath_customization/share/clearpath_customization/environment/ament_prefix_path.sh
[0.687s] -- Up-to-date: /home/dinm/debug_clear_ws/install/clearpath_customization/share/clearpath_customization/environment/ament_prefix_path.dsv
[0.687s] -- Up-to-date: /home/dinm/debug_clear_ws/install/clearpath_customization/share/clearpath_customization/environment/path.sh
[0.689s] -- Up-to-date: /home/dinm/debug_clear_ws/install/clearpath_customization/share/clearpath_customization/environment/path.dsv
[0.689s] -- Up-to-date: /home/dinm/debug_clear_ws/install/clearpath_customization/share/clearpath_customization/local_setup.bash
[0.689s] -- Up-to-date: /home/dinm/debug_clear_ws/install/clearpath_customization/share/clearpath_customization/local_setup.sh
[0.689s] -- Up-to-date: /home/dinm/debug_clear_ws/install/clearpath_customization/share/clearpath_customization/local_setup.zsh
[0.689s] -- Up-to-date: /home/dinm/debug_clear_ws/install/clearpath_customization/share/clearpath_customization/local_setup.dsv
[0.690s] -- Installing: /home/dinm/debug_clear_ws/install/clearpath_customization/share/clearpath_customization/package.dsv
[0.695s] -- Up-to-date: /home/dinm/debug_clear_ws/install/clearpath_customization/share/ament_index/resource_index/packages/clearpath_customization
[0.695s] -- Up-to-date: /home/dinm/debug_clear_ws/install/clearpath_customization/share/clearpath_customization/cmake/clearpath_customizationConfig.cmake
[0.696s] -- Up-to-date: /home/dinm/debug_clear_ws/install/clearpath_customization/share/clearpath_customization/cmake/clearpath_customizationConfig-version.cmake
[0.696s] -- Up-to-date: /home/dinm/debug_clear_ws/install/clearpath_customization/share/clearpath_customization/package.xml
[0.714s] Invoked command in '/home/dinm/debug_clear_ws/build/clearpath_customization' returned '0': CMAKE_PREFIX_PATH=/opt/ros/humble /usr/bin/cmake --install /home/dinm/debug_clear_ws/build/clearpath_customization
