[0.056s] Invoking command in '/home/dinm/debug_clear_ws/build/clearpath_generator_common': AMENT_PREFIX_PATH=/home/dinm/debug_clear_ws/install/clearpath_platform:/home/dinm/debug_clear_ws/install/clearpath_description:/home/dinm/debug_clear_ws/install/clearpath_sensors_description:/home/dinm/debug_clear_ws/install/clearpath_platform_msgs:/home/dinm/debug_clear_ws/install/clearpath_platform_description:/home/dinm/debug_clear_ws/install/clearpath_mounts_description:/home/dinm/debug_clear_ws/install/clearpath_control:/home/dinm/debug_clear_ws/install/clearpath_config:${AMENT_PREFIX_PATH} CMAKE_PREFIX_PATH=/home/dinm/debug_clear_ws/install/clearpath_platform:/home/dinm/debug_clear_ws/install/clearpath_description:/home/dinm/debug_clear_ws/install/clearpath_sensors_description:/home/dinm/debug_clear_ws/install/clearpath_platform_msgs:/home/dinm/debug_clear_ws/install/clearpath_platform_description:/home/dinm/debug_clear_ws/install/clearpath_mounts_description:/home/dinm/debug_clear_ws/install/clearpath_control:/opt/ros/humble LD_LIBRARY_PATH=/home/dinm/debug_clear_ws/install/clearpath_platform/lib:/home/dinm/debug_clear_ws/install/clearpath_platform_msgs/lib:${LD_LIBRARY_PATH} PYTHONPATH=/home/dinm/debug_clear_ws/install/clearpath_platform_msgs/local/lib/python3.10/dist-packages:/home/dinm/debug_clear_ws/install/clearpath_config/lib/python3.10/site-packages:${PYTHONPATH} /usr/bin/cmake --build /home/dinm/debug_clear_ws/build/clearpath_generator_common -- -j8 -l8
[0.350s] [  0%] Built target ament_cmake_python_copy_clearpath_generator_common
[0.462s] [100%] Built target moveit_collision_updater
[0.607s] running egg_info
[0.607s] writing clearpath_generator_common.egg-info/PKG-INFO
[0.608s] writing dependency_links to clearpath_generator_common.egg-info/dependency_links.txt
[0.608s] writing top-level names to clearpath_generator_common.egg-info/top_level.txt
[0.610s] reading manifest file 'clearpath_generator_common.egg-info/SOURCES.txt'
[0.614s] writing manifest file 'clearpath_generator_common.egg-info/SOURCES.txt'
[0.633s] [100%] Built target ament_cmake_python_build_clearpath_generator_common_egg
[0.642s] Invoked command in '/home/dinm/debug_clear_ws/build/clearpath_generator_common' returned '0': AMENT_PREFIX_PATH=/home/dinm/debug_clear_ws/install/clearpath_platform:/home/dinm/debug_clear_ws/install/clearpath_description:/home/dinm/debug_clear_ws/install/clearpath_sensors_description:/home/dinm/debug_clear_ws/install/clearpath_platform_msgs:/home/dinm/debug_clear_ws/install/clearpath_platform_description:/home/dinm/debug_clear_ws/install/clearpath_mounts_description:/home/dinm/debug_clear_ws/install/clearpath_control:/home/dinm/debug_clear_ws/install/clearpath_config:${AMENT_PREFIX_PATH} CMAKE_PREFIX_PATH=/home/dinm/debug_clear_ws/install/clearpath_platform:/home/dinm/debug_clear_ws/install/clearpath_description:/home/dinm/debug_clear_ws/install/clearpath_sensors_description:/home/dinm/debug_clear_ws/install/clearpath_platform_msgs:/home/dinm/debug_clear_ws/install/clearpath_platform_description:/home/dinm/debug_clear_ws/install/clearpath_mounts_description:/home/dinm/debug_clear_ws/install/clearpath_control:/opt/ros/humble LD_LIBRARY_PATH=/home/dinm/debug_clear_ws/install/clearpath_platform/lib:/home/dinm/debug_clear_ws/install/clearpath_platform_msgs/lib:${LD_LIBRARY_PATH} PYTHONPATH=/home/dinm/debug_clear_ws/install/clearpath_platform_msgs/local/lib/python3.10/dist-packages:/home/dinm/debug_clear_ws/install/clearpath_config/lib/python3.10/site-packages:${PYTHONPATH} /usr/bin/cmake --build /home/dinm/debug_clear_ws/build/clearpath_generator_common -- -j8 -l8
[0.661s] Invoking command in '/home/dinm/debug_clear_ws/build/clearpath_generator_common': AMENT_PREFIX_PATH=/home/dinm/debug_clear_ws/install/clearpath_platform:/home/dinm/debug_clear_ws/install/clearpath_description:/home/dinm/debug_clear_ws/install/clearpath_sensors_description:/home/dinm/debug_clear_ws/install/clearpath_platform_msgs:/home/dinm/debug_clear_ws/install/clearpath_platform_description:/home/dinm/debug_clear_ws/install/clearpath_mounts_description:/home/dinm/debug_clear_ws/install/clearpath_control:/home/dinm/debug_clear_ws/install/clearpath_config:${AMENT_PREFIX_PATH} CMAKE_PREFIX_PATH=/home/dinm/debug_clear_ws/install/clearpath_platform:/home/dinm/debug_clear_ws/install/clearpath_description:/home/dinm/debug_clear_ws/install/clearpath_sensors_description:/home/dinm/debug_clear_ws/install/clearpath_platform_msgs:/home/dinm/debug_clear_ws/install/clearpath_platform_description:/home/dinm/debug_clear_ws/install/clearpath_mounts_description:/home/dinm/debug_clear_ws/install/clearpath_control:/opt/ros/humble LD_LIBRARY_PATH=/home/dinm/debug_clear_ws/install/clearpath_platform/lib:/home/dinm/debug_clear_ws/install/clearpath_platform_msgs/lib:${LD_LIBRARY_PATH} PYTHONPATH=/home/dinm/debug_clear_ws/install/clearpath_platform_msgs/local/lib/python3.10/dist-packages:/home/dinm/debug_clear_ws/install/clearpath_config/lib/python3.10/site-packages:${PYTHONPATH} /usr/bin/cmake --install /home/dinm/debug_clear_ws/build/clearpath_generator_common
[0.668s] -- Install configuration: ""
[0.671s] -- Up-to-date: /home/dinm/debug_clear_ws/install/clearpath_generator_common/lib/clearpath_generator_common/generate_description
[0.672s] -- Up-to-date: /home/dinm/debug_clear_ws/install/clearpath_generator_common/lib/clearpath_generator_common/generate_discovery_server
[0.672s] -- Up-to-date: /home/dinm/debug_clear_ws/install/clearpath_generator_common/lib/clearpath_generator_common/generate_bash
[0.672s] -- Up-to-date: /home/dinm/debug_clear_ws/install/clearpath_generator_common/lib/clearpath_generator_common/generate_semantic_description
[0.675s] -- Up-to-date: /home/dinm/debug_clear_ws/install/clearpath_generator_common/lib/clearpath_generator_common/moveit_collision_updater
[0.679s] -- Up-to-date: /home/dinm/debug_clear_ws/install/clearpath_generator_common/share/clearpath_generator_common/environment/pythonpath.sh
[0.679s] -- Up-to-date: /home/dinm/debug_clear_ws/install/clearpath_generator_common/share/clearpath_generator_common/environment/pythonpath.dsv
[0.683s] -- Up-to-date: /home/dinm/debug_clear_ws/install/clearpath_generator_common/local/lib/python3.10/dist-packages/clearpath_generator_common-0.2.11-py3.10.egg-info
[0.684s] -- Installing: /home/dinm/debug_clear_ws/install/clearpath_generator_common/local/lib/python3.10/dist-packages/clearpath_generator_common-0.2.11-py3.10.egg-info/dependency_links.txt
[0.685s] -- Installing: /home/dinm/debug_clear_ws/install/clearpath_generator_common/local/lib/python3.10/dist-packages/clearpath_generator_common-0.2.11-py3.10.egg-info/SOURCES.txt
[0.685s] -- Installing: /home/dinm/debug_clear_ws/install/clearpath_generator_common/local/lib/python3.10/dist-packages/clearpath_generator_common-0.2.11-py3.10.egg-info/PKG-INFO
[0.686s] -- Installing: /home/dinm/debug_clear_ws/install/clearpath_generator_common/local/lib/python3.10/dist-packages/clearpath_generator_common-0.2.11-py3.10.egg-info/top_level.txt
[0.686s] -- Up-to-date: /home/dinm/debug_clear_ws/install/clearpath_generator_common/local/lib/python3.10/dist-packages/clearpath_generator_common
[0.687s] -- Up-to-date: /home/dinm/debug_clear_ws/install/clearpath_generator_common/local/lib/python3.10/dist-packages/clearpath_generator_common/__init__.py
[0.688s] -- Up-to-date: /home/dinm/debug_clear_ws/install/clearpath_generator_common/local/lib/python3.10/dist-packages/clearpath_generator_common/common.py
[0.688s] -- Up-to-date: /home/dinm/debug_clear_ws/install/clearpath_generator_common/local/lib/python3.10/dist-packages/clearpath_generator_common/param
[0.689s] -- Up-to-date: /home/dinm/debug_clear_ws/install/clearpath_generator_common/local/lib/python3.10/dist-packages/clearpath_generator_common/param/__init__.py
[0.689s] -- Up-to-date: /home/dinm/debug_clear_ws/install/clearpath_generator_common/local/lib/python3.10/dist-packages/clearpath_generator_common/param/writer.py
[0.689s] -- Up-to-date: /home/dinm/debug_clear_ws/install/clearpath_generator_common/local/lib/python3.10/dist-packages/clearpath_generator_common/param/manipulators.py
[0.690s] -- Up-to-date: /home/dinm/debug_clear_ws/install/clearpath_generator_common/local/lib/python3.10/dist-packages/clearpath_generator_common/param/generator.py
[0.690s] -- Up-to-date: /home/dinm/debug_clear_ws/install/clearpath_generator_common/local/lib/python3.10/dist-packages/clearpath_generator_common/param/platform.py
[0.690s] -- Up-to-date: /home/dinm/debug_clear_ws/install/clearpath_generator_common/local/lib/python3.10/dist-packages/clearpath_generator_common/launch
[0.690s] -- Up-to-date: /home/dinm/debug_clear_ws/install/clearpath_generator_common/local/lib/python3.10/dist-packages/clearpath_generator_common/launch/__init__.py
[0.691s] -- Up-to-date: /home/dinm/debug_clear_ws/install/clearpath_generator_common/local/lib/python3.10/dist-packages/clearpath_generator_common/launch/writer.py
[0.691s] -- Up-to-date: /home/dinm/debug_clear_ws/install/clearpath_generator_common/local/lib/python3.10/dist-packages/clearpath_generator_common/launch/generator.py
[0.691s] -- Up-to-date: /home/dinm/debug_clear_ws/install/clearpath_generator_common/local/lib/python3.10/dist-packages/clearpath_generator_common/package
[0.692s] -- Up-to-date: /home/dinm/debug_clear_ws/install/clearpath_generator_common/local/lib/python3.10/dist-packages/clearpath_generator_common/package/__init__.py
[0.692s] -- Up-to-date: /home/dinm/debug_clear_ws/install/clearpath_generator_common/local/lib/python3.10/dist-packages/clearpath_generator_common/package/writer.py
[0.693s] -- Up-to-date: /home/dinm/debug_clear_ws/install/clearpath_generator_common/local/lib/python3.10/dist-packages/clearpath_generator_common/description
[0.693s] -- Up-to-date: /home/dinm/debug_clear_ws/install/clearpath_generator_common/local/lib/python3.10/dist-packages/clearpath_generator_common/description/__init__.py
[0.693s] -- Up-to-date: /home/dinm/debug_clear_ws/install/clearpath_generator_common/local/lib/python3.10/dist-packages/clearpath_generator_common/description/sensors.py
[0.693s] -- Up-to-date: /home/dinm/debug_clear_ws/install/clearpath_generator_common/local/lib/python3.10/dist-packages/clearpath_generator_common/description/writer.py
[0.693s] -- Up-to-date: /home/dinm/debug_clear_ws/install/clearpath_generator_common/local/lib/python3.10/dist-packages/clearpath_generator_common/description/attachments.py
[0.694s] -- Up-to-date: /home/dinm/debug_clear_ws/install/clearpath_generator_common/local/lib/python3.10/dist-packages/clearpath_generator_common/description/links.py
[0.694s] -- Up-to-date: /home/dinm/debug_clear_ws/install/clearpath_generator_common/local/lib/python3.10/dist-packages/clearpath_generator_common/description/mounts.py
[0.694s] -- Up-to-date: /home/dinm/debug_clear_ws/install/clearpath_generator_common/local/lib/python3.10/dist-packages/clearpath_generator_common/description/manipulators.py
[0.694s] -- Up-to-date: /home/dinm/debug_clear_ws/install/clearpath_generator_common/local/lib/python3.10/dist-packages/clearpath_generator_common/description/generate_description
[0.695s] -- Up-to-date: /home/dinm/debug_clear_ws/install/clearpath_generator_common/local/lib/python3.10/dist-packages/clearpath_generator_common/description/generator.py
[0.695s] -- Up-to-date: /home/dinm/debug_clear_ws/install/clearpath_generator_common/local/lib/python3.10/dist-packages/clearpath_generator_common/description/platform.py
[0.695s] -- Up-to-date: /home/dinm/debug_clear_ws/install/clearpath_generator_common/local/lib/python3.10/dist-packages/clearpath_generator_common/discovery_server
[0.696s] -- Up-to-date: /home/dinm/debug_clear_ws/install/clearpath_generator_common/local/lib/python3.10/dist-packages/clearpath_generator_common/discovery_server/generate_discovery_server
[0.696s] -- Up-to-date: /home/dinm/debug_clear_ws/install/clearpath_generator_common/local/lib/python3.10/dist-packages/clearpath_generator_common/discovery_server/generator.py
[0.696s] -- Up-to-date: /home/dinm/debug_clear_ws/install/clearpath_generator_common/local/lib/python3.10/dist-packages/clearpath_generator_common/bash
[0.697s] -- Up-to-date: /home/dinm/debug_clear_ws/install/clearpath_generator_common/local/lib/python3.10/dist-packages/clearpath_generator_common/bash/__init__.py
[0.697s] -- Up-to-date: /home/dinm/debug_clear_ws/install/clearpath_generator_common/local/lib/python3.10/dist-packages/clearpath_generator_common/bash/writer.py
[0.697s] -- Up-to-date: /home/dinm/debug_clear_ws/install/clearpath_generator_common/local/lib/python3.10/dist-packages/clearpath_generator_common/bash/generate_bash
[0.697s] -- Up-to-date: /home/dinm/debug_clear_ws/install/clearpath_generator_common/local/lib/python3.10/dist-packages/clearpath_generator_common/bash/generator.py
[0.698s] -- Up-to-date: /home/dinm/debug_clear_ws/install/clearpath_generator_common/local/lib/python3.10/dist-packages/clearpath_generator_common/semantic_description
[0.698s] -- Up-to-date: /home/dinm/debug_clear_ws/install/clearpath_generator_common/local/lib/python3.10/dist-packages/clearpath_generator_common/semantic_description/__init__.py
[0.698s] -- Up-to-date: /home/dinm/debug_clear_ws/install/clearpath_generator_common/local/lib/python3.10/dist-packages/clearpath_generator_common/semantic_description/manipulators.py
[0.698s] -- Up-to-date: /home/dinm/debug_clear_ws/install/clearpath_generator_common/local/lib/python3.10/dist-packages/clearpath_generator_common/semantic_description/generator.py
[0.698s] -- Up-to-date: /home/dinm/debug_clear_ws/install/clearpath_generator_common/local/lib/python3.10/dist-packages/clearpath_generator_common/semantic_description/generate_semantic_description
[0.805s] Listing '/home/dinm/debug_clear_ws/install/clearpath_generator_common/local/lib/python3.10/dist-packages/clearpath_generator_common'...
[0.805s] Listing '/home/dinm/debug_clear_ws/install/clearpath_generator_common/local/lib/python3.10/dist-packages/clearpath_generator_common/bash'...
[0.806s] Listing '/home/dinm/debug_clear_ws/install/clearpath_generator_common/local/lib/python3.10/dist-packages/clearpath_generator_common/description'...
[0.806s] Listing '/home/dinm/debug_clear_ws/install/clearpath_generator_common/local/lib/python3.10/dist-packages/clearpath_generator_common/discovery_server'...
[0.806s] Listing '/home/dinm/debug_clear_ws/install/clearpath_generator_common/local/lib/python3.10/dist-packages/clearpath_generator_common/launch'...
[0.806s] Listing '/home/dinm/debug_clear_ws/install/clearpath_generator_common/local/lib/python3.10/dist-packages/clearpath_generator_common/package'...
[0.806s] Listing '/home/dinm/debug_clear_ws/install/clearpath_generator_common/local/lib/python3.10/dist-packages/clearpath_generator_common/param'...
[0.806s] Listing '/home/dinm/debug_clear_ws/install/clearpath_generator_common/local/lib/python3.10/dist-packages/clearpath_generator_common/semantic_description'...
[0.820s] -- Up-to-date: /home/dinm/debug_clear_ws/install/clearpath_generator_common/share/ament_index/resource_index/package_run_dependencies/clearpath_generator_common
[0.821s] -- Up-to-date: /home/dinm/debug_clear_ws/install/clearpath_generator_common/share/ament_index/resource_index/parent_prefix_path/clearpath_generator_common
[0.822s] -- Up-to-date: /home/dinm/debug_clear_ws/install/clearpath_generator_common/share/clearpath_generator_common/environment/ament_prefix_path.sh
[0.822s] -- Up-to-date: /home/dinm/debug_clear_ws/install/clearpath_generator_common/share/clearpath_generator_common/environment/ament_prefix_path.dsv
[0.823s] -- Up-to-date: /home/dinm/debug_clear_ws/install/clearpath_generator_common/share/clearpath_generator_common/environment/path.sh
[0.823s] -- Up-to-date: /home/dinm/debug_clear_ws/install/clearpath_generator_common/share/clearpath_generator_common/environment/path.dsv
[0.823s] -- Up-to-date: /home/dinm/debug_clear_ws/install/clearpath_generator_common/share/clearpath_generator_common/local_setup.bash
[0.823s] -- Up-to-date: /home/dinm/debug_clear_ws/install/clearpath_generator_common/share/clearpath_generator_common/local_setup.sh
[0.824s] -- Up-to-date: /home/dinm/debug_clear_ws/install/clearpath_generator_common/share/clearpath_generator_common/local_setup.zsh
[0.824s] -- Up-to-date: /home/dinm/debug_clear_ws/install/clearpath_generator_common/share/clearpath_generator_common/local_setup.dsv
[0.824s] -- Installing: /home/dinm/debug_clear_ws/install/clearpath_generator_common/share/clearpath_generator_common/package.dsv
[0.825s] -- Up-to-date: /home/dinm/debug_clear_ws/install/clearpath_generator_common/share/ament_index/resource_index/packages/clearpath_generator_common
[0.826s] -- Up-to-date: /home/dinm/debug_clear_ws/install/clearpath_generator_common/share/clearpath_generator_common/cmake/clearpath_generator_commonConfig.cmake
[0.827s] -- Up-to-date: /home/dinm/debug_clear_ws/install/clearpath_generator_common/share/clearpath_generator_common/cmake/clearpath_generator_commonConfig-version.cmake
[0.827s] -- Up-to-date: /home/dinm/debug_clear_ws/install/clearpath_generator_common/share/clearpath_generator_common/package.xml
[0.834s] Invoked command in '/home/dinm/debug_clear_ws/build/clearpath_generator_common' returned '0': AMENT_PREFIX_PATH=/home/dinm/debug_clear_ws/install/clearpath_platform:/home/dinm/debug_clear_ws/install/clearpath_description:/home/dinm/debug_clear_ws/install/clearpath_sensors_description:/home/dinm/debug_clear_ws/install/clearpath_platform_msgs:/home/dinm/debug_clear_ws/install/clearpath_platform_description:/home/dinm/debug_clear_ws/install/clearpath_mounts_description:/home/dinm/debug_clear_ws/install/clearpath_control:/home/dinm/debug_clear_ws/install/clearpath_config:${AMENT_PREFIX_PATH} CMAKE_PREFIX_PATH=/home/dinm/debug_clear_ws/install/clearpath_platform:/home/dinm/debug_clear_ws/install/clearpath_description:/home/dinm/debug_clear_ws/install/clearpath_sensors_description:/home/dinm/debug_clear_ws/install/clearpath_platform_msgs:/home/dinm/debug_clear_ws/install/clearpath_platform_description:/home/dinm/debug_clear_ws/install/clearpath_mounts_description:/home/dinm/debug_clear_ws/install/clearpath_control:/opt/ros/humble LD_LIBRARY_PATH=/home/dinm/debug_clear_ws/install/clearpath_platform/lib:/home/dinm/debug_clear_ws/install/clearpath_platform_msgs/lib:${LD_LIBRARY_PATH} PYTHONPATH=/home/dinm/debug_clear_ws/install/clearpath_platform_msgs/local/lib/python3.10/dist-packages:/home/dinm/debug_clear_ws/install/clearpath_config/lib/python3.10/site-packages:${PYTHONPATH} /usr/bin/cmake --install /home/dinm/debug_clear_ws/build/clearpath_generator_common
