[0.015s] Invoking command in '/home/dinm/debug_clear_ws/build/clearpath_generator_gz': AMENT_PREFIX_PATH=/home/dinm/debug_clear_ws/install/clearpath_generator_common:/home/dinm/debug_clear_ws/install/clearpath_platform:/home/dinm/debug_clear_ws/install/clearpath_description:/home/dinm/debug_clear_ws/install/clearpath_sensors_description:/home/dinm/debug_clear_ws/install/clearpath_platform_msgs:/home/dinm/debug_clear_ws/install/clearpath_platform_description:/home/dinm/debug_clear_ws/install/clearpath_mounts_description:/home/dinm/debug_clear_ws/install/clearpath_control:/home/dinm/debug_clear_ws/install/clearpath_config:${AMENT_PREFIX_PATH} CMAKE_PREFIX_PATH=/home/dinm/debug_clear_ws/install/clearpath_generator_common:/home/dinm/debug_clear_ws/install/clearpath_platform:/home/dinm/debug_clear_ws/install/clearpath_description:/home/dinm/debug_clear_ws/install/clearpath_sensors_description:/home/dinm/debug_clear_ws/install/clearpath_platform_msgs:/home/dinm/debug_clear_ws/install/clearpath_platform_description:/home/dinm/debug_clear_ws/install/clearpath_mounts_description:/home/dinm/debug_clear_ws/install/clearpath_control:/opt/ros/humble LD_LIBRARY_PATH=/home/dinm/debug_clear_ws/install/clearpath_platform/lib:/home/dinm/debug_clear_ws/install/clearpath_platform_msgs/lib:${LD_LIBRARY_PATH} PYTHONPATH=/home/dinm/debug_clear_ws/install/clearpath_generator_common/local/lib/python3.10/dist-packages:/home/dinm/debug_clear_ws/install/clearpath_platform_msgs/local/lib/python3.10/dist-packages:/home/dinm/debug_clear_ws/install/clearpath_config/lib/python3.10/site-packages:${PYTHONPATH} /usr/bin/cmake --build /home/dinm/debug_clear_ws/build/clearpath_generator_gz -- -j8 -l8
[0.058s] Built target ament_cmake_python_copy_clearpath_generator_gz
[0.289s] running egg_info
[0.290s] writing clearpath_generator_gz.egg-info/PKG-INFO
[0.290s] writing dependency_links to clearpath_generator_gz.egg-info/dependency_links.txt
[0.291s] writing top-level names to clearpath_generator_gz.egg-info/top_level.txt
[0.294s] reading manifest file 'clearpath_generator_gz.egg-info/SOURCES.txt'
[0.294s] writing manifest file 'clearpath_generator_gz.egg-info/SOURCES.txt'
[0.315s] Built target ament_cmake_python_build_clearpath_generator_gz_egg
[0.323s] Invoked command in '/home/dinm/debug_clear_ws/build/clearpath_generator_gz' returned '0': AMENT_PREFIX_PATH=/home/dinm/debug_clear_ws/install/clearpath_generator_common:/home/dinm/debug_clear_ws/install/clearpath_platform:/home/dinm/debug_clear_ws/install/clearpath_description:/home/dinm/debug_clear_ws/install/clearpath_sensors_description:/home/dinm/debug_clear_ws/install/clearpath_platform_msgs:/home/dinm/debug_clear_ws/install/clearpath_platform_description:/home/dinm/debug_clear_ws/install/clearpath_mounts_description:/home/dinm/debug_clear_ws/install/clearpath_control:/home/dinm/debug_clear_ws/install/clearpath_config:${AMENT_PREFIX_PATH} CMAKE_PREFIX_PATH=/home/dinm/debug_clear_ws/install/clearpath_generator_common:/home/dinm/debug_clear_ws/install/clearpath_platform:/home/dinm/debug_clear_ws/install/clearpath_description:/home/dinm/debug_clear_ws/install/clearpath_sensors_description:/home/dinm/debug_clear_ws/install/clearpath_platform_msgs:/home/dinm/debug_clear_ws/install/clearpath_platform_description:/home/dinm/debug_clear_ws/install/clearpath_mounts_description:/home/dinm/debug_clear_ws/install/clearpath_control:/opt/ros/humble LD_LIBRARY_PATH=/home/dinm/debug_clear_ws/install/clearpath_platform/lib:/home/dinm/debug_clear_ws/install/clearpath_platform_msgs/lib:${LD_LIBRARY_PATH} PYTHONPATH=/home/dinm/debug_clear_ws/install/clearpath_generator_common/local/lib/python3.10/dist-packages:/home/dinm/debug_clear_ws/install/clearpath_platform_msgs/local/lib/python3.10/dist-packages:/home/dinm/debug_clear_ws/install/clearpath_config/lib/python3.10/site-packages:${PYTHONPATH} /usr/bin/cmake --build /home/dinm/debug_clear_ws/build/clearpath_generator_gz -- -j8 -l8
[0.339s] Invoking command in '/home/dinm/debug_clear_ws/build/clearpath_generator_gz': AMENT_PREFIX_PATH=/home/dinm/debug_clear_ws/install/clearpath_generator_common:/home/dinm/debug_clear_ws/install/clearpath_platform:/home/dinm/debug_clear_ws/install/clearpath_description:/home/dinm/debug_clear_ws/install/clearpath_sensors_description:/home/dinm/debug_clear_ws/install/clearpath_platform_msgs:/home/dinm/debug_clear_ws/install/clearpath_platform_description:/home/dinm/debug_clear_ws/install/clearpath_mounts_description:/home/dinm/debug_clear_ws/install/clearpath_control:/home/dinm/debug_clear_ws/install/clearpath_config:${AMENT_PREFIX_PATH} CMAKE_PREFIX_PATH=/home/dinm/debug_clear_ws/install/clearpath_generator_common:/home/dinm/debug_clear_ws/install/clearpath_platform:/home/dinm/debug_clear_ws/install/clearpath_description:/home/dinm/debug_clear_ws/install/clearpath_sensors_description:/home/dinm/debug_clear_ws/install/clearpath_platform_msgs:/home/dinm/debug_clear_ws/install/clearpath_platform_description:/home/dinm/debug_clear_ws/install/clearpath_mounts_description:/home/dinm/debug_clear_ws/install/clearpath_control:/opt/ros/humble LD_LIBRARY_PATH=/home/dinm/debug_clear_ws/install/clearpath_platform/lib:/home/dinm/debug_clear_ws/install/clearpath_platform_msgs/lib:${LD_LIBRARY_PATH} PYTHONPATH=/home/dinm/debug_clear_ws/install/clearpath_generator_common/local/lib/python3.10/dist-packages:/home/dinm/debug_clear_ws/install/clearpath_platform_msgs/local/lib/python3.10/dist-packages:/home/dinm/debug_clear_ws/install/clearpath_config/lib/python3.10/site-packages:${PYTHONPATH} /usr/bin/cmake --install /home/dinm/debug_clear_ws/build/clearpath_generator_gz
[0.344s] -- Install configuration: ""
[0.345s] -- Up-to-date: /home/dinm/debug_clear_ws/install/clearpath_generator_gz/lib/clearpath_generator_gz/generate_launch
[0.345s] -- Up-to-date: /home/dinm/debug_clear_ws/install/clearpath_generator_gz/lib/clearpath_generator_gz/generate_param
[0.345s] -- Up-to-date: /home/dinm/debug_clear_ws/install/clearpath_generator_gz/share/clearpath_generator_gz/environment/pythonpath.sh
[0.345s] -- Up-to-date: /home/dinm/debug_clear_ws/install/clearpath_generator_gz/share/clearpath_generator_gz/environment/pythonpath.dsv
[0.345s] -- Up-to-date: /home/dinm/debug_clear_ws/install/clearpath_generator_gz/local/lib/python3.10/dist-packages/clearpath_generator_gz-0.2.6-py3.10.egg-info
[0.345s] -- Installing: /home/dinm/debug_clear_ws/install/clearpath_generator_gz/local/lib/python3.10/dist-packages/clearpath_generator_gz-0.2.6-py3.10.egg-info/dependency_links.txt
[0.345s] -- Installing: /home/dinm/debug_clear_ws/install/clearpath_generator_gz/local/lib/python3.10/dist-packages/clearpath_generator_gz-0.2.6-py3.10.egg-info/SOURCES.txt
[0.345s] -- Installing: /home/dinm/debug_clear_ws/install/clearpath_generator_gz/local/lib/python3.10/dist-packages/clearpath_generator_gz-0.2.6-py3.10.egg-info/PKG-INFO
[0.345s] -- Installing: /home/dinm/debug_clear_ws/install/clearpath_generator_gz/local/lib/python3.10/dist-packages/clearpath_generator_gz-0.2.6-py3.10.egg-info/top_level.txt
[0.346s] -- Up-to-date: /home/dinm/debug_clear_ws/install/clearpath_generator_gz/local/lib/python3.10/dist-packages/clearpath_generator_gz
[0.346s] -- Up-to-date: /home/dinm/debug_clear_ws/install/clearpath_generator_gz/local/lib/python3.10/dist-packages/clearpath_generator_gz/__init__.py
[0.346s] -- Up-to-date: /home/dinm/debug_clear_ws/install/clearpath_generator_gz/local/lib/python3.10/dist-packages/clearpath_generator_gz/param
[0.346s] -- Up-to-date: /home/dinm/debug_clear_ws/install/clearpath_generator_gz/local/lib/python3.10/dist-packages/clearpath_generator_gz/param/__init__.py
[0.346s] -- Up-to-date: /home/dinm/debug_clear_ws/install/clearpath_generator_gz/local/lib/python3.10/dist-packages/clearpath_generator_gz/param/sensors.py
[0.346s] -- Up-to-date: /home/dinm/debug_clear_ws/install/clearpath_generator_gz/local/lib/python3.10/dist-packages/clearpath_generator_gz/param/generate_param
[0.346s] -- Up-to-date: /home/dinm/debug_clear_ws/install/clearpath_generator_gz/local/lib/python3.10/dist-packages/clearpath_generator_gz/param/generator.py
[0.346s] -- Up-to-date: /home/dinm/debug_clear_ws/install/clearpath_generator_gz/local/lib/python3.10/dist-packages/clearpath_generator_gz/launch
[0.346s] -- Up-to-date: /home/dinm/debug_clear_ws/install/clearpath_generator_gz/local/lib/python3.10/dist-packages/clearpath_generator_gz/launch/__init__.py
[0.346s] -- Up-to-date: /home/dinm/debug_clear_ws/install/clearpath_generator_gz/local/lib/python3.10/dist-packages/clearpath_generator_gz/launch/sensors.py
[0.346s] -- Up-to-date: /home/dinm/debug_clear_ws/install/clearpath_generator_gz/local/lib/python3.10/dist-packages/clearpath_generator_gz/launch/generate_launch
[0.346s] -- Up-to-date: /home/dinm/debug_clear_ws/install/clearpath_generator_gz/local/lib/python3.10/dist-packages/clearpath_generator_gz/launch/generator.py
[0.373s] Listing '/home/dinm/debug_clear_ws/install/clearpath_generator_gz/local/lib/python3.10/dist-packages/clearpath_generator_gz'...
[0.373s] Listing '/home/dinm/debug_clear_ws/install/clearpath_generator_gz/local/lib/python3.10/dist-packages/clearpath_generator_gz/launch'...
[0.373s] Listing '/home/dinm/debug_clear_ws/install/clearpath_generator_gz/local/lib/python3.10/dist-packages/clearpath_generator_gz/param'...
[0.376s] -- Up-to-date: /home/dinm/debug_clear_ws/install/clearpath_generator_gz/share/ament_index/resource_index/package_run_dependencies/clearpath_generator_gz
[0.376s] -- Up-to-date: /home/dinm/debug_clear_ws/install/clearpath_generator_gz/share/ament_index/resource_index/parent_prefix_path/clearpath_generator_gz
[0.376s] -- Up-to-date: /home/dinm/debug_clear_ws/install/clearpath_generator_gz/share/clearpath_generator_gz/environment/ament_prefix_path.sh
[0.376s] -- Up-to-date: /home/dinm/debug_clear_ws/install/clearpath_generator_gz/share/clearpath_generator_gz/environment/ament_prefix_path.dsv
[0.376s] -- Up-to-date: /home/dinm/debug_clear_ws/install/clearpath_generator_gz/share/clearpath_generator_gz/environment/path.sh
[0.377s] -- Up-to-date: /home/dinm/debug_clear_ws/install/clearpath_generator_gz/share/clearpath_generator_gz/environment/path.dsv
[0.377s] -- Up-to-date: /home/dinm/debug_clear_ws/install/clearpath_generator_gz/share/clearpath_generator_gz/local_setup.bash
[0.377s] -- Up-to-date: /home/dinm/debug_clear_ws/install/clearpath_generator_gz/share/clearpath_generator_gz/local_setup.sh
[0.377s] -- Up-to-date: /home/dinm/debug_clear_ws/install/clearpath_generator_gz/share/clearpath_generator_gz/local_setup.zsh
[0.377s] -- Up-to-date: /home/dinm/debug_clear_ws/install/clearpath_generator_gz/share/clearpath_generator_gz/local_setup.dsv
[0.377s] -- Installing: /home/dinm/debug_clear_ws/install/clearpath_generator_gz/share/clearpath_generator_gz/package.dsv
[0.377s] -- Up-to-date: /home/dinm/debug_clear_ws/install/clearpath_generator_gz/share/ament_index/resource_index/packages/clearpath_generator_gz
[0.377s] -- Up-to-date: /home/dinm/debug_clear_ws/install/clearpath_generator_gz/share/clearpath_generator_gz/cmake/clearpath_generator_gzConfig.cmake
[0.377s] -- Up-to-date: /home/dinm/debug_clear_ws/install/clearpath_generator_gz/share/clearpath_generator_gz/cmake/clearpath_generator_gzConfig-version.cmake
[0.377s] -- Up-to-date: /home/dinm/debug_clear_ws/install/clearpath_generator_gz/share/clearpath_generator_gz/package.xml
[0.379s] Invoked command in '/home/dinm/debug_clear_ws/build/clearpath_generator_gz' returned '0': AMENT_PREFIX_PATH=/home/dinm/debug_clear_ws/install/clearpath_generator_common:/home/dinm/debug_clear_ws/install/clearpath_platform:/home/dinm/debug_clear_ws/install/clearpath_description:/home/dinm/debug_clear_ws/install/clearpath_sensors_description:/home/dinm/debug_clear_ws/install/clearpath_platform_msgs:/home/dinm/debug_clear_ws/install/clearpath_platform_description:/home/dinm/debug_clear_ws/install/clearpath_mounts_description:/home/dinm/debug_clear_ws/install/clearpath_control:/home/dinm/debug_clear_ws/install/clearpath_config:${AMENT_PREFIX_PATH} CMAKE_PREFIX_PATH=/home/dinm/debug_clear_ws/install/clearpath_generator_common:/home/dinm/debug_clear_ws/install/clearpath_platform:/home/dinm/debug_clear_ws/install/clearpath_description:/home/dinm/debug_clear_ws/install/clearpath_sensors_description:/home/dinm/debug_clear_ws/install/clearpath_platform_msgs:/home/dinm/debug_clear_ws/install/clearpath_platform_description:/home/dinm/debug_clear_ws/install/clearpath_mounts_description:/home/dinm/debug_clear_ws/install/clearpath_control:/opt/ros/humble LD_LIBRARY_PATH=/home/dinm/debug_clear_ws/install/clearpath_platform/lib:/home/dinm/debug_clear_ws/install/clearpath_platform_msgs/lib:${LD_LIBRARY_PATH} PYTHONPATH=/home/dinm/debug_clear_ws/install/clearpath_generator_common/local/lib/python3.10/dist-packages:/home/dinm/debug_clear_ws/install/clearpath_platform_msgs/local/lib/python3.10/dist-packages:/home/dinm/debug_clear_ws/install/clearpath_config/lib/python3.10/site-packages:${PYTHONPATH} /usr/bin/cmake --install /home/dinm/debug_clear_ws/build/clearpath_generator_gz
