[0.241s] Invoking command in '/home/dinm/debug_clear_ws/build/clearpath_manipulators': AMENT_PREFIX_PATH=/home/dinm/debug_clear_ws/install/clearpath_manipulators_description:${AMENT_PREFIX_PATH} CMAKE_PREFIX_PATH=/home/dinm/debug_clear_ws/install/clearpath_manipulators_description:/opt/ros/humble /usr/bin/cmake --build /home/dinm/debug_clear_ws/build/clearpath_manipulators -- -j8 -l8
[0.276s] Invoked command in '/home/dinm/debug_clear_ws/build/clearpath_manipulators' returned '0': AMENT_PREFIX_PATH=/home/dinm/debug_clear_ws/install/clearpath_manipulators_description:${AMENT_PREFIX_PATH} CMAKE_PREFIX_PATH=/home/dinm/debug_clear_ws/install/clearpath_manipulators_description:/opt/ros/humble /usr/bin/cmake --build /home/dinm/debug_clear_ws/build/clearpath_manipulators -- -j8 -l8
[0.292s] Invoking command in '/home/dinm/debug_clear_ws/build/clearpath_manipulators': AMENT_PREFIX_PATH=/home/dinm/debug_clear_ws/install/clearpath_manipulators_description:${AMENT_PREFIX_PATH} CMAKE_PREFIX_PATH=/home/dinm/debug_clear_ws/install/clearpath_manipulators_description:/opt/ros/humble /usr/bin/cmake --install /home/dinm/debug_clear_ws/build/clearpath_manipulators
[0.300s] -- Install configuration: ""
[0.300s] -- Up-to-date: /home/dinm/debug_clear_ws/install/clearpath_manipulators/share/clearpath_manipulators/config
[0.301s] -- Up-to-date: /home/dinm/debug_clear_ws/install/clearpath_manipulators/share/clearpath_manipulators/config/planning_scene.yaml
[0.301s] -- Up-to-date: /home/dinm/debug_clear_ws/install/clearpath_manipulators/share/clearpath_manipulators/config/kinematics
[0.301s] -- Up-to-date: /home/dinm/debug_clear_ws/install/clearpath_manipulators/share/clearpath_manipulators/config/kinematics/arm.yaml
[0.302s] -- Up-to-date: /home/dinm/debug_clear_ws/install/clearpath_manipulators/share/clearpath_manipulators/config/kinematics/gripper.yaml
[0.302s] -- Up-to-date: /home/dinm/debug_clear_ws/install/clearpath_manipulators/share/clearpath_manipulators/config/kinematics/lift.yaml
[0.302s] -- Up-to-date: /home/dinm/debug_clear_ws/install/clearpath_manipulators/share/clearpath_manipulators/config/control.yaml
[0.302s] -- Up-to-date: /home/dinm/debug_clear_ws/install/clearpath_manipulators/share/clearpath_manipulators/config/cartesian_limits.yaml
[0.302s] -- Up-to-date: /home/dinm/debug_clear_ws/install/clearpath_manipulators/share/clearpath_manipulators/config/planning
[0.302s] -- Up-to-date: /home/dinm/debug_clear_ws/install/clearpath_manipulators/share/clearpath_manipulators/config/planning/_ompl
[0.302s] -- Up-to-date: /home/dinm/debug_clear_ws/install/clearpath_manipulators/share/clearpath_manipulators/config/planning/_ompl/planning.yaml
[0.303s] -- Up-to-date: /home/dinm/debug_clear_ws/install/clearpath_manipulators/share/clearpath_manipulators/config/planning/_ompl/defaults.yaml
[0.303s] -- Up-to-date: /home/dinm/debug_clear_ws/install/clearpath_manipulators/share/clearpath_manipulators/config/planning/pilz
[0.303s] -- Up-to-date: /home/dinm/debug_clear_ws/install/clearpath_manipulators/share/clearpath_manipulators/config/planning/pilz/planning.yaml
[0.303s] -- Up-to-date: /home/dinm/debug_clear_ws/install/clearpath_manipulators/share/clearpath_manipulators/config/planning/pilz/defaults.yaml
[0.303s] -- Up-to-date: /home/dinm/debug_clear_ws/install/clearpath_manipulators/share/clearpath_manipulators/config/planning/pipeline.yaml
[0.303s] -- Up-to-date: /home/dinm/debug_clear_ws/install/clearpath_manipulators/share/clearpath_manipulators/config/planning/chomp
[0.303s] -- Up-to-date: /home/dinm/debug_clear_ws/install/clearpath_manipulators/share/clearpath_manipulators/config/planning/chomp/planning.yaml
[0.304s] -- Up-to-date: /home/dinm/debug_clear_ws/install/clearpath_manipulators/share/clearpath_manipulators/config/trajectory_execution.yaml
[0.304s] -- Up-to-date: /home/dinm/debug_clear_ws/install/clearpath_manipulators/share/clearpath_manipulators/launch
[0.304s] -- Up-to-date: /home/dinm/debug_clear_ws/install/clearpath_manipulators/share/clearpath_manipulators/launch/moveit.launch.py
[0.304s] -- Up-to-date: /home/dinm/debug_clear_ws/install/clearpath_manipulators/share/clearpath_manipulators/launch/control.launch.py
[0.304s] -- Up-to-date: /home/dinm/debug_clear_ws/install/clearpath_manipulators/share/clearpath_manipulators/launch/manipulators.launch.py
[0.305s] -- Up-to-date: /home/dinm/debug_clear_ws/install/clearpath_manipulators/share/ament_index/resource_index/package_run_dependencies/clearpath_manipulators
[0.305s] -- Up-to-date: /home/dinm/debug_clear_ws/install/clearpath_manipulators/share/ament_index/resource_index/parent_prefix_path/clearpath_manipulators
[0.305s] -- Up-to-date: /home/dinm/debug_clear_ws/install/clearpath_manipulators/share/clearpath_manipulators/environment/ament_prefix_path.sh
[0.305s] -- Up-to-date: /home/dinm/debug_clear_ws/install/clearpath_manipulators/share/clearpath_manipulators/environment/ament_prefix_path.dsv
[0.305s] -- Up-to-date: /home/dinm/debug_clear_ws/install/clearpath_manipulators/share/clearpath_manipulators/environment/path.sh
[0.305s] -- Up-to-date: /home/dinm/debug_clear_ws/install/clearpath_manipulators/share/clearpath_manipulators/environment/path.dsv
[0.305s] -- Up-to-date: /home/dinm/debug_clear_ws/install/clearpath_manipulators/share/clearpath_manipulators/local_setup.bash
[0.306s] -- Up-to-date: /home/dinm/debug_clear_ws/install/clearpath_manipulators/share/clearpath_manipulators/local_setup.sh
[0.306s] -- Up-to-date: /home/dinm/debug_clear_ws/install/clearpath_manipulators/share/clearpath_manipulators/local_setup.zsh
[0.306s] -- Up-to-date: /home/dinm/debug_clear_ws/install/clearpath_manipulators/share/clearpath_manipulators/local_setup.dsv
[0.306s] -- Installing: /home/dinm/debug_clear_ws/install/clearpath_manipulators/share/clearpath_manipulators/package.dsv
[0.306s] -- Up-to-date: /home/dinm/debug_clear_ws/install/clearpath_manipulators/share/ament_index/resource_index/packages/clearpath_manipulators
[0.306s] -- Up-to-date: /home/dinm/debug_clear_ws/install/clearpath_manipulators/share/clearpath_manipulators/cmake/clearpath_manipulatorsConfig.cmake
[0.306s] -- Up-to-date: /home/dinm/debug_clear_ws/install/clearpath_manipulators/share/clearpath_manipulators/cmake/clearpath_manipulatorsConfig-version.cmake
[0.306s] -- Up-to-date: /home/dinm/debug_clear_ws/install/clearpath_manipulators/share/clearpath_manipulators/package.xml
[0.309s] Invoked command in '/home/dinm/debug_clear_ws/build/clearpath_manipulators' returned '0': AMENT_PREFIX_PATH=/home/dinm/debug_clear_ws/install/clearpath_manipulators_description:${AMENT_PREFIX_PATH} CMAKE_PREFIX_PATH=/home/dinm/debug_clear_ws/install/clearpath_manipulators_description:/opt/ros/humble /usr/bin/cmake --install /home/dinm/debug_clear_ws/build/clearpath_manipulators
