[0.258s] Invoking command in '/home/dinm/debug_clear_ws/build/clearpath_description': AMENT_PREFIX_PATH=/home/dinm/debug_clear_ws/install/clearpath_sensors_description:/home/dinm/debug_clear_ws/install/clearpath_platform_description:/home/dinm/debug_clear_ws/install/clearpath_mounts_description:${AMENT_PREFIX_PATH} CMAKE_PREFIX_PATH=/home/dinm/debug_clear_ws/install/clearpath_sensors_description:/home/dinm/debug_clear_ws/install/clearpath_platform_description:/home/dinm/debug_clear_ws/install/clearpath_mounts_description:/opt/ros/humble /usr/bin/cmake --build /home/dinm/debug_clear_ws/build/clearpath_description -- -j8 -l8
[0.295s] Invoked command in '/home/dinm/debug_clear_ws/build/clearpath_description' returned '0': AMENT_PREFIX_PATH=/home/dinm/debug_clear_ws/install/clearpath_sensors_description:/home/dinm/debug_clear_ws/install/clearpath_platform_description:/home/dinm/debug_clear_ws/install/clearpath_mounts_description:${AMENT_PREFIX_PATH} CMAKE_PREFIX_PATH=/home/dinm/debug_clear_ws/install/clearpath_sensors_description:/home/dinm/debug_clear_ws/install/clearpath_platform_description:/home/dinm/debug_clear_ws/install/clearpath_mounts_description:/opt/ros/humble /usr/bin/cmake --build /home/dinm/debug_clear_ws/build/clearpath_description -- -j8 -l8
[0.316s] Invoking command in '/home/dinm/debug_clear_ws/build/clearpath_description': AMENT_PREFIX_PATH=/home/dinm/debug_clear_ws/install/clearpath_sensors_description:/home/dinm/debug_clear_ws/install/clearpath_platform_description:/home/dinm/debug_clear_ws/install/clearpath_mounts_description:${AMENT_PREFIX_PATH} CMAKE_PREFIX_PATH=/home/dinm/debug_clear_ws/install/clearpath_sensors_description:/home/dinm/debug_clear_ws/install/clearpath_platform_description:/home/dinm/debug_clear_ws/install/clearpath_mounts_description:/opt/ros/humble /usr/bin/cmake --install /home/dinm/debug_clear_ws/build/clearpath_description
[0.323s] -- Install configuration: ""
[0.327s] -- Up-to-date: /home/dinm/debug_clear_ws/install/clearpath_description/share/ament_index/resource_index/package_run_dependencies/clearpath_description
[0.328s] -- Up-to-date: /home/dinm/debug_clear_ws/install/clearpath_description/share/ament_index/resource_index/parent_prefix_path/clearpath_description
[0.328s] -- Up-to-date: /home/dinm/debug_clear_ws/install/clearpath_description/share/clearpath_description/environment/ament_prefix_path.sh
[0.328s] -- Up-to-date: /home/dinm/debug_clear_ws/install/clearpath_description/share/clearpath_description/environment/ament_prefix_path.dsv
[0.328s] -- Up-to-date: /home/dinm/debug_clear_ws/install/clearpath_description/share/clearpath_description/environment/path.sh
[0.328s] -- Up-to-date: /home/dinm/debug_clear_ws/install/clearpath_description/share/clearpath_description/environment/path.dsv
[0.328s] -- Up-to-date: /home/dinm/debug_clear_ws/install/clearpath_description/share/clearpath_description/local_setup.bash
[0.328s] -- Up-to-date: /home/dinm/debug_clear_ws/install/clearpath_description/share/clearpath_description/local_setup.sh
[0.328s] -- Up-to-date: /home/dinm/debug_clear_ws/install/clearpath_description/share/clearpath_description/local_setup.zsh
[0.328s] -- Up-to-date: /home/dinm/debug_clear_ws/install/clearpath_description/share/clearpath_description/local_setup.dsv
[0.328s] -- Installing: /home/dinm/debug_clear_ws/install/clearpath_description/share/clearpath_description/package.dsv
[0.328s] -- Up-to-date: /home/dinm/debug_clear_ws/install/clearpath_description/share/ament_index/resource_index/packages/clearpath_description
[0.329s] -- Up-to-date: /home/dinm/debug_clear_ws/install/clearpath_description/share/clearpath_description/cmake/clearpath_descriptionConfig.cmake
[0.329s] -- Up-to-date: /home/dinm/debug_clear_ws/install/clearpath_description/share/clearpath_description/cmake/clearpath_descriptionConfig-version.cmake
[0.329s] -- Up-to-date: /home/dinm/debug_clear_ws/install/clearpath_description/share/clearpath_description/package.xml
[0.330s] Invoked command in '/home/dinm/debug_clear_ws/build/clearpath_description' returned '0': AMENT_PREFIX_PATH=/home/dinm/debug_clear_ws/install/clearpath_sensors_description:/home/dinm/debug_clear_ws/install/clearpath_platform_description:/home/dinm/debug_clear_ws/install/clearpath_mounts_description:${AMENT_PREFIX_PATH} CMAKE_PREFIX_PATH=/home/dinm/debug_clear_ws/install/clearpath_sensors_description:/home/dinm/debug_clear_ws/install/clearpath_platform_description:/home/dinm/debug_clear_ws/install/clearpath_mounts_description:/opt/ros/humble /usr/bin/cmake --install /home/dinm/debug_clear_ws/build/clearpath_description
