[0.324s] Invoking command in '/home/dinm/debug_clear_ws/build/clearpath_customization': CMAKE_PREFIX_PATH=${CMAKE_PREFIX_PATH}:/home/dinm/debug_clear_ws/install/clearpath_config:/opt/ros/humble /usr/bin/cmake /home/dinm/debug_clear_ws/src/clearpath_common/clearpath_customization -DCMAKE_INSTALL_PREFIX=/home/dinm/debug_clear_ws/install/clearpath_customization
[0.945s] -- The C compiler identification is GNU 11.4.0
[0.945s] -- The CXX compiler identification is GNU 11.4.0
[0.945s] -- Detecting C compiler ABI info
[0.945s] -- Detecting C compiler ABI info - done
[0.945s] -- Check for working C compiler: /usr/bin/cc - skipped
[0.945s] -- Detecting C compile features
[0.945s] -- Detecting C compile features - done
[0.945s] -- Detecting CXX compiler ABI info
[0.946s] -- Detecting CXX compiler ABI info - done
[0.946s] -- Check for working CXX compiler: /usr/bin/c++ - skipped
[0.946s] -- Detecting CXX compile features
[0.946s] -- Detecting CXX compile features - done
[0.946s] -- Found ament_cmake: 1.3.10 (/opt/ros/humble/share/ament_cmake/cmake)
[0.972s] -- Found Python3: /usr/bin/python3 (found version "3.10.12") found components: Interpreter 
[1.114s] -- Found ament_lint_auto: 0.12.11 (/opt/ros/humble/share/ament_lint_auto/cmake)
[1.239s] -- Added test 'flake8' to check Python code syntax and style conventions
[1.241s] -- Added test 'lint_cmake' to check CMake code style
[1.242s] -- Added test 'pep257' to check Python code against some of the docstring style conventions in PEP 257
[1.245s] -- Added test 'xmllint' to check XML markup files
[1.247s] -- Configuring done
[1.250s] -- Generating done
[1.251s] -- Build files have been written to: /home/dinm/debug_clear_ws/build/clearpath_customization
[1.470s] Invoked command in '/home/dinm/debug_clear_ws/build/clearpath_customization' returned '0': CMAKE_PREFIX_PATH=${CMAKE_PREFIX_PATH}:/home/dinm/debug_clear_ws/install/clearpath_config:/opt/ros/humble /usr/bin/cmake /home/dinm/debug_clear_ws/src/clearpath_common/clearpath_customization -DCMAKE_INSTALL_PREFIX=/home/dinm/debug_clear_ws/install/clearpath_customization
[1.472s] Invoking command in '/home/dinm/debug_clear_ws/build/clearpath_customization': CMAKE_PREFIX_PATH=${CMAKE_PREFIX_PATH}:/home/dinm/debug_clear_ws/install/clearpath_config:/opt/ros/humble /usr/bin/cmake --build /home/dinm/debug_clear_ws/build/clearpath_customization -- -j8 -l8
[1.511s] Invoked command in '/home/dinm/debug_clear_ws/build/clearpath_customization' returned '0': CMAKE_PREFIX_PATH=${CMAKE_PREFIX_PATH}:/home/dinm/debug_clear_ws/install/clearpath_config:/opt/ros/humble /usr/bin/cmake --build /home/dinm/debug_clear_ws/build/clearpath_customization -- -j8 -l8
[1.531s] Invoking command in '/home/dinm/debug_clear_ws/build/clearpath_customization': CMAKE_PREFIX_PATH=${CMAKE_PREFIX_PATH}:/home/dinm/debug_clear_ws/install/clearpath_config:/opt/ros/humble /usr/bin/cmake --install /home/dinm/debug_clear_ws/build/clearpath_customization
[1.538s] -- Install configuration: ""
[1.538s] -- Installing: /home/dinm/debug_clear_ws/install/clearpath_customization/lib/clearpath_customization/generate_bringup
[1.538s] -- Installing: /home/dinm/debug_clear_ws/install/clearpath_customization/lib/clearpath_customization/generate_description
[1.539s] -- Installing: /home/dinm/debug_clear_ws/install/clearpath_customization/share/clearpath_customization/project_bringup
[1.539s] -- Installing: /home/dinm/debug_clear_ws/install/clearpath_customization/share/clearpath_customization/project_bringup/launch
[1.539s] -- Installing: /home/dinm/debug_clear_ws/install/clearpath_customization/share/clearpath_customization/project_bringup/launch/device.launch.py
[1.539s] -- Installing: /home/dinm/debug_clear_ws/install/clearpath_customization/share/clearpath_customization/project_bringup/launch/project_bringup.launch.py
[1.539s] -- Installing: /home/dinm/debug_clear_ws/install/clearpath_customization/share/clearpath_customization/project_bringup/config
[1.539s] -- Installing: /home/dinm/debug_clear_ws/install/clearpath_customization/share/clearpath_customization/project_bringup/config/device.yaml
[1.540s] -- Installing: /home/dinm/debug_clear_ws/install/clearpath_customization/share/clearpath_customization/project_bringup/LICENSE
[1.540s] -- Installing: /home/dinm/debug_clear_ws/install/clearpath_customization/share/clearpath_customization/project_bringup/CMakeLists.txt
[1.540s] -- Installing: /home/dinm/debug_clear_ws/install/clearpath_customization/share/clearpath_customization/project_bringup/package.xml
[1.540s] -- Installing: /home/dinm/debug_clear_ws/install/clearpath_customization/share/clearpath_customization/project_description
[1.540s] -- Installing: /home/dinm/debug_clear_ws/install/clearpath_customization/share/clearpath_customization/project_description/LICENSE
[1.541s] -- Installing: /home/dinm/debug_clear_ws/install/clearpath_customization/share/clearpath_customization/project_description/CMakeLists.txt
[1.541s] -- Installing: /home/dinm/debug_clear_ws/install/clearpath_customization/share/clearpath_customization/project_description/urdf
[1.541s] -- Installing: /home/dinm/debug_clear_ws/install/clearpath_customization/share/clearpath_customization/project_description/urdf/donut.urdf.xacro
[1.541s] -- Installing: /home/dinm/debug_clear_ws/install/clearpath_customization/share/clearpath_customization/project_description/urdf/project_description.urdf.xacro
[1.541s] -- Installing: /home/dinm/debug_clear_ws/install/clearpath_customization/share/clearpath_customization/project_description/meshes
[1.541s] -- Installing: /home/dinm/debug_clear_ws/install/clearpath_customization/share/clearpath_customization/project_description/meshes/donut.stl
[1.542s] -- Installing: /home/dinm/debug_clear_ws/install/clearpath_customization/share/clearpath_customization/project_description/package.xml
[1.542s] -- Installing: /home/dinm/debug_clear_ws/install/clearpath_customization/share/ament_index/resource_index/package_run_dependencies/clearpath_customization
[1.542s] -- Installing: /home/dinm/debug_clear_ws/install/clearpath_customization/share/ament_index/resource_index/parent_prefix_path/clearpath_customization
[1.542s] -- Installing: /home/dinm/debug_clear_ws/install/clearpath_customization/share/clearpath_customization/environment/ament_prefix_path.sh
[1.543s] -- Installing: /home/dinm/debug_clear_ws/install/clearpath_customization/share/clearpath_customization/environment/ament_prefix_path.dsv
[1.543s] -- Installing: /home/dinm/debug_clear_ws/install/clearpath_customization/share/clearpath_customization/environment/path.sh
[1.543s] -- Installing: /home/dinm/debug_clear_ws/install/clearpath_customization/share/clearpath_customization/environment/path.dsv
[1.544s] -- Installing: /home/dinm/debug_clear_ws/install/clearpath_customization/share/clearpath_customization/local_setup.bash
[1.544s] -- Installing: /home/dinm/debug_clear_ws/install/clearpath_customization/share/clearpath_customization/local_setup.sh
[1.544s] -- Installing: /home/dinm/debug_clear_ws/install/clearpath_customization/share/clearpath_customization/local_setup.zsh
[1.545s] -- Installing: /home/dinm/debug_clear_ws/install/clearpath_customization/share/clearpath_customization/local_setup.dsv
[1.545s] -- Installing: /home/dinm/debug_clear_ws/install/clearpath_customization/share/clearpath_customization/package.dsv
[1.545s] -- Installing: /home/dinm/debug_clear_ws/install/clearpath_customization/share/ament_index/resource_index/packages/clearpath_customization
[1.545s] -- Installing: /home/dinm/debug_clear_ws/install/clearpath_customization/share/clearpath_customization/cmake/clearpath_customizationConfig.cmake
[1.545s] -- Installing: /home/dinm/debug_clear_ws/install/clearpath_customization/share/clearpath_customization/cmake/clearpath_customizationConfig-version.cmake
[1.545s] -- Installing: /home/dinm/debug_clear_ws/install/clearpath_customization/share/clearpath_customization/package.xml
[1.548s] Invoked command in '/home/dinm/debug_clear_ws/build/clearpath_customization' returned '0': CMAKE_PREFIX_PATH=${CMAKE_PREFIX_PATH}:/home/dinm/debug_clear_ws/install/clearpath_config:/opt/ros/humble /usr/bin/cmake --install /home/dinm/debug_clear_ws/build/clearpath_customization
