[0.009s] Invoking command in '/home/dinm/debug_clear_ws/build/clearpath_platform': CMAKE_PREFIX_PATH=/home/dinm/debug_clear_ws/install/clearpath_platform_msgs:/home/dinm/debug_clear_ws/install/clearpath_platform_description:/home/dinm/debug_clear_ws/install/clearpath_control:/home/dinm/debug_clear_ws/install/clearpath_simulator:/home/dinm/debug_clear_ws/install/clearpath_gz:/home/dinm/debug_clear_ws/install/clearpath_generator_gz:/home/dinm/debug_clear_ws/install/clearpath_common:/home/dinm/debug_clear_ws/install/clearpath_generator_common:/home/dinm/debug_clear_ws/install/clearpath_description:/home/dinm/debug_clear_ws/install/clearpath_sensors_description:/home/dinm/debug_clear_ws/install/clearpath_platform:/home/dinm/debug_clear_ws/install/clearpath_msgs:/home/dinm/debug_clear_ws/install/clearpath_mounts_description:/home/dinm/debug_clear_ws/install/clearpath_manipulators:/home/dinm/debug_clear_ws/install/clearpath_manipulators_description:/home/dinm/debug_clear_ws/install/clearpath_customization:/home/dinm/debug_clear_ws/install/clearpath_config:/opt/ros/humble LD_LIBRARY_PATH=/home/dinm/debug_clear_ws/install/clearpath_platform_msgs/lib:/home/dinm/debug_clear_ws/install/clearpath_platform/lib:/usr/lib/x86_64-linux-gnu/gazebo-11/plugins:/opt/ros/humble/opt/rviz_ogre_vendor/lib:/opt/ros/humble/lib/x86_64-linux-gnu:/opt/ros/humble/lib /usr/bin/cmake /home/dinm/debug_clear_ws/src/clearpath_common/clearpath_platform -DCMAKE_INSTALL_PREFIX=/home/dinm/debug_clear_ws/install/clearpath_platform
[0.050s] -- The C compiler identification is GNU 11.4.0
[0.093s] -- The CXX compiler identification is GNU 11.4.0
[0.098s] -- Detecting C compiler ABI info
[0.148s] -- Detecting C compiler ABI info - done
[0.155s] -- Check for working C compiler: /usr/bin/cc - skipped
[0.156s] -- Detecting C compile features
[0.156s] -- Detecting C compile features - done
[0.158s] -- Detecting CXX compiler ABI info
[0.216s] -- Detecting CXX compiler ABI info - done
[0.223s] -- Check for working CXX compiler: /usr/bin/c++ - skipped
[0.223s] -- Detecting CXX compile features
[0.224s] -- Detecting CXX compile features - done
[0.226s] -- Found ament_cmake: 1.3.10 (/opt/ros/humble/share/ament_cmake/cmake)
[0.353s] -- Found Python3: /usr/bin/python3 (found version "3.10.12") found components: Interpreter 
[0.452s] -- Found controller_interface: 2.43.0 (/opt/ros/humble/share/controller_interface/cmake)
[0.499s] -- Found rosidl_generator_c: 3.1.5 (/opt/ros/humble/share/rosidl_generator_c/cmake)
[0.505s] -- Found rosidl_adapter: 3.1.5 (/opt/ros/humble/share/rosidl_adapter/cmake)
[0.514s] -- Found rosidl_generator_cpp: 3.1.5 (/opt/ros/humble/share/rosidl_generator_cpp/cmake)
[0.527s] -- Using all available rosidl_typesupport_c: rosidl_typesupport_fastrtps_c;rosidl_typesupport_introspection_c
[0.545s] -- Using all available rosidl_typesupport_cpp: rosidl_typesupport_fastrtps_cpp;rosidl_typesupport_introspection_cpp
[0.819s] -- Found rmw_implementation_cmake: 6.1.2 (/opt/ros/humble/share/rmw_implementation_cmake/cmake)
[0.824s] -- Found rmw_cyclonedds_cpp: 1.3.4 (/opt/ros/humble/share/rmw_cyclonedds_cpp/cmake)
[0.859s] -- Using RMW implementation 'rmw_cyclonedds_cpp' as default
[0.873s] -- Looking for pthread.h
[0.926s] -- Looking for pthread.h - found
[0.926s] -- Performing Test CMAKE_HAVE_LIBC_PTHREAD
[0.979s] -- Performing Test CMAKE_HAVE_LIBC_PTHREAD - Success
[0.980s] -- Found Threads: TRUE  
[1.046s] -- Found controller_manager: 2.43.0 (/opt/ros/humble/share/controller_manager/cmake)
[1.094s] -- Found clearpath_platform_msgs: 0.2.0 (/home/dinm/debug_clear_ws/install/clearpath_platform_msgs/share/clearpath_platform_msgs/cmake)
[1.109s] -- Found puma_motor_msgs: 1.0.0 (/opt/ros/humble/share/puma_motor_msgs/cmake)
[1.129s] -- Found nav_msgs: 4.2.4 (/opt/ros/humble/share/nav_msgs/cmake)
[1.149s] -- Found std_srvs: 4.2.4 (/opt/ros/humble/share/std_srvs/cmake)
[1.171s] -- Found tf2: 0.25.7 (/opt/ros/humble/share/tf2/cmake)
[1.178s] -- Found tf2_ros: 0.25.7 (/opt/ros/humble/share/tf2_ros/cmake)
[1.334s] -- Configuring done
[1.414s] -- Generating done
[1.416s] -- Build files have been written to: /home/dinm/debug_clear_ws/build/clearpath_platform
[1.425s] Invoked command in '/home/dinm/debug_clear_ws/build/clearpath_platform' returned '0': CMAKE_PREFIX_PATH=/home/dinm/debug_clear_ws/install/clearpath_platform_msgs:/home/dinm/debug_clear_ws/install/clearpath_platform_description:/home/dinm/debug_clear_ws/install/clearpath_control:/home/dinm/debug_clear_ws/install/clearpath_simulator:/home/dinm/debug_clear_ws/install/clearpath_gz:/home/dinm/debug_clear_ws/install/clearpath_generator_gz:/home/dinm/debug_clear_ws/install/clearpath_common:/home/dinm/debug_clear_ws/install/clearpath_generator_common:/home/dinm/debug_clear_ws/install/clearpath_description:/home/dinm/debug_clear_ws/install/clearpath_sensors_description:/home/dinm/debug_clear_ws/install/clearpath_platform:/home/dinm/debug_clear_ws/install/clearpath_msgs:/home/dinm/debug_clear_ws/install/clearpath_mounts_description:/home/dinm/debug_clear_ws/install/clearpath_manipulators:/home/dinm/debug_clear_ws/install/clearpath_manipulators_description:/home/dinm/debug_clear_ws/install/clearpath_customization:/home/dinm/debug_clear_ws/install/clearpath_config:/opt/ros/humble LD_LIBRARY_PATH=/home/dinm/debug_clear_ws/install/clearpath_platform_msgs/lib:/home/dinm/debug_clear_ws/install/clearpath_platform/lib:/usr/lib/x86_64-linux-gnu/gazebo-11/plugins:/opt/ros/humble/opt/rviz_ogre_vendor/lib:/opt/ros/humble/lib/x86_64-linux-gnu:/opt/ros/humble/lib /usr/bin/cmake /home/dinm/debug_clear_ws/src/clearpath_common/clearpath_platform -DCMAKE_INSTALL_PREFIX=/home/dinm/debug_clear_ws/install/clearpath_platform
[1.426s] Invoking command in '/home/dinm/debug_clear_ws/build/clearpath_platform': CMAKE_PREFIX_PATH=/home/dinm/debug_clear_ws/install/clearpath_platform_msgs:/home/dinm/debug_clear_ws/install/clearpath_platform_description:/home/dinm/debug_clear_ws/install/clearpath_control:/home/dinm/debug_clear_ws/install/clearpath_simulator:/home/dinm/debug_clear_ws/install/clearpath_gz:/home/dinm/debug_clear_ws/install/clearpath_generator_gz:/home/dinm/debug_clear_ws/install/clearpath_common:/home/dinm/debug_clear_ws/install/clearpath_generator_common:/home/dinm/debug_clear_ws/install/clearpath_description:/home/dinm/debug_clear_ws/install/clearpath_sensors_description:/home/dinm/debug_clear_ws/install/clearpath_platform:/home/dinm/debug_clear_ws/install/clearpath_msgs:/home/dinm/debug_clear_ws/install/clearpath_mounts_description:/home/dinm/debug_clear_ws/install/clearpath_manipulators:/home/dinm/debug_clear_ws/install/clearpath_manipulators_description:/home/dinm/debug_clear_ws/install/clearpath_customization:/home/dinm/debug_clear_ws/install/clearpath_config:/opt/ros/humble LD_LIBRARY_PATH=/home/dinm/debug_clear_ws/install/clearpath_platform_msgs/lib:/home/dinm/debug_clear_ws/install/clearpath_platform/lib:/usr/lib/x86_64-linux-gnu/gazebo-11/plugins:/opt/ros/humble/opt/rviz_ogre_vendor/lib:/opt/ros/humble/lib/x86_64-linux-gnu:/opt/ros/humble/lib /usr/bin/cmake --build /home/dinm/debug_clear_ws/build/clearpath_platform -- -j8 -l8
[1.472s] [ 13%] [32mBuilding CXX object CMakeFiles/a200_hardware.dir/src/a200/hardware.cpp.o[0m
[1.472s] [ 13%] [32mBuilding CXX object CMakeFiles/a200_hardware.dir/src/a200/status.cpp.o[0m
[1.472s] [ 13%] [32mBuilding CXX object CMakeFiles/clearpath_platform_lighting.dir/src/lighting/lighting.cpp.o[0m
[1.472s] [ 13%] [32mBuilding CXX object CMakeFiles/clearpath_platform_lighting.dir/src/lighting/color.cpp.o[0m
[1.472s] [ 16%] [32mBuilding CXX object CMakeFiles/clearpath_platform_lighting.dir/src/lighting/sequence.cpp.o[0m
[1.473s] [ 20%] [32mBuilding CXX object CMakeFiles/w200_hardware.dir/src/w200/hardware.cpp.o[0m
[1.478s] [ 23%] [32mBuilding CXX object CMakeFiles/puma_hardware.dir/src/puma/hardware.cpp.o[0m
[1.481s] [ 26%] [32mBuilding CXX object CMakeFiles/j100_hardware.dir/src/j100/hardware.cpp.o[0m
[2.607s] [ 30%] [32mBuilding CXX object CMakeFiles/j100_hardware.dir/src/j100/hardware_interface.cpp.o[0m
[3.114s] [ 33%] [32mBuilding CXX object CMakeFiles/a200_hardware.dir/src/a200/horizon_legacy/horizon_legacy_wrapper.cpp.o[0m
[3.627s] [ 36%] [32mBuilding CXX object CMakeFiles/w200_hardware.dir/src/w200/hardware_interface.cpp.o[0m
[7.178s] [ 40%] [32mBuilding CXX object CMakeFiles/puma_hardware.dir/src/puma/hardware_interface.cpp.o[0m
[7.304s] [ 43%] [32mBuilding CXX object CMakeFiles/j100_hardware.dir/src/diff_drive/hardware.cpp.o[0m
[7.415s] [ 46%] [32mBuilding CXX object CMakeFiles/j100_hardware.dir/src/diff_drive/hardware_interface.cpp.o[0m
[7.590s] [ 50%] [32mBuilding CXX object CMakeFiles/a200_hardware.dir/src/a200/horizon_legacy/crc.cpp.o[0m
[7.640s] [ 53%] [32mBuilding CXX object CMakeFiles/a200_hardware.dir/src/a200/horizon_legacy/Logger.cpp.o[0m
[7.649s] [ 56%] [32mBuilding CXX object CMakeFiles/a200_hardware.dir/src/a200/horizon_legacy/Message.cpp.o[0m
[8.190s] [ 60%] [32mBuilding CXX object CMakeFiles/a200_hardware.dir/src/a200/horizon_legacy/Message_data.cpp.o[0m
[8.226s] [ 63%] [32mBuilding CXX object CMakeFiles/a200_hardware.dir/src/a200/horizon_legacy/Message_request.cpp.o[0m
[8.692s] [ 66%] [32mBuilding CXX object CMakeFiles/a200_hardware.dir/src/a200/horizon_legacy/Message_cmd.cpp.o[0m
[9.309s] [ 70%] [32mBuilding CXX object CMakeFiles/a200_hardware.dir/src/a200/horizon_legacy/Transport.cpp.o[0m
[9.344s] [ 73%] [32mBuilding CXX object CMakeFiles/a200_hardware.dir/src/a200/horizon_legacy/Number.cpp.o[0m
[9.820s] [ 76%] [32mBuilding CXX object CMakeFiles/a200_hardware.dir/src/a200/horizon_legacy/linux_serial.cpp.o[0m
[10.991s] [ 80%] [32m[1mLinking CXX shared library liba200_hardware.so[0m
[11.605s] [ 80%] Built target a200_hardware
[15.046s] [ 83%] [32m[1mLinking CXX shared library libw200_hardware.so[0m
[15.626s] [ 83%] Built target w200_hardware
[17.093s] [ 86%] [32m[1mLinking CXX shared library libpuma_hardware.so[0m
[17.281s] [ 90%] [32m[1mLinking CXX shared library libj100_hardware.so[0m
[17.724s] [ 90%] Built target puma_hardware
[17.868s] [ 90%] Built target j100_hardware
[29.526s] [ 93%] [32m[1mLinking CXX shared library libclearpath_platform_lighting.so[0m
[30.918s] [ 93%] Built target clearpath_platform_lighting
[30.935s] [ 96%] [32mBuilding CXX object CMakeFiles/lighting_node.dir/src/lighting/main.cpp.o[0m
[33.734s] [100%] [32m[1mLinking CXX executable lighting_node[0m
[34.108s] [100%] Built target lighting_node
[34.118s] Invoked command in '/home/dinm/debug_clear_ws/build/clearpath_platform' returned '0': CMAKE_PREFIX_PATH=/home/dinm/debug_clear_ws/install/clearpath_platform_msgs:/home/dinm/debug_clear_ws/install/clearpath_platform_description:/home/dinm/debug_clear_ws/install/clearpath_control:/home/dinm/debug_clear_ws/install/clearpath_simulator:/home/dinm/debug_clear_ws/install/clearpath_gz:/home/dinm/debug_clear_ws/install/clearpath_generator_gz:/home/dinm/debug_clear_ws/install/clearpath_common:/home/dinm/debug_clear_ws/install/clearpath_generator_common:/home/dinm/debug_clear_ws/install/clearpath_description:/home/dinm/debug_clear_ws/install/clearpath_sensors_description:/home/dinm/debug_clear_ws/install/clearpath_platform:/home/dinm/debug_clear_ws/install/clearpath_msgs:/home/dinm/debug_clear_ws/install/clearpath_mounts_description:/home/dinm/debug_clear_ws/install/clearpath_manipulators:/home/dinm/debug_clear_ws/install/clearpath_manipulators_description:/home/dinm/debug_clear_ws/install/clearpath_customization:/home/dinm/debug_clear_ws/install/clearpath_config:/opt/ros/humble LD_LIBRARY_PATH=/home/dinm/debug_clear_ws/install/clearpath_platform_msgs/lib:/home/dinm/debug_clear_ws/install/clearpath_platform/lib:/usr/lib/x86_64-linux-gnu/gazebo-11/plugins:/opt/ros/humble/opt/rviz_ogre_vendor/lib:/opt/ros/humble/lib/x86_64-linux-gnu:/opt/ros/humble/lib /usr/bin/cmake --build /home/dinm/debug_clear_ws/build/clearpath_platform -- -j8 -l8
[34.175s] Invoking command in '/home/dinm/debug_clear_ws/build/clearpath_platform': CMAKE_PREFIX_PATH=/home/dinm/debug_clear_ws/install/clearpath_platform_msgs:/home/dinm/debug_clear_ws/install/clearpath_platform_description:/home/dinm/debug_clear_ws/install/clearpath_control:/home/dinm/debug_clear_ws/install/clearpath_simulator:/home/dinm/debug_clear_ws/install/clearpath_gz:/home/dinm/debug_clear_ws/install/clearpath_generator_gz:/home/dinm/debug_clear_ws/install/clearpath_common:/home/dinm/debug_clear_ws/install/clearpath_generator_common:/home/dinm/debug_clear_ws/install/clearpath_description:/home/dinm/debug_clear_ws/install/clearpath_sensors_description:/home/dinm/debug_clear_ws/install/clearpath_platform:/home/dinm/debug_clear_ws/install/clearpath_msgs:/home/dinm/debug_clear_ws/install/clearpath_mounts_description:/home/dinm/debug_clear_ws/install/clearpath_manipulators:/home/dinm/debug_clear_ws/install/clearpath_manipulators_description:/home/dinm/debug_clear_ws/install/clearpath_customization:/home/dinm/debug_clear_ws/install/clearpath_config:/opt/ros/humble LD_LIBRARY_PATH=/home/dinm/debug_clear_ws/install/clearpath_platform_msgs/lib:/home/dinm/debug_clear_ws/install/clearpath_platform/lib:/usr/lib/x86_64-linux-gnu/gazebo-11/plugins:/opt/ros/humble/opt/rviz_ogre_vendor/lib:/opt/ros/humble/lib/x86_64-linux-gnu:/opt/ros/humble/lib /usr/bin/cmake --install /home/dinm/debug_clear_ws/build/clearpath_platform
[34.180s] -- Install configuration: ""
[34.180s] -- Installing: /home/dinm/debug_clear_ws/install/clearpath_platform/share/clearpath_platform/src/a200/hardware.xml
[34.180s] -- Installing: /home/dinm/debug_clear_ws/install/clearpath_platform/share/clearpath_platform/src/j100/hardware.xml
[34.181s] -- Installing: /home/dinm/debug_clear_ws/install/clearpath_platform/share/clearpath_platform/src/w200/hardware.xml
[34.181s] -- Installing: /home/dinm/debug_clear_ws/install/clearpath_platform/share/clearpath_platform/src/puma/hardware.xml
[34.181s] -- Installing: /home/dinm/debug_clear_ws/install/clearpath_platform/lib/liba200_hardware.so
[34.184s] -- Set runtime path of "/home/dinm/debug_clear_ws/install/clearpath_platform/lib/liba200_hardware.so" to ""
[34.184s] -- Installing: /home/dinm/debug_clear_ws/install/clearpath_platform/lib/libj100_hardware.so
[34.187s] -- Set runtime path of "/home/dinm/debug_clear_ws/install/clearpath_platform/lib/libj100_hardware.so" to ""
[34.187s] -- Installing: /home/dinm/debug_clear_ws/install/clearpath_platform/lib/libw200_hardware.so
[34.191s] -- Set runtime path of "/home/dinm/debug_clear_ws/install/clearpath_platform/lib/libw200_hardware.so" to ""
[34.191s] -- Installing: /home/dinm/debug_clear_ws/install/clearpath_platform/lib/libpuma_hardware.so
[34.195s] -- Set runtime path of "/home/dinm/debug_clear_ws/install/clearpath_platform/lib/libpuma_hardware.so" to ""
[34.195s] -- Installing: /home/dinm/debug_clear_ws/install/clearpath_platform/lib/clearpath_platform/lighting_node
[34.195s] -- Set runtime path of "/home/dinm/debug_clear_ws/install/clearpath_platform/lib/clearpath_platform/lighting_node" to ""
[34.195s] -- Installing: /home/dinm/debug_clear_ws/install/clearpath_platform/lib/libclearpath_platform_lighting.so
[34.209s] -- Set runtime path of "/home/dinm/debug_clear_ws/install/clearpath_platform/lib/libclearpath_platform_lighting.so" to ""
[34.209s] -- Installing: /home/dinm/debug_clear_ws/install/clearpath_platform/include
[34.209s] -- Installing: /home/dinm/debug_clear_ws/install/clearpath_platform/include/clearpath_platform
[34.209s] -- Installing: /home/dinm/debug_clear_ws/install/clearpath_platform/include/clearpath_platform/puma
[34.209s] -- Installing: /home/dinm/debug_clear_ws/install/clearpath_platform/include/clearpath_platform/puma/hardware_interface.hpp
[34.209s] -- Installing: /home/dinm/debug_clear_ws/install/clearpath_platform/include/clearpath_platform/puma/hardware.hpp
[34.209s] -- Installing: /home/dinm/debug_clear_ws/install/clearpath_platform/include/clearpath_platform/j100
[34.209s] -- Installing: /home/dinm/debug_clear_ws/install/clearpath_platform/include/clearpath_platform/j100/hardware_interface.hpp
[34.209s] -- Installing: /home/dinm/debug_clear_ws/install/clearpath_platform/include/clearpath_platform/j100/hardware.hpp
[34.209s] -- Installing: /home/dinm/debug_clear_ws/install/clearpath_platform/include/clearpath_platform/diff_drive
[34.209s] -- Installing: /home/dinm/debug_clear_ws/install/clearpath_platform/include/clearpath_platform/diff_drive/hardware_interface.hpp
[34.209s] -- Installing: /home/dinm/debug_clear_ws/install/clearpath_platform/include/clearpath_platform/diff_drive/hardware.hpp
[34.210s] -- Installing: /home/dinm/debug_clear_ws/install/clearpath_platform/include/clearpath_platform/a200
[34.210s] -- Installing: /home/dinm/debug_clear_ws/install/clearpath_platform/include/clearpath_platform/a200/horizon_legacy
[34.210s] -- Installing: /home/dinm/debug_clear_ws/install/clearpath_platform/include/clearpath_platform/a200/horizon_legacy/serial.h
[34.210s] -- Installing: /home/dinm/debug_clear_ws/install/clearpath_platform/include/clearpath_platform/a200/horizon_legacy/Transport.h
[34.210s] -- Installing: /home/dinm/debug_clear_ws/install/clearpath_platform/include/clearpath_platform/a200/horizon_legacy/crc.h
[34.210s] -- Installing: /home/dinm/debug_clear_ws/install/clearpath_platform/include/clearpath_platform/a200/horizon_legacy/horizon_legacy_wrapper.h
[34.210s] -- Installing: /home/dinm/debug_clear_ws/install/clearpath_platform/include/clearpath_platform/a200/horizon_legacy/Exception.h
[34.210s] -- Installing: /home/dinm/debug_clear_ws/install/clearpath_platform/include/clearpath_platform/a200/horizon_legacy/Number.h
[34.210s] -- Installing: /home/dinm/debug_clear_ws/install/clearpath_platform/include/clearpath_platform/a200/horizon_legacy/Logger.h
[34.210s] -- Installing: /home/dinm/debug_clear_ws/install/clearpath_platform/include/clearpath_platform/a200/horizon_legacy/Message_data.h
[34.210s] -- Installing: /home/dinm/debug_clear_ws/install/clearpath_platform/include/clearpath_platform/a200/horizon_legacy/Message_cmd.h
[34.210s] -- Installing: /home/dinm/debug_clear_ws/install/clearpath_platform/include/clearpath_platform/a200/horizon_legacy/clearpath.h
[34.210s] -- Installing: /home/dinm/debug_clear_ws/install/clearpath_platform/include/clearpath_platform/a200/horizon_legacy/Message_request.h
[34.210s] -- Installing: /home/dinm/debug_clear_ws/install/clearpath_platform/include/clearpath_platform/a200/horizon_legacy/Message.h
[34.210s] -- Installing: /home/dinm/debug_clear_ws/install/clearpath_platform/include/clearpath_platform/a200/hardware.hpp
[34.210s] -- Installing: /home/dinm/debug_clear_ws/install/clearpath_platform/include/clearpath_platform/a200/status.hpp
[34.210s] -- Installing: /home/dinm/debug_clear_ws/install/clearpath_platform/include/clearpath_platform/w200
[34.210s] -- Installing: /home/dinm/debug_clear_ws/install/clearpath_platform/include/clearpath_platform/w200/hardware_interface.hpp
[34.210s] -- Installing: /home/dinm/debug_clear_ws/install/clearpath_platform/include/clearpath_platform/w200/hardware.hpp
[34.211s] -- Installing: /home/dinm/debug_clear_ws/install/clearpath_platform/include/clearpath_platform/lighting
[34.211s] -- Installing: /home/dinm/debug_clear_ws/install/clearpath_platform/include/clearpath_platform/lighting/sequence.hpp
[34.211s] -- Installing: /home/dinm/debug_clear_ws/install/clearpath_platform/include/clearpath_platform/lighting/color.hpp
[34.211s] -- Installing: /home/dinm/debug_clear_ws/install/clearpath_platform/include/clearpath_platform/lighting/lighting.hpp
[34.211s] -- Installing: /home/dinm/debug_clear_ws/install/clearpath_platform/include/clearpath_platform/lighting/platform.hpp
[34.211s] -- Installing: /home/dinm/debug_clear_ws/install/clearpath_platform/share/clearpath_platform/config
[34.211s] -- Installing: /home/dinm/debug_clear_ws/install/clearpath_platform/share/clearpath_platform/config/imu_filter.yaml
[34.211s] -- Installing: /home/dinm/debug_clear_ws/install/clearpath_platform/share/clearpath_platform/launch
[34.211s] -- Installing: /home/dinm/debug_clear_ws/install/clearpath_platform/share/clearpath_platform/launch/platform.launch.py
[34.212s] -- Installing: /home/dinm/debug_clear_ws/install/clearpath_platform/share/clearpath_platform/environment/library_path.sh
[34.212s] -- Installing: /home/dinm/debug_clear_ws/install/clearpath_platform/share/clearpath_platform/environment/library_path.dsv
[34.212s] -- Installing: /home/dinm/debug_clear_ws/install/clearpath_platform/share/ament_index/resource_index/package_run_dependencies/clearpath_platform
[34.212s] -- Installing: /home/dinm/debug_clear_ws/install/clearpath_platform/share/ament_index/resource_index/parent_prefix_path/clearpath_platform
[34.212s] -- Installing: /home/dinm/debug_clear_ws/install/clearpath_platform/share/clearpath_platform/environment/ament_prefix_path.sh
[34.212s] -- Installing: /home/dinm/debug_clear_ws/install/clearpath_platform/share/clearpath_platform/environment/ament_prefix_path.dsv
[34.212s] -- Installing: /home/dinm/debug_clear_ws/install/clearpath_platform/share/clearpath_platform/environment/path.sh
[34.212s] -- Installing: /home/dinm/debug_clear_ws/install/clearpath_platform/share/clearpath_platform/environment/path.dsv
[34.212s] -- Installing: /home/dinm/debug_clear_ws/install/clearpath_platform/share/clearpath_platform/local_setup.bash
[34.212s] -- Installing: /home/dinm/debug_clear_ws/install/clearpath_platform/share/clearpath_platform/local_setup.sh
[34.213s] -- Installing: /home/dinm/debug_clear_ws/install/clearpath_platform/share/clearpath_platform/local_setup.zsh
[34.213s] -- Installing: /home/dinm/debug_clear_ws/install/clearpath_platform/share/clearpath_platform/local_setup.dsv
[34.213s] -- Installing: /home/dinm/debug_clear_ws/install/clearpath_platform/share/clearpath_platform/package.dsv
[34.213s] -- Installing: /home/dinm/debug_clear_ws/install/clearpath_platform/share/ament_index/resource_index/packages/clearpath_platform
[34.213s] -- Installing: /home/dinm/debug_clear_ws/install/clearpath_platform/share/ament_index/resource_index/hardware_interface__pluginlib__plugin/clearpath_platform
[34.213s] -- Installing: /home/dinm/debug_clear_ws/install/clearpath_platform/share/clearpath_platform/cmake/ament_cmake_export_include_directories-extras.cmake
[34.213s] -- Installing: /home/dinm/debug_clear_ws/install/clearpath_platform/share/clearpath_platform/cmake/ament_cmake_export_libraries-extras.cmake
[34.213s] -- Installing: /home/dinm/debug_clear_ws/install/clearpath_platform/share/clearpath_platform/cmake/ament_cmake_export_dependencies-extras.cmake
[34.213s] -- Installing: /home/dinm/debug_clear_ws/install/clearpath_platform/share/clearpath_platform/cmake/clearpath_platformConfig.cmake
[34.213s] -- Installing: /home/dinm/debug_clear_ws/install/clearpath_platform/share/clearpath_platform/cmake/clearpath_platformConfig-version.cmake
[34.213s] -- Installing: /home/dinm/debug_clear_ws/install/clearpath_platform/share/clearpath_platform/package.xml
[34.215s] Invoked command in '/home/dinm/debug_clear_ws/build/clearpath_platform' returned '0': CMAKE_PREFIX_PATH=/home/dinm/debug_clear_ws/install/clearpath_platform_msgs:/home/dinm/debug_clear_ws/install/clearpath_platform_description:/home/dinm/debug_clear_ws/install/clearpath_control:/home/dinm/debug_clear_ws/install/clearpath_simulator:/home/dinm/debug_clear_ws/install/clearpath_gz:/home/dinm/debug_clear_ws/install/clearpath_generator_gz:/home/dinm/debug_clear_ws/install/clearpath_common:/home/dinm/debug_clear_ws/install/clearpath_generator_common:/home/dinm/debug_clear_ws/install/clearpath_description:/home/dinm/debug_clear_ws/install/clearpath_sensors_description:/home/dinm/debug_clear_ws/install/clearpath_platform:/home/dinm/debug_clear_ws/install/clearpath_msgs:/home/dinm/debug_clear_ws/install/clearpath_mounts_description:/home/dinm/debug_clear_ws/install/clearpath_manipulators:/home/dinm/debug_clear_ws/install/clearpath_manipulators_description:/home/dinm/debug_clear_ws/install/clearpath_customization:/home/dinm/debug_clear_ws/install/clearpath_config:/opt/ros/humble LD_LIBRARY_PATH=/home/dinm/debug_clear_ws/install/clearpath_platform_msgs/lib:/home/dinm/debug_clear_ws/install/clearpath_platform/lib:/usr/lib/x86_64-linux-gnu/gazebo-11/plugins:/opt/ros/humble/opt/rviz_ogre_vendor/lib:/opt/ros/humble/lib/x86_64-linux-gnu:/opt/ros/humble/lib /usr/bin/cmake --install /home/dinm/debug_clear_ws/build/clearpath_platform
