[0.019s] Invoking command in '/home/dinm/debug_clear_ws/build/clearpath_generator_common': AMENT_PREFIX_PATH=/home/dinm/debug_clear_ws/install/clearpath_config:/home/dinm/debug_clear_ws/install/square_move:/home/dinm/debug_clear_ws/install/clearpath_simulator:/home/dinm/debug_clear_ws/install/clearpath_gz:/home/dinm/debug_clear_ws/install/clearpath_generator_gz:/home/dinm/debug_clear_ws/install/clearpath_common:/home/dinm/debug_clear_ws/install/clearpath_generator_common:/home/dinm/debug_clear_ws/install/clearpath_description:/home/dinm/debug_clear_ws/install/clearpath_sensors_description:/home/dinm/debug_clear_ws/install/clearpath_platform:/home/dinm/debug_clear_ws/install/clearpath_msgs:/home/dinm/debug_clear_ws/install/clearpath_platform_msgs:/home/dinm/debug_clear_ws/install/clearpath_platform_description:/home/dinm/debug_clear_ws/install/clearpath_mounts_description:/home/dinm/debug_clear_ws/install/clearpath_manipulators:/home/dinm/debug_clear_ws/install/clearpath_manipulators_description:/home/dinm/debug_clear_ws/install/clearpath_customization:/home/dinm/debug_clear_ws/install/clearpath_control:/opt/ros/humble CMAKE_PREFIX_PATH=/home/dinm/debug_clear_ws/install/clearpath_platform:/home/dinm/debug_clear_ws/install/clearpath_description:/home/dinm/debug_clear_ws/install/clearpath_sensors_description:/home/dinm/debug_clear_ws/install/clearpath_platform_msgs:/home/dinm/debug_clear_ws/install/clearpath_platform_description:/home/dinm/debug_clear_ws/install/clearpath_mounts_description:/home/dinm/debug_clear_ws/install/clearpath_control:/home/dinm/debug_clear_ws/install/clearpath_simulator:/home/dinm/debug_clear_ws/install/clearpath_gz:/home/dinm/debug_clear_ws/install/clearpath_generator_gz:/home/dinm/debug_clear_ws/install/clearpath_common:/home/dinm/debug_clear_ws/install/clearpath_generator_common:/home/dinm/debug_clear_ws/install/clearpath_msgs:/home/dinm/debug_clear_ws/install/clearpath_manipulators:/home/dinm/debug_clear_ws/install/clearpath_manipulators_description:/home/dinm/debug_clear_ws/install/clearpath_customization:/home/dinm/debug_clear_ws/install/square_move:/home/dinm/debug_clear_ws/install/clearpath_config:/opt/ros/humble PYTHONPATH=/home/dinm/debug_clear_ws/install/clearpath_config/lib/python3.10/site-packages:/home/dinm/debug_clear_ws/install/square_move/lib/python3.10/site-packages:/home/dinm/debug_clear_ws/install/clearpath_generator_gz/local/lib/python3.10/dist-packages:/home/dinm/debug_clear_ws/install/clearpath_generator_common/local/lib/python3.10/dist-packages:/home/dinm/debug_clear_ws/install/clearpath_platform_msgs/local/lib/python3.10/dist-packages:/opt/ros/humble/lib/python3.10/site-packages:/opt/ros/humble/local/lib/python3.10/dist-packages /usr/bin/cmake --build /home/dinm/debug_clear_ws/build/clearpath_generator_common -- -j8 -l8
[0.071s] [  0%] Built target ament_cmake_python_copy_clearpath_generator_common
[0.078s] [100%] Built target moveit_collision_updater
[0.303s] running egg_info
[0.304s] writing clearpath_generator_common.egg-info/PKG-INFO
[0.304s] writing dependency_links to clearpath_generator_common.egg-info/dependency_links.txt
[0.304s] writing top-level names to clearpath_generator_common.egg-info/top_level.txt
[0.306s] reading manifest file 'clearpath_generator_common.egg-info/SOURCES.txt'
[0.307s] writing manifest file 'clearpath_generator_common.egg-info/SOURCES.txt'
[0.328s] [100%] Built target ament_cmake_python_build_clearpath_generator_common_egg
[0.338s] Invoked command in '/home/dinm/debug_clear_ws/build/clearpath_generator_common' returned '0': AMENT_PREFIX_PATH=/home/dinm/debug_clear_ws/install/clearpath_config:/home/dinm/debug_clear_ws/install/square_move:/home/dinm/debug_clear_ws/install/clearpath_simulator:/home/dinm/debug_clear_ws/install/clearpath_gz:/home/dinm/debug_clear_ws/install/clearpath_generator_gz:/home/dinm/debug_clear_ws/install/clearpath_common:/home/dinm/debug_clear_ws/install/clearpath_generator_common:/home/dinm/debug_clear_ws/install/clearpath_description:/home/dinm/debug_clear_ws/install/clearpath_sensors_description:/home/dinm/debug_clear_ws/install/clearpath_platform:/home/dinm/debug_clear_ws/install/clearpath_msgs:/home/dinm/debug_clear_ws/install/clearpath_platform_msgs:/home/dinm/debug_clear_ws/install/clearpath_platform_description:/home/dinm/debug_clear_ws/install/clearpath_mounts_description:/home/dinm/debug_clear_ws/install/clearpath_manipulators:/home/dinm/debug_clear_ws/install/clearpath_manipulators_description:/home/dinm/debug_clear_ws/install/clearpath_customization:/home/dinm/debug_clear_ws/install/clearpath_control:/opt/ros/humble CMAKE_PREFIX_PATH=/home/dinm/debug_clear_ws/install/clearpath_platform:/home/dinm/debug_clear_ws/install/clearpath_description:/home/dinm/debug_clear_ws/install/clearpath_sensors_description:/home/dinm/debug_clear_ws/install/clearpath_platform_msgs:/home/dinm/debug_clear_ws/install/clearpath_platform_description:/home/dinm/debug_clear_ws/install/clearpath_mounts_description:/home/dinm/debug_clear_ws/install/clearpath_control:/home/dinm/debug_clear_ws/install/clearpath_simulator:/home/dinm/debug_clear_ws/install/clearpath_gz:/home/dinm/debug_clear_ws/install/clearpath_generator_gz:/home/dinm/debug_clear_ws/install/clearpath_common:/home/dinm/debug_clear_ws/install/clearpath_generator_common:/home/dinm/debug_clear_ws/install/clearpath_msgs:/home/dinm/debug_clear_ws/install/clearpath_manipulators:/home/dinm/debug_clear_ws/install/clearpath_manipulators_description:/home/dinm/debug_clear_ws/install/clearpath_customization:/home/dinm/debug_clear_ws/install/square_move:/home/dinm/debug_clear_ws/install/clearpath_config:/opt/ros/humble PYTHONPATH=/home/dinm/debug_clear_ws/install/clearpath_config/lib/python3.10/site-packages:/home/dinm/debug_clear_ws/install/square_move/lib/python3.10/site-packages:/home/dinm/debug_clear_ws/install/clearpath_generator_gz/local/lib/python3.10/dist-packages:/home/dinm/debug_clear_ws/install/clearpath_generator_common/local/lib/python3.10/dist-packages:/home/dinm/debug_clear_ws/install/clearpath_platform_msgs/local/lib/python3.10/dist-packages:/opt/ros/humble/lib/python3.10/site-packages:/opt/ros/humble/local/lib/python3.10/dist-packages /usr/bin/cmake --build /home/dinm/debug_clear_ws/build/clearpath_generator_common -- -j8 -l8
[0.358s] Invoking command in '/home/dinm/debug_clear_ws/build/clearpath_generator_common': AMENT_PREFIX_PATH=/home/dinm/debug_clear_ws/install/clearpath_config:/home/dinm/debug_clear_ws/install/square_move:/home/dinm/debug_clear_ws/install/clearpath_simulator:/home/dinm/debug_clear_ws/install/clearpath_gz:/home/dinm/debug_clear_ws/install/clearpath_generator_gz:/home/dinm/debug_clear_ws/install/clearpath_common:/home/dinm/debug_clear_ws/install/clearpath_generator_common:/home/dinm/debug_clear_ws/install/clearpath_description:/home/dinm/debug_clear_ws/install/clearpath_sensors_description:/home/dinm/debug_clear_ws/install/clearpath_platform:/home/dinm/debug_clear_ws/install/clearpath_msgs:/home/dinm/debug_clear_ws/install/clearpath_platform_msgs:/home/dinm/debug_clear_ws/install/clearpath_platform_description:/home/dinm/debug_clear_ws/install/clearpath_mounts_description:/home/dinm/debug_clear_ws/install/clearpath_manipulators:/home/dinm/debug_clear_ws/install/clearpath_manipulators_description:/home/dinm/debug_clear_ws/install/clearpath_customization:/home/dinm/debug_clear_ws/install/clearpath_control:/opt/ros/humble CMAKE_PREFIX_PATH=/home/dinm/debug_clear_ws/install/clearpath_platform:/home/dinm/debug_clear_ws/install/clearpath_description:/home/dinm/debug_clear_ws/install/clearpath_sensors_description:/home/dinm/debug_clear_ws/install/clearpath_platform_msgs:/home/dinm/debug_clear_ws/install/clearpath_platform_description:/home/dinm/debug_clear_ws/install/clearpath_mounts_description:/home/dinm/debug_clear_ws/install/clearpath_control:/home/dinm/debug_clear_ws/install/clearpath_simulator:/home/dinm/debug_clear_ws/install/clearpath_gz:/home/dinm/debug_clear_ws/install/clearpath_generator_gz:/home/dinm/debug_clear_ws/install/clearpath_common:/home/dinm/debug_clear_ws/install/clearpath_generator_common:/home/dinm/debug_clear_ws/install/clearpath_msgs:/home/dinm/debug_clear_ws/install/clearpath_manipulators:/home/dinm/debug_clear_ws/install/clearpath_manipulators_description:/home/dinm/debug_clear_ws/install/clearpath_customization:/home/dinm/debug_clear_ws/install/square_move:/home/dinm/debug_clear_ws/install/clearpath_config:/opt/ros/humble PYTHONPATH=/home/dinm/debug_clear_ws/install/clearpath_config/lib/python3.10/site-packages:/home/dinm/debug_clear_ws/install/square_move/lib/python3.10/site-packages:/home/dinm/debug_clear_ws/install/clearpath_generator_gz/local/lib/python3.10/dist-packages:/home/dinm/debug_clear_ws/install/clearpath_generator_common/local/lib/python3.10/dist-packages:/home/dinm/debug_clear_ws/install/clearpath_platform_msgs/local/lib/python3.10/dist-packages:/opt/ros/humble/lib/python3.10/site-packages:/opt/ros/humble/local/lib/python3.10/dist-packages /usr/bin/cmake --install /home/dinm/debug_clear_ws/build/clearpath_generator_common
[0.363s] -- Install configuration: ""
[0.363s] -- Up-to-date: /home/dinm/debug_clear_ws/install/clearpath_generator_common/lib/clearpath_generator_common/generate_description
[0.363s] -- Up-to-date: /home/dinm/debug_clear_ws/install/clearpath_generator_common/lib/clearpath_generator_common/generate_discovery_server
[0.364s] -- Up-to-date: /home/dinm/debug_clear_ws/install/clearpath_generator_common/lib/clearpath_generator_common/generate_bash
[0.364s] -- Up-to-date: /home/dinm/debug_clear_ws/install/clearpath_generator_common/lib/clearpath_generator_common/generate_semantic_description
[0.364s] -- Up-to-date: /home/dinm/debug_clear_ws/install/clearpath_generator_common/lib/clearpath_generator_common/moveit_collision_updater
[0.364s] -- Up-to-date: /home/dinm/debug_clear_ws/install/clearpath_generator_common/share/clearpath_generator_common/environment/pythonpath.sh
[0.364s] -- Up-to-date: /home/dinm/debug_clear_ws/install/clearpath_generator_common/share/clearpath_generator_common/environment/pythonpath.dsv
[0.364s] -- Up-to-date: /home/dinm/debug_clear_ws/install/clearpath_generator_common/local/lib/python3.10/dist-packages/clearpath_generator_common-0.2.11-py3.10.egg-info
[0.364s] -- Installing: /home/dinm/debug_clear_ws/install/clearpath_generator_common/local/lib/python3.10/dist-packages/clearpath_generator_common-0.2.11-py3.10.egg-info/dependency_links.txt
[0.364s] -- Installing: /home/dinm/debug_clear_ws/install/clearpath_generator_common/local/lib/python3.10/dist-packages/clearpath_generator_common-0.2.11-py3.10.egg-info/SOURCES.txt
[0.364s] -- Installing: /home/dinm/debug_clear_ws/install/clearpath_generator_common/local/lib/python3.10/dist-packages/clearpath_generator_common-0.2.11-py3.10.egg-info/PKG-INFO
[0.364s] -- Installing: /home/dinm/debug_clear_ws/install/clearpath_generator_common/local/lib/python3.10/dist-packages/clearpath_generator_common-0.2.11-py3.10.egg-info/top_level.txt
[0.365s] -- Up-to-date: /home/dinm/debug_clear_ws/install/clearpath_generator_common/local/lib/python3.10/dist-packages/clearpath_generator_common
[0.365s] -- Up-to-date: /home/dinm/debug_clear_ws/install/clearpath_generator_common/local/lib/python3.10/dist-packages/clearpath_generator_common/__init__.py
[0.365s] -- Up-to-date: /home/dinm/debug_clear_ws/install/clearpath_generator_common/local/lib/python3.10/dist-packages/clearpath_generator_common/common.py
[0.365s] -- Up-to-date: /home/dinm/debug_clear_ws/install/clearpath_generator_common/local/lib/python3.10/dist-packages/clearpath_generator_common/param
[0.365s] -- Up-to-date: /home/dinm/debug_clear_ws/install/clearpath_generator_common/local/lib/python3.10/dist-packages/clearpath_generator_common/param/__init__.py
[0.365s] -- Up-to-date: /home/dinm/debug_clear_ws/install/clearpath_generator_common/local/lib/python3.10/dist-packages/clearpath_generator_common/param/writer.py
[0.365s] -- Up-to-date: /home/dinm/debug_clear_ws/install/clearpath_generator_common/local/lib/python3.10/dist-packages/clearpath_generator_common/param/manipulators.py
[0.365s] -- Up-to-date: /home/dinm/debug_clear_ws/install/clearpath_generator_common/local/lib/python3.10/dist-packages/clearpath_generator_common/param/generator.py
[0.365s] -- Up-to-date: /home/dinm/debug_clear_ws/install/clearpath_generator_common/local/lib/python3.10/dist-packages/clearpath_generator_common/param/platform.py
[0.365s] -- Up-to-date: /home/dinm/debug_clear_ws/install/clearpath_generator_common/local/lib/python3.10/dist-packages/clearpath_generator_common/launch
[0.365s] -- Up-to-date: /home/dinm/debug_clear_ws/install/clearpath_generator_common/local/lib/python3.10/dist-packages/clearpath_generator_common/launch/__init__.py
[0.366s] -- Up-to-date: /home/dinm/debug_clear_ws/install/clearpath_generator_common/local/lib/python3.10/dist-packages/clearpath_generator_common/launch/writer.py
[0.366s] -- Up-to-date: /home/dinm/debug_clear_ws/install/clearpath_generator_common/local/lib/python3.10/dist-packages/clearpath_generator_common/launch/generator.py
[0.366s] -- Up-to-date: /home/dinm/debug_clear_ws/install/clearpath_generator_common/local/lib/python3.10/dist-packages/clearpath_generator_common/package
[0.366s] -- Up-to-date: /home/dinm/debug_clear_ws/install/clearpath_generator_common/local/lib/python3.10/dist-packages/clearpath_generator_common/package/__init__.py
[0.366s] -- Up-to-date: /home/dinm/debug_clear_ws/install/clearpath_generator_common/local/lib/python3.10/dist-packages/clearpath_generator_common/package/writer.py
[0.366s] -- Up-to-date: /home/dinm/debug_clear_ws/install/clearpath_generator_common/local/lib/python3.10/dist-packages/clearpath_generator_common/description
[0.366s] -- Up-to-date: /home/dinm/debug_clear_ws/install/clearpath_generator_common/local/lib/python3.10/dist-packages/clearpath_generator_common/description/__init__.py
[0.366s] -- Up-to-date: /home/dinm/debug_clear_ws/install/clearpath_generator_common/local/lib/python3.10/dist-packages/clearpath_generator_common/description/sensors.py
[0.366s] -- Up-to-date: /home/dinm/debug_clear_ws/install/clearpath_generator_common/local/lib/python3.10/dist-packages/clearpath_generator_common/description/writer.py
[0.366s] -- Up-to-date: /home/dinm/debug_clear_ws/install/clearpath_generator_common/local/lib/python3.10/dist-packages/clearpath_generator_common/description/attachments.py
[0.366s] -- Up-to-date: /home/dinm/debug_clear_ws/install/clearpath_generator_common/local/lib/python3.10/dist-packages/clearpath_generator_common/description/links.py
[0.366s] -- Up-to-date: /home/dinm/debug_clear_ws/install/clearpath_generator_common/local/lib/python3.10/dist-packages/clearpath_generator_common/description/mounts.py
[0.367s] -- Up-to-date: /home/dinm/debug_clear_ws/install/clearpath_generator_common/local/lib/python3.10/dist-packages/clearpath_generator_common/description/manipulators.py
[0.367s] -- Up-to-date: /home/dinm/debug_clear_ws/install/clearpath_generator_common/local/lib/python3.10/dist-packages/clearpath_generator_common/description/generate_description
[0.367s] -- Up-to-date: /home/dinm/debug_clear_ws/install/clearpath_generator_common/local/lib/python3.10/dist-packages/clearpath_generator_common/description/generator.py
[0.367s] -- Up-to-date: /home/dinm/debug_clear_ws/install/clearpath_generator_common/local/lib/python3.10/dist-packages/clearpath_generator_common/description/platform.py
[0.367s] -- Up-to-date: /home/dinm/debug_clear_ws/install/clearpath_generator_common/local/lib/python3.10/dist-packages/clearpath_generator_common/discovery_server
[0.367s] -- Up-to-date: /home/dinm/debug_clear_ws/install/clearpath_generator_common/local/lib/python3.10/dist-packages/clearpath_generator_common/discovery_server/generate_discovery_server
[0.367s] -- Up-to-date: /home/dinm/debug_clear_ws/install/clearpath_generator_common/local/lib/python3.10/dist-packages/clearpath_generator_common/discovery_server/generator.py
[0.367s] -- Up-to-date: /home/dinm/debug_clear_ws/install/clearpath_generator_common/local/lib/python3.10/dist-packages/clearpath_generator_common/bash
[0.367s] -- Up-to-date: /home/dinm/debug_clear_ws/install/clearpath_generator_common/local/lib/python3.10/dist-packages/clearpath_generator_common/bash/__init__.py
[0.367s] -- Up-to-date: /home/dinm/debug_clear_ws/install/clearpath_generator_common/local/lib/python3.10/dist-packages/clearpath_generator_common/bash/writer.py
[0.367s] -- Up-to-date: /home/dinm/debug_clear_ws/install/clearpath_generator_common/local/lib/python3.10/dist-packages/clearpath_generator_common/bash/generate_bash
[0.367s] -- Up-to-date: /home/dinm/debug_clear_ws/install/clearpath_generator_common/local/lib/python3.10/dist-packages/clearpath_generator_common/bash/generator.py
[0.368s] -- Up-to-date: /home/dinm/debug_clear_ws/install/clearpath_generator_common/local/lib/python3.10/dist-packages/clearpath_generator_common/semantic_description
[0.368s] -- Up-to-date: /home/dinm/debug_clear_ws/install/clearpath_generator_common/local/lib/python3.10/dist-packages/clearpath_generator_common/semantic_description/__init__.py
[0.368s] -- Up-to-date: /home/dinm/debug_clear_ws/install/clearpath_generator_common/local/lib/python3.10/dist-packages/clearpath_generator_common/semantic_description/manipulators.py
[0.368s] -- Up-to-date: /home/dinm/debug_clear_ws/install/clearpath_generator_common/local/lib/python3.10/dist-packages/clearpath_generator_common/semantic_description/generator.py
[0.368s] -- Up-to-date: /home/dinm/debug_clear_ws/install/clearpath_generator_common/local/lib/python3.10/dist-packages/clearpath_generator_common/semantic_description/generate_semantic_description
[0.392s] Listing '/home/dinm/debug_clear_ws/install/clearpath_generator_common/local/lib/python3.10/dist-packages/clearpath_generator_common'...
[0.392s] Listing '/home/dinm/debug_clear_ws/install/clearpath_generator_common/local/lib/python3.10/dist-packages/clearpath_generator_common/bash'...
[0.393s] Listing '/home/dinm/debug_clear_ws/install/clearpath_generator_common/local/lib/python3.10/dist-packages/clearpath_generator_common/description'...
[0.393s] Listing '/home/dinm/debug_clear_ws/install/clearpath_generator_common/local/lib/python3.10/dist-packages/clearpath_generator_common/discovery_server'...
[0.393s] Listing '/home/dinm/debug_clear_ws/install/clearpath_generator_common/local/lib/python3.10/dist-packages/clearpath_generator_common/launch'...
[0.393s] Listing '/home/dinm/debug_clear_ws/install/clearpath_generator_common/local/lib/python3.10/dist-packages/clearpath_generator_common/package'...
[0.393s] Listing '/home/dinm/debug_clear_ws/install/clearpath_generator_common/local/lib/python3.10/dist-packages/clearpath_generator_common/param'...
[0.393s] Listing '/home/dinm/debug_clear_ws/install/clearpath_generator_common/local/lib/python3.10/dist-packages/clearpath_generator_common/semantic_description'...
[0.396s] -- Up-to-date: /home/dinm/debug_clear_ws/install/clearpath_generator_common/share/ament_index/resource_index/package_run_dependencies/clearpath_generator_common
[0.396s] -- Up-to-date: /home/dinm/debug_clear_ws/install/clearpath_generator_common/share/ament_index/resource_index/parent_prefix_path/clearpath_generator_common
[0.396s] -- Up-to-date: /home/dinm/debug_clear_ws/install/clearpath_generator_common/share/clearpath_generator_common/environment/ament_prefix_path.sh
[0.396s] -- Up-to-date: /home/dinm/debug_clear_ws/install/clearpath_generator_common/share/clearpath_generator_common/environment/ament_prefix_path.dsv
[0.396s] -- Up-to-date: /home/dinm/debug_clear_ws/install/clearpath_generator_common/share/clearpath_generator_common/environment/path.sh
[0.396s] -- Up-to-date: /home/dinm/debug_clear_ws/install/clearpath_generator_common/share/clearpath_generator_common/environment/path.dsv
[0.396s] -- Up-to-date: /home/dinm/debug_clear_ws/install/clearpath_generator_common/share/clearpath_generator_common/local_setup.bash
[0.396s] -- Up-to-date: /home/dinm/debug_clear_ws/install/clearpath_generator_common/share/clearpath_generator_common/local_setup.sh
[0.396s] -- Up-to-date: /home/dinm/debug_clear_ws/install/clearpath_generator_common/share/clearpath_generator_common/local_setup.zsh
[0.396s] -- Up-to-date: /home/dinm/debug_clear_ws/install/clearpath_generator_common/share/clearpath_generator_common/local_setup.dsv
[0.397s] -- Installing: /home/dinm/debug_clear_ws/install/clearpath_generator_common/share/clearpath_generator_common/package.dsv
[0.397s] -- Up-to-date: /home/dinm/debug_clear_ws/install/clearpath_generator_common/share/ament_index/resource_index/packages/clearpath_generator_common
[0.397s] -- Up-to-date: /home/dinm/debug_clear_ws/install/clearpath_generator_common/share/clearpath_generator_common/cmake/clearpath_generator_commonConfig.cmake
[0.397s] -- Up-to-date: /home/dinm/debug_clear_ws/install/clearpath_generator_common/share/clearpath_generator_common/cmake/clearpath_generator_commonConfig-version.cmake
[0.397s] -- Up-to-date: /home/dinm/debug_clear_ws/install/clearpath_generator_common/share/clearpath_generator_common/package.xml
[0.398s] Invoked command in '/home/dinm/debug_clear_ws/build/clearpath_generator_common' returned '0': AMENT_PREFIX_PATH=/home/dinm/debug_clear_ws/install/clearpath_config:/home/dinm/debug_clear_ws/install/square_move:/home/dinm/debug_clear_ws/install/clearpath_simulator:/home/dinm/debug_clear_ws/install/clearpath_gz:/home/dinm/debug_clear_ws/install/clearpath_generator_gz:/home/dinm/debug_clear_ws/install/clearpath_common:/home/dinm/debug_clear_ws/install/clearpath_generator_common:/home/dinm/debug_clear_ws/install/clearpath_description:/home/dinm/debug_clear_ws/install/clearpath_sensors_description:/home/dinm/debug_clear_ws/install/clearpath_platform:/home/dinm/debug_clear_ws/install/clearpath_msgs:/home/dinm/debug_clear_ws/install/clearpath_platform_msgs:/home/dinm/debug_clear_ws/install/clearpath_platform_description:/home/dinm/debug_clear_ws/install/clearpath_mounts_description:/home/dinm/debug_clear_ws/install/clearpath_manipulators:/home/dinm/debug_clear_ws/install/clearpath_manipulators_description:/home/dinm/debug_clear_ws/install/clearpath_customization:/home/dinm/debug_clear_ws/install/clearpath_control:/opt/ros/humble CMAKE_PREFIX_PATH=/home/dinm/debug_clear_ws/install/clearpath_platform:/home/dinm/debug_clear_ws/install/clearpath_description:/home/dinm/debug_clear_ws/install/clearpath_sensors_description:/home/dinm/debug_clear_ws/install/clearpath_platform_msgs:/home/dinm/debug_clear_ws/install/clearpath_platform_description:/home/dinm/debug_clear_ws/install/clearpath_mounts_description:/home/dinm/debug_clear_ws/install/clearpath_control:/home/dinm/debug_clear_ws/install/clearpath_simulator:/home/dinm/debug_clear_ws/install/clearpath_gz:/home/dinm/debug_clear_ws/install/clearpath_generator_gz:/home/dinm/debug_clear_ws/install/clearpath_common:/home/dinm/debug_clear_ws/install/clearpath_generator_common:/home/dinm/debug_clear_ws/install/clearpath_msgs:/home/dinm/debug_clear_ws/install/clearpath_manipulators:/home/dinm/debug_clear_ws/install/clearpath_manipulators_description:/home/dinm/debug_clear_ws/install/clearpath_customization:/home/dinm/debug_clear_ws/install/square_move:/home/dinm/debug_clear_ws/install/clearpath_config:/opt/ros/humble PYTHONPATH=/home/dinm/debug_clear_ws/install/clearpath_config/lib/python3.10/site-packages:/home/dinm/debug_clear_ws/install/square_move/lib/python3.10/site-packages:/home/dinm/debug_clear_ws/install/clearpath_generator_gz/local/lib/python3.10/dist-packages:/home/dinm/debug_clear_ws/install/clearpath_generator_common/local/lib/python3.10/dist-packages:/home/dinm/debug_clear_ws/install/clearpath_platform_msgs/local/lib/python3.10/dist-packages:/opt/ros/humble/lib/python3.10/site-packages:/opt/ros/humble/local/lib/python3.10/dist-packages /usr/bin/cmake --install /home/dinm/debug_clear_ws/build/clearpath_generator_common
