[0.014s] Invoking command in '/home/dinm/debug_clear_ws/build/clearpath_msgs': AMENT_PREFIX_PATH=/home/dinm/debug_clear_ws/install/clearpath_platform_msgs:${AMENT_PREFIX_PATH} CMAKE_PREFIX_PATH=/home/dinm/debug_clear_ws/install/clearpath_platform_msgs:/opt/ros/humble LD_LIBRARY_PATH=/home/dinm/debug_clear_ws/install/clearpath_platform_msgs/lib:${LD_LIBRARY_PATH} PYTHONPATH=/home/dinm/debug_clear_ws/install/clearpath_platform_msgs/local/lib/python3.10/dist-packages:${PYTHONPATH} /usr/bin/cmake --build /home/dinm/debug_clear_ws/build/clearpath_msgs -- -j8 -l8
[0.045s] Invoked command in '/home/dinm/debug_clear_ws/build/clearpath_msgs' returned '0': AMENT_PREFIX_PATH=/home/dinm/debug_clear_ws/install/clearpath_platform_msgs:${AMENT_PREFIX_PATH} CMAKE_PREFIX_PATH=/home/dinm/debug_clear_ws/install/clearpath_platform_msgs:/opt/ros/humble LD_LIBRARY_PATH=/home/dinm/debug_clear_ws/install/clearpath_platform_msgs/lib:${LD_LIBRARY_PATH} PYTHONPATH=/home/dinm/debug_clear_ws/install/clearpath_platform_msgs/local/lib/python3.10/dist-packages:${PYTHONPATH} /usr/bin/cmake --build /home/dinm/debug_clear_ws/build/clearpath_msgs -- -j8 -l8
[0.068s] Invoking command in '/home/dinm/debug_clear_ws/build/clearpath_msgs': AMENT_PREFIX_PATH=/home/dinm/debug_clear_ws/install/clearpath_platform_msgs:${AMENT_PREFIX_PATH} CMAKE_PREFIX_PATH=/home/dinm/debug_clear_ws/install/clearpath_platform_msgs:/opt/ros/humble LD_LIBRARY_PATH=/home/dinm/debug_clear_ws/install/clearpath_platform_msgs/lib:${LD_LIBRARY_PATH} PYTHONPATH=/home/dinm/debug_clear_ws/install/clearpath_platform_msgs/local/lib/python3.10/dist-packages:${PYTHONPATH} /usr/bin/cmake --install /home/dinm/debug_clear_ws/build/clearpath_msgs
[0.078s] -- Install configuration: ""
[0.079s] -- Up-to-date: /home/dinm/debug_clear_ws/install/clearpath_msgs/share/ament_index/resource_index/package_run_dependencies/clearpath_msgs
[0.079s] -- Up-to-date: /home/dinm/debug_clear_ws/install/clearpath_msgs/share/ament_index/resource_index/parent_prefix_path/clearpath_msgs
[0.079s] -- Up-to-date: /home/dinm/debug_clear_ws/install/clearpath_msgs/share/clearpath_msgs/environment/ament_prefix_path.sh
[0.079s] -- Up-to-date: /home/dinm/debug_clear_ws/install/clearpath_msgs/share/clearpath_msgs/environment/ament_prefix_path.dsv
[0.080s] -- Up-to-date: /home/dinm/debug_clear_ws/install/clearpath_msgs/share/clearpath_msgs/environment/path.sh
[0.080s] -- Up-to-date: /home/dinm/debug_clear_ws/install/clearpath_msgs/share/clearpath_msgs/environment/path.dsv
[0.080s] -- Up-to-date: /home/dinm/debug_clear_ws/install/clearpath_msgs/share/clearpath_msgs/local_setup.bash
[0.080s] -- Up-to-date: /home/dinm/debug_clear_ws/install/clearpath_msgs/share/clearpath_msgs/local_setup.sh
[0.080s] -- Up-to-date: /home/dinm/debug_clear_ws/install/clearpath_msgs/share/clearpath_msgs/local_setup.zsh
[0.080s] -- Up-to-date: /home/dinm/debug_clear_ws/install/clearpath_msgs/share/clearpath_msgs/local_setup.dsv
[0.080s] -- Installing: /home/dinm/debug_clear_ws/install/clearpath_msgs/share/clearpath_msgs/package.dsv
[0.080s] -- Up-to-date: /home/dinm/debug_clear_ws/install/clearpath_msgs/share/ament_index/resource_index/packages/clearpath_msgs
[0.080s] -- Up-to-date: /home/dinm/debug_clear_ws/install/clearpath_msgs/share/clearpath_msgs/cmake/clearpath_msgsConfig.cmake
[0.080s] -- Up-to-date: /home/dinm/debug_clear_ws/install/clearpath_msgs/share/clearpath_msgs/cmake/clearpath_msgsConfig-version.cmake
[0.081s] -- Up-to-date: /home/dinm/debug_clear_ws/install/clearpath_msgs/share/clearpath_msgs/package.xml
[0.087s] Invoked command in '/home/dinm/debug_clear_ws/build/clearpath_msgs' returned '0': AMENT_PREFIX_PATH=/home/dinm/debug_clear_ws/install/clearpath_platform_msgs:${AMENT_PREFIX_PATH} CMAKE_PREFIX_PATH=/home/dinm/debug_clear_ws/install/clearpath_platform_msgs:/opt/ros/humble LD_LIBRARY_PATH=/home/dinm/debug_clear_ws/install/clearpath_platform_msgs/lib:${LD_LIBRARY_PATH} PYTHONPATH=/home/dinm/debug_clear_ws/install/clearpath_platform_msgs/local/lib/python3.10/dist-packages:${PYTHONPATH} /usr/bin/cmake --install /home/dinm/debug_clear_ws/build/clearpath_msgs
