running egg_info
writing ../../build/square_move/square_move.egg-info/PKG-INFO
writing dependency_links to ../../build/square_move/square_move.egg-info/dependency_links.txt
writing entry points to ../../build/square_move/square_move.egg-info/entry_points.txt
writing requirements to ../../build/square_move/square_move.egg-info/requires.txt
writing top-level names to ../../build/square_move/square_move.egg-info/top_level.txt
reading manifest file '../../build/square_move/square_move.egg-info/SOURCES.txt'
writing manifest file '../../build/square_move/square_move.egg-info/SOURCES.txt'
running build
running build_py
copying square_move/square_path.py -> /home/dinm/debug_clear_ws/build/square_move/build/lib/square_move
running install
running install_lib
copying /home/dinm/debug_clear_ws/build/square_move/build/lib/square_move/square_path.py -> /home/dinm/debug_clear_ws/install/square_move/lib/python3.10/site-packages/square_move
byte-compiling /home/dinm/debug_clear_ws/install/square_move/lib/python3.10/site-packages/square_move/square_path.py to square_path.cpython-310.pyc
running install_data
running install_egg_info
removing '/home/dinm/debug_clear_ws/install/square_move/lib/python3.10/site-packages/square_move-0.0.0-py3.10.egg-info' (and everything under it)
Copying ../../build/square_move/square_move.egg-info to /home/dinm/debug_clear_ws/install/square_move/lib/python3.10/site-packages/square_move-0.0.0-py3.10.egg-info
running install_scripts
Installing square_move script to /home/dinm/debug_clear_ws/install/square_move/lib/square_move
Installing square_path script to /home/dinm/debug_clear_ws/install/square_move/lib/square_move
writing list of installed files to '/home/dinm/debug_clear_ws/build/square_move/install.log'
