[0.010s] Invoking command in '/home/dinm/debug_clear_ws/build/clearpath_description': CMAKE_PREFIX_PATH=/home/dinm/debug_clear_ws/install/clearpath_sensors_description:/home/dinm/debug_clear_ws/install/clearpath_platform_description:/home/dinm/debug_clear_ws/install/clearpath_mounts_description:/home/dinm/debug_clear_ws/install/clearpath_simulator:/home/dinm/debug_clear_ws/install/clearpath_gz:/home/dinm/debug_clear_ws/install/clearpath_generator_gz:/home/dinm/debug_clear_ws/install/clearpath_common:/home/dinm/debug_clear_ws/install/clearpath_generator_common:/home/dinm/debug_clear_ws/install/clearpath_description:/home/dinm/debug_clear_ws/install/clearpath_platform:/home/dinm/debug_clear_ws/install/clearpath_msgs:/home/dinm/debug_clear_ws/install/clearpath_platform_msgs:/home/dinm/debug_clear_ws/install/clearpath_manipulators:/home/dinm/debug_clear_ws/install/clearpath_manipulators_description:/home/dinm/debug_clear_ws/install/clearpath_customization:/home/dinm/debug_clear_ws/install/clearpath_control:/home/dinm/debug_clear_ws/install/clearpath_config:/opt/ros/humble /usr/bin/cmake /home/dinm/debug_clear_ws/src/clearpath_common/clearpath_description -DCMAKE_INSTALL_PREFIX=/home/dinm/debug_clear_ws/install/clearpath_description
[0.066s] -- The C compiler identification is GNU 11.4.0
[0.123s] -- The CXX compiler identification is GNU 11.4.0
[0.129s] -- Detecting C compiler ABI info
[0.185s] -- Detecting C compiler ABI info - done
[0.199s] -- Check for working C compiler: /usr/bin/cc - skipped
[0.199s] -- Detecting C compile features
[0.200s] -- Detecting C compile features - done
[0.202s] -- Detecting CXX compiler ABI info
[0.273s] -- Detecting CXX compiler ABI info - done
[0.281s] -- Check for working CXX compiler: /usr/bin/c++ - skipped
[0.281s] -- Detecting CXX compile features
[0.282s] -- Detecting CXX compile features - done
[0.285s] -- Found ament_cmake: 1.3.10 (/opt/ros/humble/share/ament_cmake/cmake)
[0.429s] -- Found Python3: /usr/bin/python3 (found version "3.10.12") found components: Interpreter 
[0.581s] -- Configuring done
[0.583s] -- Generating done
[0.583s] -- Build files have been written to: /home/dinm/debug_clear_ws/build/clearpath_description
[0.587s] Invoked command in '/home/dinm/debug_clear_ws/build/clearpath_description' returned '0': CMAKE_PREFIX_PATH=/home/dinm/debug_clear_ws/install/clearpath_sensors_description:/home/dinm/debug_clear_ws/install/clearpath_platform_description:/home/dinm/debug_clear_ws/install/clearpath_mounts_description:/home/dinm/debug_clear_ws/install/clearpath_simulator:/home/dinm/debug_clear_ws/install/clearpath_gz:/home/dinm/debug_clear_ws/install/clearpath_generator_gz:/home/dinm/debug_clear_ws/install/clearpath_common:/home/dinm/debug_clear_ws/install/clearpath_generator_common:/home/dinm/debug_clear_ws/install/clearpath_description:/home/dinm/debug_clear_ws/install/clearpath_platform:/home/dinm/debug_clear_ws/install/clearpath_msgs:/home/dinm/debug_clear_ws/install/clearpath_platform_msgs:/home/dinm/debug_clear_ws/install/clearpath_manipulators:/home/dinm/debug_clear_ws/install/clearpath_manipulators_description:/home/dinm/debug_clear_ws/install/clearpath_customization:/home/dinm/debug_clear_ws/install/clearpath_control:/home/dinm/debug_clear_ws/install/clearpath_config:/opt/ros/humble /usr/bin/cmake /home/dinm/debug_clear_ws/src/clearpath_common/clearpath_description -DCMAKE_INSTALL_PREFIX=/home/dinm/debug_clear_ws/install/clearpath_description
[0.589s] Invoking command in '/home/dinm/debug_clear_ws/build/clearpath_description': CMAKE_PREFIX_PATH=/home/dinm/debug_clear_ws/install/clearpath_sensors_description:/home/dinm/debug_clear_ws/install/clearpath_platform_description:/home/dinm/debug_clear_ws/install/clearpath_mounts_description:/home/dinm/debug_clear_ws/install/clearpath_simulator:/home/dinm/debug_clear_ws/install/clearpath_gz:/home/dinm/debug_clear_ws/install/clearpath_generator_gz:/home/dinm/debug_clear_ws/install/clearpath_common:/home/dinm/debug_clear_ws/install/clearpath_generator_common:/home/dinm/debug_clear_ws/install/clearpath_description:/home/dinm/debug_clear_ws/install/clearpath_platform:/home/dinm/debug_clear_ws/install/clearpath_msgs:/home/dinm/debug_clear_ws/install/clearpath_platform_msgs:/home/dinm/debug_clear_ws/install/clearpath_manipulators:/home/dinm/debug_clear_ws/install/clearpath_manipulators_description:/home/dinm/debug_clear_ws/install/clearpath_customization:/home/dinm/debug_clear_ws/install/clearpath_control:/home/dinm/debug_clear_ws/install/clearpath_config:/opt/ros/humble /usr/bin/cmake --build /home/dinm/debug_clear_ws/build/clearpath_description -- -j8 -l8
[0.621s] Invoked command in '/home/dinm/debug_clear_ws/build/clearpath_description' returned '0': CMAKE_PREFIX_PATH=/home/dinm/debug_clear_ws/install/clearpath_sensors_description:/home/dinm/debug_clear_ws/install/clearpath_platform_description:/home/dinm/debug_clear_ws/install/clearpath_mounts_description:/home/dinm/debug_clear_ws/install/clearpath_simulator:/home/dinm/debug_clear_ws/install/clearpath_gz:/home/dinm/debug_clear_ws/install/clearpath_generator_gz:/home/dinm/debug_clear_ws/install/clearpath_common:/home/dinm/debug_clear_ws/install/clearpath_generator_common:/home/dinm/debug_clear_ws/install/clearpath_description:/home/dinm/debug_clear_ws/install/clearpath_platform:/home/dinm/debug_clear_ws/install/clearpath_msgs:/home/dinm/debug_clear_ws/install/clearpath_platform_msgs:/home/dinm/debug_clear_ws/install/clearpath_manipulators:/home/dinm/debug_clear_ws/install/clearpath_manipulators_description:/home/dinm/debug_clear_ws/install/clearpath_customization:/home/dinm/debug_clear_ws/install/clearpath_control:/home/dinm/debug_clear_ws/install/clearpath_config:/opt/ros/humble /usr/bin/cmake --build /home/dinm/debug_clear_ws/build/clearpath_description -- -j8 -l8
[0.640s] Invoking command in '/home/dinm/debug_clear_ws/build/clearpath_description': CMAKE_PREFIX_PATH=/home/dinm/debug_clear_ws/install/clearpath_sensors_description:/home/dinm/debug_clear_ws/install/clearpath_platform_description:/home/dinm/debug_clear_ws/install/clearpath_mounts_description:/home/dinm/debug_clear_ws/install/clearpath_simulator:/home/dinm/debug_clear_ws/install/clearpath_gz:/home/dinm/debug_clear_ws/install/clearpath_generator_gz:/home/dinm/debug_clear_ws/install/clearpath_common:/home/dinm/debug_clear_ws/install/clearpath_generator_common:/home/dinm/debug_clear_ws/install/clearpath_description:/home/dinm/debug_clear_ws/install/clearpath_platform:/home/dinm/debug_clear_ws/install/clearpath_msgs:/home/dinm/debug_clear_ws/install/clearpath_platform_msgs:/home/dinm/debug_clear_ws/install/clearpath_manipulators:/home/dinm/debug_clear_ws/install/clearpath_manipulators_description:/home/dinm/debug_clear_ws/install/clearpath_customization:/home/dinm/debug_clear_ws/install/clearpath_control:/home/dinm/debug_clear_ws/install/clearpath_config:/opt/ros/humble /usr/bin/cmake --install /home/dinm/debug_clear_ws/build/clearpath_description
[0.648s] -- Install configuration: ""
[0.648s] -- Installing: /home/dinm/debug_clear_ws/install/clearpath_description/share/ament_index/resource_index/package_run_dependencies/clearpath_description
[0.648s] -- Installing: /home/dinm/debug_clear_ws/install/clearpath_description/share/ament_index/resource_index/parent_prefix_path/clearpath_description
[0.648s] -- Installing: /home/dinm/debug_clear_ws/install/clearpath_description/share/clearpath_description/environment/ament_prefix_path.sh
[0.648s] -- Installing: /home/dinm/debug_clear_ws/install/clearpath_description/share/clearpath_description/environment/ament_prefix_path.dsv
[0.649s] -- Installing: /home/dinm/debug_clear_ws/install/clearpath_description/share/clearpath_description/environment/path.sh
[0.649s] -- Installing: /home/dinm/debug_clear_ws/install/clearpath_description/share/clearpath_description/environment/path.dsv
[0.649s] -- Installing: /home/dinm/debug_clear_ws/install/clearpath_description/share/clearpath_description/local_setup.bash
[0.649s] -- Installing: /home/dinm/debug_clear_ws/install/clearpath_description/share/clearpath_description/local_setup.sh
[0.649s] -- Installing: /home/dinm/debug_clear_ws/install/clearpath_description/share/clearpath_description/local_setup.zsh
[0.650s] -- Installing: /home/dinm/debug_clear_ws/install/clearpath_description/share/clearpath_description/local_setup.dsv
[0.650s] -- Installing: /home/dinm/debug_clear_ws/install/clearpath_description/share/clearpath_description/package.dsv
[0.650s] -- Installing: /home/dinm/debug_clear_ws/install/clearpath_description/share/ament_index/resource_index/packages/clearpath_description
[0.650s] -- Installing: /home/dinm/debug_clear_ws/install/clearpath_description/share/clearpath_description/cmake/clearpath_descriptionConfig.cmake
[0.651s] -- Installing: /home/dinm/debug_clear_ws/install/clearpath_description/share/clearpath_description/cmake/clearpath_descriptionConfig-version.cmake
[0.651s] -- Installing: /home/dinm/debug_clear_ws/install/clearpath_description/share/clearpath_description/package.xml
[0.659s] Invoked command in '/home/dinm/debug_clear_ws/build/clearpath_description' returned '0': CMAKE_PREFIX_PATH=/home/dinm/debug_clear_ws/install/clearpath_sensors_description:/home/dinm/debug_clear_ws/install/clearpath_platform_description:/home/dinm/debug_clear_ws/install/clearpath_mounts_description:/home/dinm/debug_clear_ws/install/clearpath_simulator:/home/dinm/debug_clear_ws/install/clearpath_gz:/home/dinm/debug_clear_ws/install/clearpath_generator_gz:/home/dinm/debug_clear_ws/install/clearpath_common:/home/dinm/debug_clear_ws/install/clearpath_generator_common:/home/dinm/debug_clear_ws/install/clearpath_description:/home/dinm/debug_clear_ws/install/clearpath_platform:/home/dinm/debug_clear_ws/install/clearpath_msgs:/home/dinm/debug_clear_ws/install/clearpath_platform_msgs:/home/dinm/debug_clear_ws/install/clearpath_manipulators:/home/dinm/debug_clear_ws/install/clearpath_manipulators_description:/home/dinm/debug_clear_ws/install/clearpath_customization:/home/dinm/debug_clear_ws/install/clearpath_control:/home/dinm/debug_clear_ws/install/clearpath_config:/opt/ros/humble /usr/bin/cmake --install /home/dinm/debug_clear_ws/build/clearpath_description
