-- Install configuration: ""
-- Up-to-date: /home/dinm/debug_clear_ws/install/clearpath_gz/share/clearpath_gz/config
-- Up-to-date: /home/dinm/debug_clear_ws/install/clearpath_gz/share/clearpath_gz/config/gui.config
-- Up-to-date: /home/dinm/debug_clear_ws/install/clearpath_gz/share/clearpath_gz/launch
-- Up-to-date: /home/dinm/debug_clear_ws/install/clearpath_gz/share/clearpath_gz/launch/robot_spawn.launch.py
-- Up-to-date: /home/dinm/debug_clear_ws/install/clearpath_gz/share/clearpath_gz/launch/gz_sim.launch.py
-- Up-to-date: /home/dinm/debug_clear_ws/install/clearpath_gz/share/clearpath_gz/launch/simulation.launch.py
-- Up-to-date: /home/dinm/debug_clear_ws/install/clearpath_gz/share/clearpath_gz/worlds
-- Up-to-date: /home/dinm/debug_clear_ws/install/clearpath_gz/share/clearpath_gz/worlds/warehouse.sdf
-- Up-to-date: /home/dinm/debug_clear_ws/install/clearpath_gz/share/ament_index/resource_index/package_run_dependencies/clearpath_gz
-- Up-to-date: /home/dinm/debug_clear_ws/install/clearpath_gz/share/ament_index/resource_index/parent_prefix_path/clearpath_gz
-- Up-to-date: /home/dinm/debug_clear_ws/install/clearpath_gz/share/clearpath_gz/environment/ament_prefix_path.sh
-- Up-to-date: /home/dinm/debug_clear_ws/install/clearpath_gz/share/clearpath_gz/environment/ament_prefix_path.dsv
-- Up-to-date: /home/dinm/debug_clear_ws/install/clearpath_gz/share/clearpath_gz/environment/path.sh
-- Up-to-date: /home/dinm/debug_clear_ws/install/clearpath_gz/share/clearpath_gz/environment/path.dsv
-- Up-to-date: /home/dinm/debug_clear_ws/install/clearpath_gz/share/clearpath_gz/local_setup.bash
-- Up-to-date: /home/dinm/debug_clear_ws/install/clearpath_gz/share/clearpath_gz/local_setup.sh
-- Up-to-date: /home/dinm/debug_clear_ws/install/clearpath_gz/share/clearpath_gz/local_setup.zsh
-- Up-to-date: /home/dinm/debug_clear_ws/install/clearpath_gz/share/clearpath_gz/local_setup.dsv
-- Installing: /home/dinm/debug_clear_ws/install/clearpath_gz/share/clearpath_gz/package.dsv
-- Up-to-date: /home/dinm/debug_clear_ws/install/clearpath_gz/share/ament_index/resource_index/packages/clearpath_gz
-- Up-to-date: /home/dinm/debug_clear_ws/install/clearpath_gz/share/clearpath_gz/cmake/clearpath_gzConfig.cmake
-- Up-to-date: /home/dinm/debug_clear_ws/install/clearpath_gz/share/clearpath_gz/cmake/clearpath_gzConfig-version.cmake
-- Up-to-date: /home/dinm/debug_clear_ws/install/clearpath_gz/share/clearpath_gz/package.xml
