[0.394s] Invoking command in '/home/dinm/debug_clear_ws/build/clearpath_manipulators_description': CMAKE_PREFIX_PATH=${CMAKE_PREFIX_PATH}:/home/dinm/debug_clear_ws/install/square_move:/home/dinm/debug_clear_ws/install/clearpath_config:/opt/ros/humble /usr/bin/cmake --build /home/dinm/debug_clear_ws/build/clearpath_manipulators_description -- -j8 -l8
[0.522s] Invoked command in '/home/dinm/debug_clear_ws/build/clearpath_manipulators_description' returned '0': CMAKE_PREFIX_PATH=${CMAKE_PREFIX_PATH}:/home/dinm/debug_clear_ws/install/square_move:/home/dinm/debug_clear_ws/install/clearpath_config:/opt/ros/humble /usr/bin/cmake --build /home/dinm/debug_clear_ws/build/clearpath_manipulators_description -- -j8 -l8
[0.580s] Invoking command in '/home/dinm/debug_clear_ws/build/clearpath_manipulators_description': CMAKE_PREFIX_PATH=${CMAKE_PREFIX_PATH}:/home/dinm/debug_clear_ws/install/square_move:/home/dinm/debug_clear_ws/install/clearpath_config:/opt/ros/humble /usr/bin/cmake --install /home/dinm/debug_clear_ws/build/clearpath_manipulators_description
[0.596s] -- Install configuration: ""
[0.596s] -- Up-to-date: /home/dinm/debug_clear_ws/install/clearpath_manipulators_description/share/clearpath_manipulators_description/urdf
[0.596s] -- Up-to-date: /home/dinm/debug_clear_ws/install/clearpath_manipulators_description/share/clearpath_manipulators_description/urdf/gripper
[0.597s] -- Up-to-date: /home/dinm/debug_clear_ws/install/clearpath_manipulators_description/share/clearpath_manipulators_description/urdf/gripper/robotiq_2f_140.urdf.xacro
[0.597s] -- Up-to-date: /home/dinm/debug_clear_ws/install/clearpath_manipulators_description/share/clearpath_manipulators_description/urdf/gripper/kinova_2f_lite.urdf.xacro
[0.599s] -- Up-to-date: /home/dinm/debug_clear_ws/install/clearpath_manipulators_description/share/clearpath_manipulators_description/urdf/gripper/robotiq_2f_85.urdf.xacro
[0.600s] -- Up-to-date: /home/dinm/debug_clear_ws/install/clearpath_manipulators_description/share/clearpath_manipulators_description/urdf/arm
[0.600s] -- Up-to-date: /home/dinm/debug_clear_ws/install/clearpath_manipulators_description/share/clearpath_manipulators_description/urdf/arm/kinova_gen3_7dof.urdf.xacro
[0.600s] -- Up-to-date: /home/dinm/debug_clear_ws/install/clearpath_manipulators_description/share/clearpath_manipulators_description/urdf/arm/kinova_gen3_6dof.urdf.xacro
[0.600s] -- Up-to-date: /home/dinm/debug_clear_ws/install/clearpath_manipulators_description/share/clearpath_manipulators_description/urdf/arm/kinova_gen3_lite.urdf.xacro
[0.600s] -- Up-to-date: /home/dinm/debug_clear_ws/install/clearpath_manipulators_description/share/clearpath_manipulators_description/config
[0.600s] -- Up-to-date: /home/dinm/debug_clear_ws/install/clearpath_manipulators_description/share/clearpath_manipulators_description/config/gripper
[0.600s] -- Up-to-date: /home/dinm/debug_clear_ws/install/clearpath_manipulators_description/share/clearpath_manipulators_description/config/gripper/robotiq_2f_140
[0.600s] -- Up-to-date: /home/dinm/debug_clear_ws/install/clearpath_manipulators_description/share/clearpath_manipulators_description/config/gripper/robotiq_2f_140/initial_positions.yaml
[0.601s] -- Up-to-date: /home/dinm/debug_clear_ws/install/clearpath_manipulators_description/share/clearpath_manipulators_description/config/gripper/robotiq_2f_140/moveit_controllers.yaml
[0.601s] -- Up-to-date: /home/dinm/debug_clear_ws/install/clearpath_manipulators_description/share/clearpath_manipulators_description/config/gripper/robotiq_2f_140/joint_limits.yaml
[0.601s] -- Up-to-date: /home/dinm/debug_clear_ws/install/clearpath_manipulators_description/share/clearpath_manipulators_description/config/gripper/robotiq_2f_140/control.yaml
[0.601s] -- Up-to-date: /home/dinm/debug_clear_ws/install/clearpath_manipulators_description/share/clearpath_manipulators_description/config/gripper/kinova_2f_lite
[0.601s] -- Up-to-date: /home/dinm/debug_clear_ws/install/clearpath_manipulators_description/share/clearpath_manipulators_description/config/gripper/kinova_2f_lite/initial_positions.yaml
[0.601s] -- Up-to-date: /home/dinm/debug_clear_ws/install/clearpath_manipulators_description/share/clearpath_manipulators_description/config/gripper/kinova_2f_lite/moveit_controllers.yaml
[0.601s] -- Up-to-date: /home/dinm/debug_clear_ws/install/clearpath_manipulators_description/share/clearpath_manipulators_description/config/gripper/kinova_2f_lite/joint_limits.yaml
[0.601s] -- Up-to-date: /home/dinm/debug_clear_ws/install/clearpath_manipulators_description/share/clearpath_manipulators_description/config/gripper/kinova_2f_lite/control.yaml
[0.601s] -- Up-to-date: /home/dinm/debug_clear_ws/install/clearpath_manipulators_description/share/clearpath_manipulators_description/config/gripper/robotiq_2f_85
[0.601s] -- Up-to-date: /home/dinm/debug_clear_ws/install/clearpath_manipulators_description/share/clearpath_manipulators_description/config/gripper/robotiq_2f_85/initial_positions.yaml
[0.602s] -- Up-to-date: /home/dinm/debug_clear_ws/install/clearpath_manipulators_description/share/clearpath_manipulators_description/config/gripper/robotiq_2f_85/moveit_controllers.yaml
[0.602s] -- Up-to-date: /home/dinm/debug_clear_ws/install/clearpath_manipulators_description/share/clearpath_manipulators_description/config/gripper/robotiq_2f_85/joint_limits.yaml
[0.602s] -- Up-to-date: /home/dinm/debug_clear_ws/install/clearpath_manipulators_description/share/clearpath_manipulators_description/config/gripper/robotiq_2f_85/control.yaml
[0.602s] -- Up-to-date: /home/dinm/debug_clear_ws/install/clearpath_manipulators_description/share/clearpath_manipulators_description/config/arm
[0.603s] -- Up-to-date: /home/dinm/debug_clear_ws/install/clearpath_manipulators_description/share/clearpath_manipulators_description/config/arm/kinova_gen3_6dof
[0.603s] -- Up-to-date: /home/dinm/debug_clear_ws/install/clearpath_manipulators_description/share/clearpath_manipulators_description/config/arm/kinova_gen3_6dof/initial_positions.yaml
[0.603s] -- Up-to-date: /home/dinm/debug_clear_ws/install/clearpath_manipulators_description/share/clearpath_manipulators_description/config/arm/kinova_gen3_6dof/moveit_controllers.yaml
[0.604s] -- Up-to-date: /home/dinm/debug_clear_ws/install/clearpath_manipulators_description/share/clearpath_manipulators_description/config/arm/kinova_gen3_6dof/joint_limits.yaml
[0.604s] -- Up-to-date: /home/dinm/debug_clear_ws/install/clearpath_manipulators_description/share/clearpath_manipulators_description/config/arm/kinova_gen3_6dof/control.yaml
[0.604s] -- Up-to-date: /home/dinm/debug_clear_ws/install/clearpath_manipulators_description/share/clearpath_manipulators_description/config/arm/kinova_gen3_7dof
[0.604s] -- Up-to-date: /home/dinm/debug_clear_ws/install/clearpath_manipulators_description/share/clearpath_manipulators_description/config/arm/kinova_gen3_7dof/initial_positions.yaml
[0.604s] -- Up-to-date: /home/dinm/debug_clear_ws/install/clearpath_manipulators_description/share/clearpath_manipulators_description/config/arm/kinova_gen3_7dof/moveit_controllers.yaml
[0.604s] -- Up-to-date: /home/dinm/debug_clear_ws/install/clearpath_manipulators_description/share/clearpath_manipulators_description/config/arm/kinova_gen3_7dof/joint_limits.yaml
[0.604s] -- Up-to-date: /home/dinm/debug_clear_ws/install/clearpath_manipulators_description/share/clearpath_manipulators_description/config/arm/kinova_gen3_7dof/control.yaml
[0.604s] -- Up-to-date: /home/dinm/debug_clear_ws/install/clearpath_manipulators_description/share/clearpath_manipulators_description/config/arm/kinova_gen3_lite
[0.604s] -- Up-to-date: /home/dinm/debug_clear_ws/install/clearpath_manipulators_description/share/clearpath_manipulators_description/config/arm/kinova_gen3_lite/initial_positions.yaml
[0.604s] -- Up-to-date: /home/dinm/debug_clear_ws/install/clearpath_manipulators_description/share/clearpath_manipulators_description/config/arm/kinova_gen3_lite/moveit_controllers.yaml
[0.605s] -- Up-to-date: /home/dinm/debug_clear_ws/install/clearpath_manipulators_description/share/clearpath_manipulators_description/config/arm/kinova_gen3_lite/joint_limits.yaml
[0.605s] -- Up-to-date: /home/dinm/debug_clear_ws/install/clearpath_manipulators_description/share/clearpath_manipulators_description/config/arm/kinova_gen3_lite/control.yaml
[0.605s] -- Up-to-date: /home/dinm/debug_clear_ws/install/clearpath_manipulators_description/share/clearpath_manipulators_description/srdf
[0.605s] -- Up-to-date: /home/dinm/debug_clear_ws/install/clearpath_manipulators_description/share/clearpath_manipulators_description/srdf/gripper
[0.605s] -- Up-to-date: /home/dinm/debug_clear_ws/install/clearpath_manipulators_description/share/clearpath_manipulators_description/srdf/gripper/robotiq_2f_85.srdf.xacro
[0.605s] -- Up-to-date: /home/dinm/debug_clear_ws/install/clearpath_manipulators_description/share/clearpath_manipulators_description/srdf/gripper/robotiq_2f_140.srdf.xacro
[0.605s] -- Up-to-date: /home/dinm/debug_clear_ws/install/clearpath_manipulators_description/share/clearpath_manipulators_description/srdf/gripper/kinova_2f_lite.srdf.xacro
[0.605s] -- Up-to-date: /home/dinm/debug_clear_ws/install/clearpath_manipulators_description/share/clearpath_manipulators_description/srdf/arm
[0.605s] -- Up-to-date: /home/dinm/debug_clear_ws/install/clearpath_manipulators_description/share/clearpath_manipulators_description/srdf/arm/kinova_gen3_lite.srdf.xacro
[0.605s] -- Up-to-date: /home/dinm/debug_clear_ws/install/clearpath_manipulators_description/share/clearpath_manipulators_description/srdf/arm/kinova_gen3_6dof.srdf.xacro
[0.605s] -- Up-to-date: /home/dinm/debug_clear_ws/install/clearpath_manipulators_description/share/clearpath_manipulators_description/srdf/arm/kinova_gen3_7dof.srdf.xacro
[0.606s] -- Up-to-date: /home/dinm/debug_clear_ws/install/clearpath_manipulators_description/share/clearpath_manipulators_description/launch
[0.606s] -- Up-to-date: /home/dinm/debug_clear_ws/install/clearpath_manipulators_description/share/clearpath_manipulators_description/launch/description.launch.py
[0.606s] -- Up-to-date: /home/dinm/debug_clear_ws/install/clearpath_manipulators_description/share/clearpath_manipulators_description/meshes
[0.606s] -- Up-to-date: /home/dinm/debug_clear_ws/install/clearpath_manipulators_description/share/clearpath_manipulators_description/meshes/gripper
[0.606s] -- Up-to-date: /home/dinm/debug_clear_ws/install/clearpath_manipulators_description/share/clearpath_manipulators_description/meshes/gripper/robotiq_2f_140_inner_knuckle.stl
[0.606s] -- Up-to-date: /home/dinm/debug_clear_ws/install/clearpath_manipulators_description/share/clearpath_manipulators_description/meshes/gripper/robotiq_2f_140_inner_finger.stl
[0.606s] -- Up-to-date: /home/dinm/debug_clear_ws/install/clearpath_manipulators_description/share/clearpath_manipulators_description/meshes/gripper/robotiq_2f_140_outer_finger_collision.stl
[0.606s] -- Up-to-date: /home/dinm/debug_clear_ws/install/clearpath_manipulators_description/share/clearpath_manipulators_description/meshes/gripper/robotiq_2f_140_base_link.stl
[0.606s] -- Up-to-date: /home/dinm/debug_clear_ws/install/clearpath_manipulators_description/share/clearpath_manipulators_description/meshes/gripper/robotiq_2f_140_outer_knuckle.stl
[0.606s] -- Up-to-date: /home/dinm/debug_clear_ws/install/clearpath_manipulators_description/share/clearpath_manipulators_description/meshes/gripper/robotiq_2f_140_outer_knuckle_collision.stl
[0.607s] -- Up-to-date: /home/dinm/debug_clear_ws/install/clearpath_manipulators_description/share/clearpath_manipulators_description/meshes/gripper/robotiq_2f_140_inner_knuckle_collision.stl
[0.607s] -- Up-to-date: /home/dinm/debug_clear_ws/install/clearpath_manipulators_description/share/clearpath_manipulators_description/meshes/gripper/robotiq_2f_140_base_link_collision.stl
[0.607s] -- Up-to-date: /home/dinm/debug_clear_ws/install/clearpath_manipulators_description/share/clearpath_manipulators_description/meshes/gripper/robotiq_2f_140_coupling_collision.stl
[0.607s] -- Up-to-date: /home/dinm/debug_clear_ws/install/clearpath_manipulators_description/share/clearpath_manipulators_description/meshes/gripper/robotiq_2f_140_coupling.stl
[0.608s] -- Up-to-date: /home/dinm/debug_clear_ws/install/clearpath_manipulators_description/share/clearpath_manipulators_description/meshes/gripper/robotiq_2f_140_inner_finger_collision.stl
[0.609s] -- Up-to-date: /home/dinm/debug_clear_ws/install/clearpath_manipulators_description/share/clearpath_manipulators_description/meshes/gripper/robotiq_2f_140_outer_finger.stl
[0.609s] -- Up-to-date: /home/dinm/debug_clear_ws/install/clearpath_manipulators_description/share/ament_index/resource_index/package_run_dependencies/clearpath_manipulators_description
[0.609s] -- Up-to-date: /home/dinm/debug_clear_ws/install/clearpath_manipulators_description/share/ament_index/resource_index/parent_prefix_path/clearpath_manipulators_description
[0.609s] -- Up-to-date: /home/dinm/debug_clear_ws/install/clearpath_manipulators_description/share/clearpath_manipulators_description/environment/ament_prefix_path.sh
[0.609s] -- Up-to-date: /home/dinm/debug_clear_ws/install/clearpath_manipulators_description/share/clearpath_manipulators_description/environment/ament_prefix_path.dsv
[0.609s] -- Up-to-date: /home/dinm/debug_clear_ws/install/clearpath_manipulators_description/share/clearpath_manipulators_description/environment/path.sh
[0.609s] -- Up-to-date: /home/dinm/debug_clear_ws/install/clearpath_manipulators_description/share/clearpath_manipulators_description/environment/path.dsv
[0.609s] -- Up-to-date: /home/dinm/debug_clear_ws/install/clearpath_manipulators_description/share/clearpath_manipulators_description/local_setup.bash
[0.609s] -- Up-to-date: /home/dinm/debug_clear_ws/install/clearpath_manipulators_description/share/clearpath_manipulators_description/local_setup.sh
[0.609s] -- Up-to-date: /home/dinm/debug_clear_ws/install/clearpath_manipulators_description/share/clearpath_manipulators_description/local_setup.zsh
[0.610s] -- Up-to-date: /home/dinm/debug_clear_ws/install/clearpath_manipulators_description/share/clearpath_manipulators_description/local_setup.dsv
[0.610s] -- Installing: /home/dinm/debug_clear_ws/install/clearpath_manipulators_description/share/clearpath_manipulators_description/package.dsv
[0.610s] -- Up-to-date: /home/dinm/debug_clear_ws/install/clearpath_manipulators_description/share/ament_index/resource_index/packages/clearpath_manipulators_description
[0.610s] -- Up-to-date: /home/dinm/debug_clear_ws/install/clearpath_manipulators_description/share/clearpath_manipulators_description/cmake/clearpath_manipulators_descriptionConfig.cmake
[0.610s] -- Up-to-date: /home/dinm/debug_clear_ws/install/clearpath_manipulators_description/share/clearpath_manipulators_description/cmake/clearpath_manipulators_descriptionConfig-version.cmake
[0.610s] -- Up-to-date: /home/dinm/debug_clear_ws/install/clearpath_manipulators_description/share/clearpath_manipulators_description/package.xml
[0.634s] Invoked command in '/home/dinm/debug_clear_ws/build/clearpath_manipulators_description' returned '0': CMAKE_PREFIX_PATH=${CMAKE_PREFIX_PATH}:/home/dinm/debug_clear_ws/install/square_move:/home/dinm/debug_clear_ws/install/clearpath_config:/opt/ros/humble /usr/bin/cmake --install /home/dinm/debug_clear_ws/build/clearpath_manipulators_description
