[0.073s] Invoking command in '/home/dinm/debug_clear_ws/build/clearpath_platform_description': CMAKE_PREFIX_PATH=${CMAKE_PREFIX_PATH}:/home/dinm/debug_clear_ws/install/square_move:/home/dinm/debug_clear_ws/install/clearpath_config:/opt/ros/humble /usr/bin/cmake --build /home/dinm/debug_clear_ws/build/clearpath_platform_description -- -j8 -l8
[0.366s] Invoked command in '/home/dinm/debug_clear_ws/build/clearpath_platform_description' returned '0': CMAKE_PREFIX_PATH=${CMAKE_PREFIX_PATH}:/home/dinm/debug_clear_ws/install/square_move:/home/dinm/debug_clear_ws/install/clearpath_config:/opt/ros/humble /usr/bin/cmake --build /home/dinm/debug_clear_ws/build/clearpath_platform_description -- -j8 -l8
[0.403s] Invoking command in '/home/dinm/debug_clear_ws/build/clearpath_platform_description': CMAKE_PREFIX_PATH=${CMAKE_PREFIX_PATH}:/home/dinm/debug_clear_ws/install/square_move:/home/dinm/debug_clear_ws/install/clearpath_config:/opt/ros/humble /usr/bin/cmake --install /home/dinm/debug_clear_ws/build/clearpath_platform_description
[0.420s] -- Install configuration: ""
[0.420s] -- Up-to-date: /home/dinm/debug_clear_ws/install/clearpath_platform_description/share/clearpath_platform_description/launch
[0.420s] -- Up-to-date: /home/dinm/debug_clear_ws/install/clearpath_platform_description/share/clearpath_platform_description/launch/description.launch.py
[0.420s] -- Up-to-date: /home/dinm/debug_clear_ws/install/clearpath_platform_description/share/clearpath_platform_description/meshes
[0.420s] -- Up-to-date: /home/dinm/debug_clear_ws/install/clearpath_platform_description/share/clearpath_platform_description/meshes/dd100
[0.421s] -- Up-to-date: /home/dinm/debug_clear_ws/install/clearpath_platform_description/share/clearpath_platform_description/meshes/dd100/chassis.dae
[0.421s] -- Up-to-date: /home/dinm/debug_clear_ws/install/clearpath_platform_description/share/clearpath_platform_description/meshes/dd100/wheel.stl
[0.421s] -- Up-to-date: /home/dinm/debug_clear_ws/install/clearpath_platform_description/share/clearpath_platform_description/meshes/dd100/chassis_collision.stl
[0.421s] -- Up-to-date: /home/dinm/debug_clear_ws/install/clearpath_platform_description/share/clearpath_platform_description/meshes/dd100/attachments
[0.421s] -- Up-to-date: /home/dinm/debug_clear_ws/install/clearpath_platform_description/share/clearpath_platform_description/meshes/dd100/attachments/pacs_top_plate.stl
[0.421s] -- Up-to-date: /home/dinm/debug_clear_ws/install/clearpath_platform_description/share/clearpath_platform_description/meshes/do100
[0.421s] -- Up-to-date: /home/dinm/debug_clear_ws/install/clearpath_platform_description/share/clearpath_platform_description/meshes/do100/omni_chassis.dae
[0.421s] -- Up-to-date: /home/dinm/debug_clear_ws/install/clearpath_platform_description/share/clearpath_platform_description/meshes/do100/old_mecanum_wheel.dae
[0.421s] -- Up-to-date: /home/dinm/debug_clear_ws/install/clearpath_platform_description/share/clearpath_platform_description/meshes/do100/omni_chassis_collision.stl
[0.421s] -- Up-to-date: /home/dinm/debug_clear_ws/install/clearpath_platform_description/share/clearpath_platform_description/meshes/do100/mecanum_wheel.dae
[0.421s] -- Up-to-date: /home/dinm/debug_clear_ws/install/clearpath_platform_description/share/clearpath_platform_description/meshes/j100
[0.421s] -- Up-to-date: /home/dinm/debug_clear_ws/install/clearpath_platform_description/share/clearpath_platform_description/meshes/j100/kinect_mount.stl
[0.421s] -- Up-to-date: /home/dinm/debug_clear_ws/install/clearpath_platform_description/share/clearpath_platform_description/meshes/j100/sick_lms1xx_inverted_bracket.stl
[0.422s] -- Up-to-date: /home/dinm/debug_clear_ws/install/clearpath_platform_description/share/clearpath_platform_description/meshes/j100/j100_wheel.stl
[0.422s] -- Up-to-date: /home/dinm/debug_clear_ws/install/clearpath_platform_description/share/clearpath_platform_description/meshes/j100/sick_lms1xx_upright_bracket.stl
[0.422s] -- Up-to-date: /home/dinm/debug_clear_ws/install/clearpath_platform_description/share/clearpath_platform_description/meshes/j100/stereo_camera_bracket.stl
[0.422s] -- Up-to-date: /home/dinm/debug_clear_ws/install/clearpath_platform_description/share/clearpath_platform_description/meshes/j100/bridge_plate.stl
[0.422s] -- Up-to-date: /home/dinm/debug_clear_ws/install/clearpath_platform_description/share/clearpath_platform_description/meshes/j100/camera_beam.stl
[0.422s] -- Up-to-date: /home/dinm/debug_clear_ws/install/clearpath_platform_description/share/clearpath_platform_description/meshes/j100/stereo_camera_beam.stl
[0.422s] -- Up-to-date: /home/dinm/debug_clear_ws/install/clearpath_platform_description/share/clearpath_platform_description/meshes/j100/j100_base.stl
[0.422s] -- Up-to-date: /home/dinm/debug_clear_ws/install/clearpath_platform_description/share/clearpath_platform_description/meshes/j100/camera_bracket.stl
[0.422s] -- Up-to-date: /home/dinm/debug_clear_ws/install/clearpath_platform_description/share/clearpath_platform_description/meshes/j100/velodyne_tower.stl
[0.422s] -- Up-to-date: /home/dinm/debug_clear_ws/install/clearpath_platform_description/share/clearpath_platform_description/meshes/j100/attachments
[0.422s] -- Up-to-date: /home/dinm/debug_clear_ws/install/clearpath_platform_description/share/clearpath_platform_description/meshes/j100/attachments/sensor_fender.stl
[0.422s] -- Up-to-date: /home/dinm/debug_clear_ws/install/clearpath_platform_description/share/clearpath_platform_description/meshes/j100/attachments/ark_enclosure.stl
[0.423s] -- Up-to-date: /home/dinm/debug_clear_ws/install/clearpath_platform_description/share/clearpath_platform_description/meshes/j100/attachments/default_fender.stl
[0.423s] -- Up-to-date: /home/dinm/debug_clear_ws/install/clearpath_platform_description/share/clearpath_platform_description/meshes/j100/wibotic_bumper.stl
[0.423s] -- Up-to-date: /home/dinm/debug_clear_ws/install/clearpath_platform_description/share/clearpath_platform_description/meshes/r100
[0.423s] -- Up-to-date: /home/dinm/debug_clear_ws/install/clearpath_platform_description/share/clearpath_platform_description/meshes/r100/rocker.stl
[0.423s] -- Up-to-date: /home/dinm/debug_clear_ws/install/clearpath_platform_description/share/clearpath_platform_description/meshes/r100/end-cover.stl
[0.423s] -- Up-to-date: /home/dinm/debug_clear_ws/install/clearpath_platform_description/share/clearpath_platform_description/meshes/r100/axle.stl
[0.423s] -- Up-to-date: /home/dinm/debug_clear_ws/install/clearpath_platform_description/share/clearpath_platform_description/meshes/r100/lights.stl
[0.423s] -- Up-to-date: /home/dinm/debug_clear_ws/install/clearpath_platform_description/share/clearpath_platform_description/meshes/r100/body-collision.stl
[0.423s] -- Up-to-date: /home/dinm/debug_clear_ws/install/clearpath_platform_description/share/clearpath_platform_description/meshes/r100/body.stl
[0.423s] -- Up-to-date: /home/dinm/debug_clear_ws/install/clearpath_platform_description/share/clearpath_platform_description/meshes/r100/top.stl
[0.423s] -- Up-to-date: /home/dinm/debug_clear_ws/install/clearpath_platform_description/share/clearpath_platform_description/meshes/r100/wheel.stl
[0.423s] -- Up-to-date: /home/dinm/debug_clear_ws/install/clearpath_platform_description/share/clearpath_platform_description/meshes/r100/side-cover.stl
[0.423s] -- Up-to-date: /home/dinm/debug_clear_ws/install/clearpath_platform_description/share/clearpath_platform_description/meshes/r100/attachments
[0.423s] -- Up-to-date: /home/dinm/debug_clear_ws/install/clearpath_platform_description/share/clearpath_platform_description/meshes/r100/attachments/tower_shoulder_collision.stl
[0.424s] -- Up-to-date: /home/dinm/debug_clear_ws/install/clearpath_platform_description/share/clearpath_platform_description/meshes/r100/attachments/tower_shoulder.stl
[0.424s] -- Up-to-date: /home/dinm/debug_clear_ws/install/clearpath_platform_description/share/clearpath_platform_description/meshes/r100/attachments/hams_top.stl
[0.424s] -- Up-to-date: /home/dinm/debug_clear_ws/install/clearpath_platform_description/share/clearpath_platform_description/meshes/r100/attachments/hams_mount.stl
[0.424s] -- Up-to-date: /home/dinm/debug_clear_ws/install/clearpath_platform_description/share/clearpath_platform_description/meshes/r100/attachments/tower_body.stl
[0.424s] -- Up-to-date: /home/dinm/debug_clear_ws/install/clearpath_platform_description/share/clearpath_platform_description/meshes/r100/attachments/leg.stl
[0.424s] -- Up-to-date: /home/dinm/debug_clear_ws/install/clearpath_platform_description/share/clearpath_platform_description/meshes/r100/attachments/tower_body_collision.stl
[0.424s] -- Up-to-date: /home/dinm/debug_clear_ws/install/clearpath_platform_description/share/clearpath_platform_description/meshes/a200
[0.424s] -- Up-to-date: /home/dinm/debug_clear_ws/install/clearpath_platform_description/share/clearpath_platform_description/meshes/a200/top_chassis.dae
[0.424s] -- Up-to-date: /home/dinm/debug_clear_ws/install/clearpath_platform_description/share/clearpath_platform_description/meshes/a200/accessories
[0.425s] -- Up-to-date: /home/dinm/debug_clear_ws/install/clearpath_platform_description/share/clearpath_platform_description/meshes/a200/accessories/lms1xx_mount.dae
[0.425s] -- Up-to-date: /home/dinm/debug_clear_ws/install/clearpath_platform_description/share/clearpath_platform_description/meshes/a200/accessories/lidar_mount.stl
[0.425s] -- Up-to-date: /home/dinm/debug_clear_ws/install/clearpath_platform_description/share/clearpath_platform_description/meshes/a200/accessories/lms1xx_mount.stl
[0.425s] -- Up-to-date: /home/dinm/debug_clear_ws/install/clearpath_platform_description/share/clearpath_platform_description/meshes/a200/top_chassis.stl
[0.425s] -- Up-to-date: /home/dinm/debug_clear_ws/install/clearpath_platform_description/share/clearpath_platform_description/meshes/a200/base_link.dae
[0.425s] -- Up-to-date: /home/dinm/debug_clear_ws/install/clearpath_platform_description/share/clearpath_platform_description/meshes/a200/base_link.stl
[0.425s] -- Up-to-date: /home/dinm/debug_clear_ws/install/clearpath_platform_description/share/clearpath_platform_description/meshes/a200/wheel.dae
[0.425s] -- Up-to-date: /home/dinm/debug_clear_ws/install/clearpath_platform_description/share/clearpath_platform_description/meshes/a200/wheel.stl
[0.426s] -- Up-to-date: /home/dinm/debug_clear_ws/install/clearpath_platform_description/share/clearpath_platform_description/meshes/a200/attachments
[0.426s] -- Up-to-date: /home/dinm/debug_clear_ws/install/clearpath_platform_description/share/clearpath_platform_description/meshes/a200/attachments/top_plate.stl
[0.426s] -- Up-to-date: /home/dinm/debug_clear_ws/install/clearpath_platform_description/share/clearpath_platform_description/meshes/a200/attachments/300_mm_sensor_arch.stl
[0.426s] -- Up-to-date: /home/dinm/debug_clear_ws/install/clearpath_platform_description/share/clearpath_platform_description/meshes/a200/attachments/large_top_plate.dae
[0.426s] -- Up-to-date: /home/dinm/debug_clear_ws/install/clearpath_platform_description/share/clearpath_platform_description/meshes/a200/attachments/top_plate.dae
[0.426s] -- Up-to-date: /home/dinm/debug_clear_ws/install/clearpath_platform_description/share/clearpath_platform_description/meshes/a200/attachments/bumper3.dae
[0.426s] -- Up-to-date: /home/dinm/debug_clear_ws/install/clearpath_platform_description/share/clearpath_platform_description/meshes/a200/attachments/pacs_top_plate.stl
[0.426s] -- Up-to-date: /home/dinm/debug_clear_ws/install/clearpath_platform_description/share/clearpath_platform_description/meshes/a200/attachments/user_rail.stl
[0.426s] -- Up-to-date: /home/dinm/debug_clear_ws/install/clearpath_platform_description/share/clearpath_platform_description/meshes/a200/attachments/510_mm_sensor_arch.stl
[0.426s] -- Up-to-date: /home/dinm/debug_clear_ws/install/clearpath_platform_description/share/clearpath_platform_description/meshes/a200/attachments/bumper_extension.dae
[0.426s] -- Up-to-date: /home/dinm/debug_clear_ws/install/clearpath_platform_description/share/clearpath_platform_description/meshes/a200/attachments/300_mm_sensor_arch.dae
[0.426s] -- Up-to-date: /home/dinm/debug_clear_ws/install/clearpath_platform_description/share/clearpath_platform_description/meshes/a200/attachments/510_mm_sensor_arch.dae
[0.426s] -- Up-to-date: /home/dinm/debug_clear_ws/install/clearpath_platform_description/share/clearpath_platform_description/meshes/a200/attachments/bumper.dae
[0.426s] -- Up-to-date: /home/dinm/debug_clear_ws/install/clearpath_platform_description/share/clearpath_platform_description/meshes/a200/attachments/large_top_plate_collision.stl
[0.427s] -- Up-to-date: /home/dinm/debug_clear_ws/install/clearpath_platform_description/share/clearpath_platform_description/meshes/a200/attachments/bumper2.dae
[0.427s] -- Up-to-date: /home/dinm/debug_clear_ws/install/clearpath_platform_description/share/clearpath_platform_description/meshes/a200/attachments/user_rail.dae
[0.427s] -- Up-to-date: /home/dinm/debug_clear_ws/install/clearpath_platform_description/share/clearpath_platform_description/meshes/w200
[0.427s] -- Up-to-date: /home/dinm/debug_clear_ws/install/clearpath_platform_description/share/clearpath_platform_description/meshes/w200/rocker.stl
[0.427s] -- Up-to-date: /home/dinm/debug_clear_ws/install/clearpath_platform_description/share/clearpath_platform_description/meshes/w200/diff-link.stl
[0.427s] -- Up-to-date: /home/dinm/debug_clear_ws/install/clearpath_platform_description/share/clearpath_platform_description/meshes/w200/generator.stl
[0.427s] -- Up-to-date: /home/dinm/debug_clear_ws/install/clearpath_platform_description/share/clearpath_platform_description/meshes/w200/susp-link.stl
[0.427s] -- Up-to-date: /home/dinm/debug_clear_ws/install/clearpath_platform_description/share/clearpath_platform_description/meshes/w200/chassis.stl
[0.427s] -- Up-to-date: /home/dinm/debug_clear_ws/install/clearpath_platform_description/share/clearpath_platform_description/meshes/w200/chassis-collision.stl
[0.427s] -- Up-to-date: /home/dinm/debug_clear_ws/install/clearpath_platform_description/share/clearpath_platform_description/meshes/w200/bulkhead.stl
[0.427s] -- Up-to-date: /home/dinm/debug_clear_ws/install/clearpath_platform_description/share/clearpath_platform_description/meshes/w200/tracks.dae
[0.427s] -- Up-to-date: /home/dinm/debug_clear_ws/install/clearpath_platform_description/share/clearpath_platform_description/meshes/w200/light.stl
[0.427s] -- Up-to-date: /home/dinm/debug_clear_ws/install/clearpath_platform_description/share/clearpath_platform_description/meshes/w200/arm-mount-plate.stl
[0.428s] -- Up-to-date: /home/dinm/debug_clear_ws/install/clearpath_platform_description/share/clearpath_platform_description/meshes/w200/bulkhead-collision.stl
[0.428s] -- Up-to-date: /home/dinm/debug_clear_ws/install/clearpath_platform_description/share/clearpath_platform_description/meshes/w200/wheel.stl
[0.428s] -- Up-to-date: /home/dinm/debug_clear_ws/install/clearpath_platform_description/share/clearpath_platform_description/meshes/w200/e-stop.stl
[0.428s] -- Up-to-date: /home/dinm/debug_clear_ws/install/clearpath_platform_description/share/clearpath_platform_description/meshes/w200/tracks_collision.stl
[0.428s] -- Up-to-date: /home/dinm/debug_clear_ws/install/clearpath_platform_description/share/clearpath_platform_description/meshes/w200/fenders.stl
[0.428s] -- Up-to-date: /home/dinm/debug_clear_ws/install/clearpath_platform_description/share/clearpath_platform_description/urdf
[0.428s] -- Up-to-date: /home/dinm/debug_clear_ws/install/clearpath_platform_description/share/clearpath_platform_description/urdf/dd100
[0.428s] -- Up-to-date: /home/dinm/debug_clear_ws/install/clearpath_platform_description/share/clearpath_platform_description/urdf/dd100/wheels
[0.428s] -- Up-to-date: /home/dinm/debug_clear_ws/install/clearpath_platform_description/share/clearpath_platform_description/urdf/dd100/wheels/wheel.urdf.xacro
[0.429s] -- Up-to-date: /home/dinm/debug_clear_ws/install/clearpath_platform_description/share/clearpath_platform_description/urdf/dd100/dd100.urdf.xacro
[0.429s] -- Up-to-date: /home/dinm/debug_clear_ws/install/clearpath_platform_description/share/clearpath_platform_description/urdf/dd100/attachments
[0.429s] -- Up-to-date: /home/dinm/debug_clear_ws/install/clearpath_platform_description/share/clearpath_platform_description/urdf/dd100/attachments/top_plate.urdf.xacro
[0.429s] -- Up-to-date: /home/dinm/debug_clear_ws/install/clearpath_platform_description/share/clearpath_platform_description/urdf/do150
[0.429s] -- Up-to-date: /home/dinm/debug_clear_ws/install/clearpath_platform_description/share/clearpath_platform_description/urdf/do150/do150.urdf.xacro
[0.429s] -- Up-to-date: /home/dinm/debug_clear_ws/install/clearpath_platform_description/share/clearpath_platform_description/urdf/do150/attachments
[0.429s] -- Up-to-date: /home/dinm/debug_clear_ws/install/clearpath_platform_description/share/clearpath_platform_description/urdf/do150/attachments/top_plate.urdf.xacro
[0.429s] -- Up-to-date: /home/dinm/debug_clear_ws/install/clearpath_platform_description/share/clearpath_platform_description/urdf/do100
[0.429s] -- Up-to-date: /home/dinm/debug_clear_ws/install/clearpath_platform_description/share/clearpath_platform_description/urdf/do100/wheels
[0.429s] -- Up-to-date: /home/dinm/debug_clear_ws/install/clearpath_platform_description/share/clearpath_platform_description/urdf/do100/wheels/wheel.urdf.xacro
[0.429s] -- Up-to-date: /home/dinm/debug_clear_ws/install/clearpath_platform_description/share/clearpath_platform_description/urdf/do100/do100.urdf.xacro
[0.429s] -- Up-to-date: /home/dinm/debug_clear_ws/install/clearpath_platform_description/share/clearpath_platform_description/urdf/do100/attachments
[0.429s] -- Up-to-date: /home/dinm/debug_clear_ws/install/clearpath_platform_description/share/clearpath_platform_description/urdf/do100/attachments/top_plate.urdf.xacro
[0.430s] -- Up-to-date: /home/dinm/debug_clear_ws/install/clearpath_platform_description/share/clearpath_platform_description/urdf/common.urdf.xacro
[0.430s] -- Up-to-date: /home/dinm/debug_clear_ws/install/clearpath_platform_description/share/clearpath_platform_description/urdf/j100
[0.430s] -- Up-to-date: /home/dinm/debug_clear_ws/install/clearpath_platform_description/share/clearpath_platform_description/urdf/j100/j100.urdf.xacro
[0.430s] -- Up-to-date: /home/dinm/debug_clear_ws/install/clearpath_platform_description/share/clearpath_platform_description/urdf/j100/wheels
[0.430s] -- Up-to-date: /home/dinm/debug_clear_ws/install/clearpath_platform_description/share/clearpath_platform_description/urdf/j100/wheels/wheel.urdf.xacro
[0.430s] -- Up-to-date: /home/dinm/debug_clear_ws/install/clearpath_platform_description/share/clearpath_platform_description/urdf/j100/attachments
[0.430s] -- Up-to-date: /home/dinm/debug_clear_ws/install/clearpath_platform_description/share/clearpath_platform_description/urdf/j100/attachments/top_plate.urdf.xacro
[0.430s] -- Up-to-date: /home/dinm/debug_clear_ws/install/clearpath_platform_description/share/clearpath_platform_description/urdf/j100/attachments/fender.urdf.xacro
[0.430s] -- Up-to-date: /home/dinm/debug_clear_ws/install/clearpath_platform_description/share/clearpath_platform_description/urdf/dd150
[0.431s] -- Up-to-date: /home/dinm/debug_clear_ws/install/clearpath_platform_description/share/clearpath_platform_description/urdf/dd150/wheels
[0.431s] -- Up-to-date: /home/dinm/debug_clear_ws/install/clearpath_platform_description/share/clearpath_platform_description/urdf/dd150/wheels/wheel.urdf.xacro
[0.431s] -- Up-to-date: /home/dinm/debug_clear_ws/install/clearpath_platform_description/share/clearpath_platform_description/urdf/dd150/dd150.urdf.xacro
[0.431s] -- Up-to-date: /home/dinm/debug_clear_ws/install/clearpath_platform_description/share/clearpath_platform_description/urdf/dd150/attachments
[0.431s] -- Up-to-date: /home/dinm/debug_clear_ws/install/clearpath_platform_description/share/clearpath_platform_description/urdf/dd150/attachments/top_plate.urdf.xacro
[0.431s] -- Up-to-date: /home/dinm/debug_clear_ws/install/clearpath_platform_description/share/clearpath_platform_description/urdf/r100
[0.431s] -- Up-to-date: /home/dinm/debug_clear_ws/install/clearpath_platform_description/share/clearpath_platform_description/urdf/r100/rocker.urdf.xacro
[0.431s] -- Up-to-date: /home/dinm/debug_clear_ws/install/clearpath_platform_description/share/clearpath_platform_description/urdf/r100/wheels
[0.431s] -- Up-to-date: /home/dinm/debug_clear_ws/install/clearpath_platform_description/share/clearpath_platform_description/urdf/r100/wheels/wheel.urdf.xacro
[0.431s] -- Up-to-date: /home/dinm/debug_clear_ws/install/clearpath_platform_description/share/clearpath_platform_description/urdf/r100/r100.urdf.xacro
[0.431s] -- Up-to-date: /home/dinm/debug_clear_ws/install/clearpath_platform_description/share/clearpath_platform_description/urdf/r100/attachments
[0.431s] -- Up-to-date: /home/dinm/debug_clear_ws/install/clearpath_platform_description/share/clearpath_platform_description/urdf/r100/attachments/fams.urdf.xacro
[0.431s] -- Up-to-date: /home/dinm/debug_clear_ws/install/clearpath_platform_description/share/clearpath_platform_description/urdf/r100/attachments/tower.urdf.xacro
[0.431s] -- Up-to-date: /home/dinm/debug_clear_ws/install/clearpath_platform_description/share/clearpath_platform_description/urdf/r100/attachments/legs.urdf.xacro
[0.432s] -- Up-to-date: /home/dinm/debug_clear_ws/install/clearpath_platform_description/share/clearpath_platform_description/urdf/r100/attachments/hams.urdf.xacro
[0.432s] -- Up-to-date: /home/dinm/debug_clear_ws/install/clearpath_platform_description/share/clearpath_platform_description/urdf/a200
[0.432s] -- Up-to-date: /home/dinm/debug_clear_ws/install/clearpath_platform_description/share/clearpath_platform_description/urdf/a200/wheels
[0.432s] -- Up-to-date: /home/dinm/debug_clear_ws/install/clearpath_platform_description/share/clearpath_platform_description/urdf/a200/wheels/wheel.urdf.xacro
[0.432s] -- Up-to-date: /home/dinm/debug_clear_ws/install/clearpath_platform_description/share/clearpath_platform_description/urdf/a200/a200.urdf.xacro
[0.432s] -- Up-to-date: /home/dinm/debug_clear_ws/install/clearpath_platform_description/share/clearpath_platform_description/urdf/a200/attachments
[0.432s] -- Up-to-date: /home/dinm/debug_clear_ws/install/clearpath_platform_description/share/clearpath_platform_description/urdf/a200/attachments/top_plate.urdf.xacro
[0.432s] -- Up-to-date: /home/dinm/debug_clear_ws/install/clearpath_platform_description/share/clearpath_platform_description/urdf/a200/attachments/sensor_arch.urdf.xacro
[0.432s] -- Up-to-date: /home/dinm/debug_clear_ws/install/clearpath_platform_description/share/clearpath_platform_description/urdf/a200/attachments/bumper.urdf.xacro
[0.432s] -- Up-to-date: /home/dinm/debug_clear_ws/install/clearpath_platform_description/share/clearpath_platform_description/urdf/w200
[0.432s] -- Up-to-date: /home/dinm/debug_clear_ws/install/clearpath_platform_description/share/clearpath_platform_description/urdf/w200/w200.urdf.xacro
[0.432s] -- Up-to-date: /home/dinm/debug_clear_ws/install/clearpath_platform_description/share/clearpath_platform_description/urdf/w200/wheels
[0.432s] -- Up-to-date: /home/dinm/debug_clear_ws/install/clearpath_platform_description/share/clearpath_platform_description/urdf/w200/wheels/wheel.urdf.xacro
[0.433s] -- Up-to-date: /home/dinm/debug_clear_ws/install/clearpath_platform_description/share/clearpath_platform_description/urdf/w200/wheels/track.urdf.xacro
[0.433s] -- Up-to-date: /home/dinm/debug_clear_ws/install/clearpath_platform_description/share/clearpath_platform_description/urdf/w200/diff_unit.urdf.xacro
[0.433s] -- Up-to-date: /home/dinm/debug_clear_ws/install/clearpath_platform_description/share/clearpath_platform_description/urdf/w200/attachments
[0.433s] -- Up-to-date: /home/dinm/debug_clear_ws/install/clearpath_platform_description/share/clearpath_platform_description/urdf/w200/attachments/generator.urdf.xacro
[0.433s] -- Up-to-date: /home/dinm/debug_clear_ws/install/clearpath_platform_description/share/clearpath_platform_description/urdf/w200/attachments/bulkhead.urdf.xacro
[0.433s] -- Up-to-date: /home/dinm/debug_clear_ws/install/clearpath_platform_description/share/clearpath_platform_description/urdf/w200/attachments/arm_plate.urdf.xacro
[0.433s] -- Up-to-date: /home/dinm/debug_clear_ws/install/clearpath_platform_description/share/clearpath_platform_description/urdf/links
[0.433s] -- Up-to-date: /home/dinm/debug_clear_ws/install/clearpath_platform_description/share/clearpath_platform_description/urdf/links/mesh.urdf.xacro
[0.433s] -- Up-to-date: /home/dinm/debug_clear_ws/install/clearpath_platform_description/share/clearpath_platform_description/urdf/links/frame.urdf.xacro
[0.433s] -- Up-to-date: /home/dinm/debug_clear_ws/install/clearpath_platform_description/share/clearpath_platform_description/urdf/links/box.urdf.xacro
[0.433s] -- Up-to-date: /home/dinm/debug_clear_ws/install/clearpath_platform_description/share/clearpath_platform_description/urdf/links/sphere.urdf.xacro
[0.434s] -- Up-to-date: /home/dinm/debug_clear_ws/install/clearpath_platform_description/share/clearpath_platform_description/urdf/links/cylinder.urdf.xacro
[0.434s] -- Up-to-date: /home/dinm/debug_clear_ws/install/clearpath_platform_description/share/clearpath_platform_description/urdf/generic
[0.434s] -- Up-to-date: /home/dinm/debug_clear_ws/install/clearpath_platform_description/share/clearpath_platform_description/urdf/generic/gazebo.urdf.xacro
[0.434s] -- Up-to-date: /home/dinm/debug_clear_ws/install/clearpath_platform_description/share/ament_index/resource_index/package_run_dependencies/clearpath_platform_description
[0.434s] -- Up-to-date: /home/dinm/debug_clear_ws/install/clearpath_platform_description/share/ament_index/resource_index/parent_prefix_path/clearpath_platform_description
[0.434s] -- Up-to-date: /home/dinm/debug_clear_ws/install/clearpath_platform_description/share/clearpath_platform_description/environment/ament_prefix_path.sh
[0.434s] -- Up-to-date: /home/dinm/debug_clear_ws/install/clearpath_platform_description/share/clearpath_platform_description/environment/ament_prefix_path.dsv
[0.434s] -- Up-to-date: /home/dinm/debug_clear_ws/install/clearpath_platform_description/share/clearpath_platform_description/environment/path.sh
[0.434s] -- Up-to-date: /home/dinm/debug_clear_ws/install/clearpath_platform_description/share/clearpath_platform_description/environment/path.dsv
[0.435s] -- Up-to-date: /home/dinm/debug_clear_ws/install/clearpath_platform_description/share/clearpath_platform_description/local_setup.bash
[0.435s] -- Up-to-date: /home/dinm/debug_clear_ws/install/clearpath_platform_description/share/clearpath_platform_description/local_setup.sh
[0.435s] -- Up-to-date: /home/dinm/debug_clear_ws/install/clearpath_platform_description/share/clearpath_platform_description/local_setup.zsh
[0.435s] -- Up-to-date: /home/dinm/debug_clear_ws/install/clearpath_platform_description/share/clearpath_platform_description/local_setup.dsv
[0.435s] -- Installing: /home/dinm/debug_clear_ws/install/clearpath_platform_description/share/clearpath_platform_description/package.dsv
[0.435s] -- Up-to-date: /home/dinm/debug_clear_ws/install/clearpath_platform_description/share/ament_index/resource_index/packages/clearpath_platform_description
[0.435s] -- Up-to-date: /home/dinm/debug_clear_ws/install/clearpath_platform_description/share/clearpath_platform_description/cmake/clearpath_platform_descriptionConfig.cmake
[0.435s] -- Up-to-date: /home/dinm/debug_clear_ws/install/clearpath_platform_description/share/clearpath_platform_description/cmake/clearpath_platform_descriptionConfig-version.cmake
[0.435s] -- Up-to-date: /home/dinm/debug_clear_ws/install/clearpath_platform_description/share/clearpath_platform_description/package.xml
[0.455s] Invoked command in '/home/dinm/debug_clear_ws/build/clearpath_platform_description' returned '0': CMAKE_PREFIX_PATH=${CMAKE_PREFIX_PATH}:/home/dinm/debug_clear_ws/install/square_move:/home/dinm/debug_clear_ws/install/clearpath_config:/opt/ros/humble /usr/bin/cmake --install /home/dinm/debug_clear_ws/build/clearpath_platform_description
