-- Install configuration: ""
-- Up-to-date: /home/dinm/debug_clear_ws/install/clearpath_manipulators/share/clearpath_manipulators/config
-- Up-to-date: /home/dinm/debug_clear_ws/install/clearpath_manipulators/share/clearpath_manipulators/config/planning_scene.yaml
-- Up-to-date: /home/dinm/debug_clear_ws/install/clearpath_manipulators/share/clearpath_manipulators/config/kinematics
-- Up-to-date: /home/dinm/debug_clear_ws/install/clearpath_manipulators/share/clearpath_manipulators/config/kinematics/arm.yaml
-- Up-to-date: /home/dinm/debug_clear_ws/install/clearpath_manipulators/share/clearpath_manipulators/config/kinematics/gripper.yaml
-- Up-to-date: /home/dinm/debug_clear_ws/install/clearpath_manipulators/share/clearpath_manipulators/config/kinematics/lift.yaml
-- Up-to-date: /home/dinm/debug_clear_ws/install/clearpath_manipulators/share/clearpath_manipulators/config/control.yaml
-- Up-to-date: /home/dinm/debug_clear_ws/install/clearpath_manipulators/share/clearpath_manipulators/config/cartesian_limits.yaml
-- Up-to-date: /home/dinm/debug_clear_ws/install/clearpath_manipulators/share/clearpath_manipulators/config/planning
-- Up-to-date: /home/dinm/debug_clear_ws/install/clearpath_manipulators/share/clearpath_manipulators/config/planning/_ompl
-- Up-to-date: /home/dinm/debug_clear_ws/install/clearpath_manipulators/share/clearpath_manipulators/config/planning/_ompl/planning.yaml
-- Up-to-date: /home/dinm/debug_clear_ws/install/clearpath_manipulators/share/clearpath_manipulators/config/planning/_ompl/defaults.yaml
-- Up-to-date: /home/dinm/debug_clear_ws/install/clearpath_manipulators/share/clearpath_manipulators/config/planning/pilz
-- Up-to-date: /home/dinm/debug_clear_ws/install/clearpath_manipulators/share/clearpath_manipulators/config/planning/pilz/planning.yaml
-- Up-to-date: /home/dinm/debug_clear_ws/install/clearpath_manipulators/share/clearpath_manipulators/config/planning/pilz/defaults.yaml
-- Up-to-date: /home/dinm/debug_clear_ws/install/clearpath_manipulators/share/clearpath_manipulators/config/planning/pipeline.yaml
-- Up-to-date: /home/dinm/debug_clear_ws/install/clearpath_manipulators/share/clearpath_manipulators/config/planning/chomp
-- Up-to-date: /home/dinm/debug_clear_ws/install/clearpath_manipulators/share/clearpath_manipulators/config/planning/chomp/planning.yaml
-- Up-to-date: /home/dinm/debug_clear_ws/install/clearpath_manipulators/share/clearpath_manipulators/config/trajectory_execution.yaml
-- Up-to-date: /home/dinm/debug_clear_ws/install/clearpath_manipulators/share/clearpath_manipulators/launch
-- Up-to-date: /home/dinm/debug_clear_ws/install/clearpath_manipulators/share/clearpath_manipulators/launch/moveit.launch.py
-- Up-to-date: /home/dinm/debug_clear_ws/install/clearpath_manipulators/share/clearpath_manipulators/launch/control.launch.py
-- Up-to-date: /home/dinm/debug_clear_ws/install/clearpath_manipulators/share/clearpath_manipulators/launch/manipulators.launch.py
-- Up-to-date: /home/dinm/debug_clear_ws/install/clearpath_manipulators/share/ament_index/resource_index/package_run_dependencies/clearpath_manipulators
-- Up-to-date: /home/dinm/debug_clear_ws/install/clearpath_manipulators/share/ament_index/resource_index/parent_prefix_path/clearpath_manipulators
-- Up-to-date: /home/dinm/debug_clear_ws/install/clearpath_manipulators/share/clearpath_manipulators/environment/ament_prefix_path.sh
-- Up-to-date: /home/dinm/debug_clear_ws/install/clearpath_manipulators/share/clearpath_manipulators/environment/ament_prefix_path.dsv
-- Up-to-date: /home/dinm/debug_clear_ws/install/clearpath_manipulators/share/clearpath_manipulators/environment/path.sh
-- Up-to-date: /home/dinm/debug_clear_ws/install/clearpath_manipulators/share/clearpath_manipulators/environment/path.dsv
-- Up-to-date: /home/dinm/debug_clear_ws/install/clearpath_manipulators/share/clearpath_manipulators/local_setup.bash
-- Up-to-date: /home/dinm/debug_clear_ws/install/clearpath_manipulators/share/clearpath_manipulators/local_setup.sh
-- Up-to-date: /home/dinm/debug_clear_ws/install/clearpath_manipulators/share/clearpath_manipulators/local_setup.zsh
-- Up-to-date: /home/dinm/debug_clear_ws/install/clearpath_manipulators/share/clearpath_manipulators/local_setup.dsv
-- Installing: /home/dinm/debug_clear_ws/install/clearpath_manipulators/share/clearpath_manipulators/package.dsv
-- Up-to-date: /home/dinm/debug_clear_ws/install/clearpath_manipulators/share/ament_index/resource_index/packages/clearpath_manipulators
-- Up-to-date: /home/dinm/debug_clear_ws/install/clearpath_manipulators/share/clearpath_manipulators/cmake/clearpath_manipulatorsConfig.cmake
-- Up-to-date: /home/dinm/debug_clear_ws/install/clearpath_manipulators/share/clearpath_manipulators/cmake/clearpath_manipulatorsConfig-version.cmake
-- Up-to-date: /home/dinm/debug_clear_ws/install/clearpath_manipulators/share/clearpath_manipulators/package.xml
