[0.467s] Invoking command in '/home/dinm/debug_clear_ws/build/clearpath_manipulators_description': CMAKE_PREFIX_PATH=/opt/ros/humble /usr/bin/cmake --build /home/dinm/debug_clear_ws/build/clearpath_manipulators_description -- -j8 -l8
[0.542s] Invoked command in '/home/dinm/debug_clear_ws/build/clearpath_manipulators_description' returned '0': CMAKE_PREFIX_PATH=/opt/ros/humble /usr/bin/cmake --build /home/dinm/debug_clear_ws/build/clearpath_manipulators_description -- -j8 -l8
[0.623s] Invoking command in '/home/dinm/debug_clear_ws/build/clearpath_manipulators_description': CMAKE_PREFIX_PATH=/opt/ros/humble /usr/bin/cmake --install /home/dinm/debug_clear_ws/build/clearpath_manipulators_description
[0.634s] -- Install configuration: ""
[0.634s] -- Up-to-date: /home/dinm/debug_clear_ws/install/clearpath_manipulators_description/share/clearpath_manipulators_description/urdf
[0.634s] -- Up-to-date: /home/dinm/debug_clear_ws/install/clearpath_manipulators_description/share/clearpath_manipulators_description/urdf/gripper
[0.635s] -- Up-to-date: /home/dinm/debug_clear_ws/install/clearpath_manipulators_description/share/clearpath_manipulators_description/urdf/gripper/robotiq_2f_140.urdf.xacro
[0.635s] -- Up-to-date: /home/dinm/debug_clear_ws/install/clearpath_manipulators_description/share/clearpath_manipulators_description/urdf/gripper/kinova_2f_lite.urdf.xacro
[0.636s] -- Up-to-date: /home/dinm/debug_clear_ws/install/clearpath_manipulators_description/share/clearpath_manipulators_description/urdf/gripper/robotiq_2f_85.urdf.xacro
[0.636s] -- Up-to-date: /home/dinm/debug_clear_ws/install/clearpath_manipulators_description/share/clearpath_manipulators_description/urdf/arm
[0.636s] -- Up-to-date: /home/dinm/debug_clear_ws/install/clearpath_manipulators_description/share/clearpath_manipulators_description/urdf/arm/kinova_gen3_7dof.urdf.xacro
[0.637s] -- Up-to-date: /home/dinm/debug_clear_ws/install/clearpath_manipulators_description/share/clearpath_manipulators_description/urdf/arm/kinova_gen3_6dof.urdf.xacro
[0.638s] -- Up-to-date: /home/dinm/debug_clear_ws/install/clearpath_manipulators_description/share/clearpath_manipulators_description/urdf/arm/kinova_gen3_lite.urdf.xacro
[0.638s] -- Up-to-date: /home/dinm/debug_clear_ws/install/clearpath_manipulators_description/share/clearpath_manipulators_description/config
[0.638s] -- Up-to-date: /home/dinm/debug_clear_ws/install/clearpath_manipulators_description/share/clearpath_manipulators_description/config/gripper
[0.638s] -- Up-to-date: /home/dinm/debug_clear_ws/install/clearpath_manipulators_description/share/clearpath_manipulators_description/config/gripper/robotiq_2f_140
[0.639s] -- Up-to-date: /home/dinm/debug_clear_ws/install/clearpath_manipulators_description/share/clearpath_manipulators_description/config/gripper/robotiq_2f_140/initial_positions.yaml
[0.639s] -- Up-to-date: /home/dinm/debug_clear_ws/install/clearpath_manipulators_description/share/clearpath_manipulators_description/config/gripper/robotiq_2f_140/moveit_controllers.yaml
[0.639s] -- Up-to-date: /home/dinm/debug_clear_ws/install/clearpath_manipulators_description/share/clearpath_manipulators_description/config/gripper/robotiq_2f_140/joint_limits.yaml
[0.639s] -- Up-to-date: /home/dinm/debug_clear_ws/install/clearpath_manipulators_description/share/clearpath_manipulators_description/config/gripper/robotiq_2f_140/control.yaml
[0.639s] -- Up-to-date: /home/dinm/debug_clear_ws/install/clearpath_manipulators_description/share/clearpath_manipulators_description/config/gripper/kinova_2f_lite
[0.640s] -- Up-to-date: /home/dinm/debug_clear_ws/install/clearpath_manipulators_description/share/clearpath_manipulators_description/config/gripper/kinova_2f_lite/initial_positions.yaml
[0.642s] -- Up-to-date: /home/dinm/debug_clear_ws/install/clearpath_manipulators_description/share/clearpath_manipulators_description/config/gripper/kinova_2f_lite/moveit_controllers.yaml
[0.642s] -- Up-to-date: /home/dinm/debug_clear_ws/install/clearpath_manipulators_description/share/clearpath_manipulators_description/config/gripper/kinova_2f_lite/joint_limits.yaml
[0.644s] -- Up-to-date: /home/dinm/debug_clear_ws/install/clearpath_manipulators_description/share/clearpath_manipulators_description/config/gripper/kinova_2f_lite/control.yaml
[0.644s] -- Up-to-date: /home/dinm/debug_clear_ws/install/clearpath_manipulators_description/share/clearpath_manipulators_description/config/gripper/robotiq_2f_85
[0.645s] -- Up-to-date: /home/dinm/debug_clear_ws/install/clearpath_manipulators_description/share/clearpath_manipulators_description/config/gripper/robotiq_2f_85/initial_positions.yaml
[0.645s] -- Up-to-date: /home/dinm/debug_clear_ws/install/clearpath_manipulators_description/share/clearpath_manipulators_description/config/gripper/robotiq_2f_85/moveit_controllers.yaml
[0.646s] -- Up-to-date: /home/dinm/debug_clear_ws/install/clearpath_manipulators_description/share/clearpath_manipulators_description/config/gripper/robotiq_2f_85/joint_limits.yaml
[0.646s] -- Up-to-date: /home/dinm/debug_clear_ws/install/clearpath_manipulators_description/share/clearpath_manipulators_description/config/gripper/robotiq_2f_85/control.yaml
[0.646s] -- Up-to-date: /home/dinm/debug_clear_ws/install/clearpath_manipulators_description/share/clearpath_manipulators_description/config/arm
[0.647s] -- Up-to-date: /home/dinm/debug_clear_ws/install/clearpath_manipulators_description/share/clearpath_manipulators_description/config/arm/kinova_gen3_6dof
[0.648s] -- Up-to-date: /home/dinm/debug_clear_ws/install/clearpath_manipulators_description/share/clearpath_manipulators_description/config/arm/kinova_gen3_6dof/initial_positions.yaml
[0.649s] -- Up-to-date: /home/dinm/debug_clear_ws/install/clearpath_manipulators_description/share/clearpath_manipulators_description/config/arm/kinova_gen3_6dof/moveit_controllers.yaml
[0.649s] -- Up-to-date: /home/dinm/debug_clear_ws/install/clearpath_manipulators_description/share/clearpath_manipulators_description/config/arm/kinova_gen3_6dof/joint_limits.yaml
[0.649s] -- Up-to-date: /home/dinm/debug_clear_ws/install/clearpath_manipulators_description/share/clearpath_manipulators_description/config/arm/kinova_gen3_6dof/control.yaml
[0.649s] -- Up-to-date: /home/dinm/debug_clear_ws/install/clearpath_manipulators_description/share/clearpath_manipulators_description/config/arm/kinova_gen3_7dof
[0.650s] -- Up-to-date: /home/dinm/debug_clear_ws/install/clearpath_manipulators_description/share/clearpath_manipulators_description/config/arm/kinova_gen3_7dof/initial_positions.yaml
[0.650s] -- Up-to-date: /home/dinm/debug_clear_ws/install/clearpath_manipulators_description/share/clearpath_manipulators_description/config/arm/kinova_gen3_7dof/moveit_controllers.yaml
[0.650s] -- Up-to-date: /home/dinm/debug_clear_ws/install/clearpath_manipulators_description/share/clearpath_manipulators_description/config/arm/kinova_gen3_7dof/joint_limits.yaml
[0.650s] -- Up-to-date: /home/dinm/debug_clear_ws/install/clearpath_manipulators_description/share/clearpath_manipulators_description/config/arm/kinova_gen3_7dof/control.yaml
[0.650s] -- Up-to-date: /home/dinm/debug_clear_ws/install/clearpath_manipulators_description/share/clearpath_manipulators_description/config/arm/kinova_gen3_lite
[0.650s] -- Up-to-date: /home/dinm/debug_clear_ws/install/clearpath_manipulators_description/share/clearpath_manipulators_description/config/arm/kinova_gen3_lite/initial_positions.yaml
[0.650s] -- Up-to-date: /home/dinm/debug_clear_ws/install/clearpath_manipulators_description/share/clearpath_manipulators_description/config/arm/kinova_gen3_lite/moveit_controllers.yaml
[0.650s] -- Up-to-date: /home/dinm/debug_clear_ws/install/clearpath_manipulators_description/share/clearpath_manipulators_description/config/arm/kinova_gen3_lite/joint_limits.yaml
[0.650s] -- Up-to-date: /home/dinm/debug_clear_ws/install/clearpath_manipulators_description/share/clearpath_manipulators_description/config/arm/kinova_gen3_lite/control.yaml
[0.650s] -- Up-to-date: /home/dinm/debug_clear_ws/install/clearpath_manipulators_description/share/clearpath_manipulators_description/srdf
[0.651s] -- Up-to-date: /home/dinm/debug_clear_ws/install/clearpath_manipulators_description/share/clearpath_manipulators_description/srdf/gripper
[0.651s] -- Up-to-date: /home/dinm/debug_clear_ws/install/clearpath_manipulators_description/share/clearpath_manipulators_description/srdf/gripper/robotiq_2f_85.srdf.xacro
[0.651s] -- Up-to-date: /home/dinm/debug_clear_ws/install/clearpath_manipulators_description/share/clearpath_manipulators_description/srdf/gripper/robotiq_2f_140.srdf.xacro
[0.651s] -- Up-to-date: /home/dinm/debug_clear_ws/install/clearpath_manipulators_description/share/clearpath_manipulators_description/srdf/gripper/kinova_2f_lite.srdf.xacro
[0.651s] -- Up-to-date: /home/dinm/debug_clear_ws/install/clearpath_manipulators_description/share/clearpath_manipulators_description/srdf/arm
[0.651s] -- Up-to-date: /home/dinm/debug_clear_ws/install/clearpath_manipulators_description/share/clearpath_manipulators_description/srdf/arm/kinova_gen3_lite.srdf.xacro
[0.652s] -- Up-to-date: /home/dinm/debug_clear_ws/install/clearpath_manipulators_description/share/clearpath_manipulators_description/srdf/arm/kinova_gen3_6dof.srdf.xacro
[0.652s] -- Up-to-date: /home/dinm/debug_clear_ws/install/clearpath_manipulators_description/share/clearpath_manipulators_description/srdf/arm/kinova_gen3_7dof.srdf.xacro
[0.652s] -- Up-to-date: /home/dinm/debug_clear_ws/install/clearpath_manipulators_description/share/clearpath_manipulators_description/launch
[0.652s] -- Up-to-date: /home/dinm/debug_clear_ws/install/clearpath_manipulators_description/share/clearpath_manipulators_description/launch/description.launch.py
[0.652s] -- Up-to-date: /home/dinm/debug_clear_ws/install/clearpath_manipulators_description/share/clearpath_manipulators_description/meshes
[0.652s] -- Up-to-date: /home/dinm/debug_clear_ws/install/clearpath_manipulators_description/share/clearpath_manipulators_description/meshes/gripper
[0.652s] -- Up-to-date: /home/dinm/debug_clear_ws/install/clearpath_manipulators_description/share/clearpath_manipulators_description/meshes/gripper/robotiq_2f_140_inner_knuckle.stl
[0.652s] -- Up-to-date: /home/dinm/debug_clear_ws/install/clearpath_manipulators_description/share/clearpath_manipulators_description/meshes/gripper/robotiq_2f_140_inner_finger.stl
[0.652s] -- Up-to-date: /home/dinm/debug_clear_ws/install/clearpath_manipulators_description/share/clearpath_manipulators_description/meshes/gripper/robotiq_2f_140_outer_finger_collision.stl
[0.653s] -- Up-to-date: /home/dinm/debug_clear_ws/install/clearpath_manipulators_description/share/clearpath_manipulators_description/meshes/gripper/robotiq_2f_140_base_link.stl
[0.653s] -- Up-to-date: /home/dinm/debug_clear_ws/install/clearpath_manipulators_description/share/clearpath_manipulators_description/meshes/gripper/robotiq_2f_140_outer_knuckle.stl
[0.653s] -- Up-to-date: /home/dinm/debug_clear_ws/install/clearpath_manipulators_description/share/clearpath_manipulators_description/meshes/gripper/robotiq_2f_140_outer_knuckle_collision.stl
[0.653s] -- Up-to-date: /home/dinm/debug_clear_ws/install/clearpath_manipulators_description/share/clearpath_manipulators_description/meshes/gripper/robotiq_2f_140_inner_knuckle_collision.stl
[0.653s] -- Up-to-date: /home/dinm/debug_clear_ws/install/clearpath_manipulators_description/share/clearpath_manipulators_description/meshes/gripper/robotiq_2f_140_base_link_collision.stl
[0.653s] -- Up-to-date: /home/dinm/debug_clear_ws/install/clearpath_manipulators_description/share/clearpath_manipulators_description/meshes/gripper/robotiq_2f_140_coupling_collision.stl
[0.653s] -- Up-to-date: /home/dinm/debug_clear_ws/install/clearpath_manipulators_description/share/clearpath_manipulators_description/meshes/gripper/robotiq_2f_140_coupling.stl
[0.653s] -- Up-to-date: /home/dinm/debug_clear_ws/install/clearpath_manipulators_description/share/clearpath_manipulators_description/meshes/gripper/robotiq_2f_140_inner_finger_collision.stl
[0.653s] -- Up-to-date: /home/dinm/debug_clear_ws/install/clearpath_manipulators_description/share/clearpath_manipulators_description/meshes/gripper/robotiq_2f_140_outer_finger.stl
[0.654s] -- Up-to-date: /home/dinm/debug_clear_ws/install/clearpath_manipulators_description/share/ament_index/resource_index/package_run_dependencies/clearpath_manipulators_description
[0.654s] -- Up-to-date: /home/dinm/debug_clear_ws/install/clearpath_manipulators_description/share/ament_index/resource_index/parent_prefix_path/clearpath_manipulators_description
[0.656s] -- Up-to-date: /home/dinm/debug_clear_ws/install/clearpath_manipulators_description/share/clearpath_manipulators_description/environment/ament_prefix_path.sh
[0.657s] -- Up-to-date: /home/dinm/debug_clear_ws/install/clearpath_manipulators_description/share/clearpath_manipulators_description/environment/ament_prefix_path.dsv
[0.657s] -- Up-to-date: /home/dinm/debug_clear_ws/install/clearpath_manipulators_description/share/clearpath_manipulators_description/environment/path.sh
[0.658s] -- Up-to-date: /home/dinm/debug_clear_ws/install/clearpath_manipulators_description/share/clearpath_manipulators_description/environment/path.dsv
[0.658s] -- Up-to-date: /home/dinm/debug_clear_ws/install/clearpath_manipulators_description/share/clearpath_manipulators_description/local_setup.bash
[0.658s] -- Up-to-date: /home/dinm/debug_clear_ws/install/clearpath_manipulators_description/share/clearpath_manipulators_description/local_setup.sh
[0.658s] -- Up-to-date: /home/dinm/debug_clear_ws/install/clearpath_manipulators_description/share/clearpath_manipulators_description/local_setup.zsh
[0.659s] -- Up-to-date: /home/dinm/debug_clear_ws/install/clearpath_manipulators_description/share/clearpath_manipulators_description/local_setup.dsv
[0.659s] -- Installing: /home/dinm/debug_clear_ws/install/clearpath_manipulators_description/share/clearpath_manipulators_description/package.dsv
[0.659s] -- Up-to-date: /home/dinm/debug_clear_ws/install/clearpath_manipulators_description/share/ament_index/resource_index/packages/clearpath_manipulators_description
[0.659s] -- Up-to-date: /home/dinm/debug_clear_ws/install/clearpath_manipulators_description/share/clearpath_manipulators_description/cmake/clearpath_manipulators_descriptionConfig.cmake
[0.660s] -- Up-to-date: /home/dinm/debug_clear_ws/install/clearpath_manipulators_description/share/clearpath_manipulators_description/cmake/clearpath_manipulators_descriptionConfig-version.cmake
[0.660s] -- Up-to-date: /home/dinm/debug_clear_ws/install/clearpath_manipulators_description/share/clearpath_manipulators_description/package.xml
[0.711s] Invoked command in '/home/dinm/debug_clear_ws/build/clearpath_manipulators_description' returned '0': CMAKE_PREFIX_PATH=/opt/ros/humble /usr/bin/cmake --install /home/dinm/debug_clear_ws/build/clearpath_manipulators_description
