[0.015s] Invoking command in '/home/dinm/debug_clear_ws/build/clearpath_generator_gz': AMENT_PREFIX_PATH=/home/dinm/debug_clear_ws/install/clearpath_config:/home/dinm/debug_clear_ws/install/clearpath_manipulators:/home/dinm/debug_clear_ws/install/clearpath_simulator:/home/dinm/debug_clear_ws/install/clearpath_gz:/home/dinm/debug_clear_ws/install/clearpath_generator_gz:/home/dinm/debug_clear_ws/install/clearpath_common:/home/dinm/debug_clear_ws/install/clearpath_generator_common:/home/dinm/debug_clear_ws/install/clearpath_description:/home/dinm/debug_clear_ws/install/clearpath_sensors_description:/home/dinm/debug_clear_ws/install/clearpath_platform:/home/dinm/debug_clear_ws/install/clearpath_msgs:/home/dinm/debug_clear_ws/install/clearpath_platform_msgs:/home/dinm/debug_clear_ws/install/clearpath_platform_description:/home/dinm/debug_clear_ws/install/clearpath_mounts_description:/home/dinm/debug_clear_ws/install/clearpath_manipulators_description:/home/dinm/debug_clear_ws/install/clearpath_customization:/home/dinm/debug_clear_ws/install/clearpath_control:/opt/ros/humble CMAKE_PREFIX_PATH=/home/dinm/debug_clear_ws/install/clearpath_generator_common:/home/dinm/debug_clear_ws/install/clearpath_platform:/home/dinm/debug_clear_ws/install/clearpath_description:/home/dinm/debug_clear_ws/install/clearpath_sensors_description:/home/dinm/debug_clear_ws/install/clearpath_platform_msgs:/home/dinm/debug_clear_ws/install/clearpath_platform_description:/home/dinm/debug_clear_ws/install/clearpath_mounts_description:/home/dinm/debug_clear_ws/install/clearpath_control:/home/dinm/debug_clear_ws/install/clearpath_simulator:/home/dinm/debug_clear_ws/install/clearpath_gz:/home/dinm/debug_clear_ws/install/clearpath_generator_gz:/home/dinm/debug_clear_ws/install/clearpath_common:/home/dinm/debug_clear_ws/install/clearpath_msgs:/home/dinm/debug_clear_ws/install/clearpath_manipulators:/home/dinm/debug_clear_ws/install/clearpath_manipulators_description:/home/dinm/debug_clear_ws/install/clearpath_customization:/home/dinm/debug_clear_ws/install/clearpath_config:/opt/ros/humble PYTHONPATH=/home/dinm/debug_clear_ws/install/clearpath_config/lib/python3.10/site-packages:/home/dinm/debug_clear_ws/install/clearpath_generator_gz/local/lib/python3.10/dist-packages:/home/dinm/debug_clear_ws/install/clearpath_generator_common/local/lib/python3.10/dist-packages:/home/dinm/debug_clear_ws/install/clearpath_platform_msgs/local/lib/python3.10/dist-packages:/home/dinm/debug_clear_ws/build/clearpath_config:/opt/ros/humble/lib/python3.10/site-packages:/opt/ros/humble/local/lib/python3.10/dist-packages /usr/bin/cmake /home/dinm/debug_clear_ws/src/clearpath_simulator/clearpath_generator_gz -DCMAKE_INSTALL_PREFIX=/home/dinm/debug_clear_ws/install/clearpath_generator_gz
[0.057s] -- The C compiler identification is GNU 11.4.0
[0.102s] -- The CXX compiler identification is GNU 11.4.0
[0.108s] -- Detecting C compiler ABI info
[0.162s] -- Detecting C compiler ABI info - done
[0.170s] -- Check for working C compiler: /usr/bin/cc - skipped
[0.170s] -- Detecting C compile features
[0.170s] -- Detecting C compile features - done
[0.173s] -- Detecting CXX compiler ABI info
[0.237s] -- Detecting CXX compiler ABI info - done
[0.250s] -- Check for working CXX compiler: /usr/bin/c++ - skipped
[0.250s] -- Detecting CXX compile features
[0.251s] -- Detecting CXX compile features - done
[0.256s] -- Found ament_cmake: 1.3.10 (/opt/ros/humble/share/ament_cmake/cmake)
[0.396s] -- Found Python3: /usr/bin/python3 (found version "3.10.12") found components: Interpreter 
[0.559s] -- Found ament_lint_auto: 0.12.11 (/opt/ros/humble/share/ament_lint_auto/cmake)
[0.631s] -- Added test 'flake8' to check Python code syntax and style conventions
[0.631s] -- Added test 'lint_cmake' to check CMake code style
[0.632s] -- Added test 'pep257' to check Python code against some of the docstring style conventions in PEP 257
[0.633s] -- Added test 'xmllint' to check XML markup files
[0.634s] -- Configuring done
[0.637s] -- Generating done
[0.637s] -- Build files have been written to: /home/dinm/debug_clear_ws/build/clearpath_generator_gz
[0.641s] Invoked command in '/home/dinm/debug_clear_ws/build/clearpath_generator_gz' returned '0': AMENT_PREFIX_PATH=/home/dinm/debug_clear_ws/install/clearpath_config:/home/dinm/debug_clear_ws/install/clearpath_manipulators:/home/dinm/debug_clear_ws/install/clearpath_simulator:/home/dinm/debug_clear_ws/install/clearpath_gz:/home/dinm/debug_clear_ws/install/clearpath_generator_gz:/home/dinm/debug_clear_ws/install/clearpath_common:/home/dinm/debug_clear_ws/install/clearpath_generator_common:/home/dinm/debug_clear_ws/install/clearpath_description:/home/dinm/debug_clear_ws/install/clearpath_sensors_description:/home/dinm/debug_clear_ws/install/clearpath_platform:/home/dinm/debug_clear_ws/install/clearpath_msgs:/home/dinm/debug_clear_ws/install/clearpath_platform_msgs:/home/dinm/debug_clear_ws/install/clearpath_platform_description:/home/dinm/debug_clear_ws/install/clearpath_mounts_description:/home/dinm/debug_clear_ws/install/clearpath_manipulators_description:/home/dinm/debug_clear_ws/install/clearpath_customization:/home/dinm/debug_clear_ws/install/clearpath_control:/opt/ros/humble CMAKE_PREFIX_PATH=/home/dinm/debug_clear_ws/install/clearpath_generator_common:/home/dinm/debug_clear_ws/install/clearpath_platform:/home/dinm/debug_clear_ws/install/clearpath_description:/home/dinm/debug_clear_ws/install/clearpath_sensors_description:/home/dinm/debug_clear_ws/install/clearpath_platform_msgs:/home/dinm/debug_clear_ws/install/clearpath_platform_description:/home/dinm/debug_clear_ws/install/clearpath_mounts_description:/home/dinm/debug_clear_ws/install/clearpath_control:/home/dinm/debug_clear_ws/install/clearpath_simulator:/home/dinm/debug_clear_ws/install/clearpath_gz:/home/dinm/debug_clear_ws/install/clearpath_generator_gz:/home/dinm/debug_clear_ws/install/clearpath_common:/home/dinm/debug_clear_ws/install/clearpath_msgs:/home/dinm/debug_clear_ws/install/clearpath_manipulators:/home/dinm/debug_clear_ws/install/clearpath_manipulators_description:/home/dinm/debug_clear_ws/install/clearpath_customization:/home/dinm/debug_clear_ws/install/clearpath_config:/opt/ros/humble PYTHONPATH=/home/dinm/debug_clear_ws/install/clearpath_config/lib/python3.10/site-packages:/home/dinm/debug_clear_ws/install/clearpath_generator_gz/local/lib/python3.10/dist-packages:/home/dinm/debug_clear_ws/install/clearpath_generator_common/local/lib/python3.10/dist-packages:/home/dinm/debug_clear_ws/install/clearpath_platform_msgs/local/lib/python3.10/dist-packages:/home/dinm/debug_clear_ws/build/clearpath_config:/opt/ros/humble/lib/python3.10/site-packages:/opt/ros/humble/local/lib/python3.10/dist-packages /usr/bin/cmake /home/dinm/debug_clear_ws/src/clearpath_simulator/clearpath_generator_gz -DCMAKE_INSTALL_PREFIX=/home/dinm/debug_clear_ws/install/clearpath_generator_gz
[0.642s] Invoking command in '/home/dinm/debug_clear_ws/build/clearpath_generator_gz': AMENT_PREFIX_PATH=/home/dinm/debug_clear_ws/install/clearpath_config:/home/dinm/debug_clear_ws/install/clearpath_manipulators:/home/dinm/debug_clear_ws/install/clearpath_simulator:/home/dinm/debug_clear_ws/install/clearpath_gz:/home/dinm/debug_clear_ws/install/clearpath_generator_gz:/home/dinm/debug_clear_ws/install/clearpath_common:/home/dinm/debug_clear_ws/install/clearpath_generator_common:/home/dinm/debug_clear_ws/install/clearpath_description:/home/dinm/debug_clear_ws/install/clearpath_sensors_description:/home/dinm/debug_clear_ws/install/clearpath_platform:/home/dinm/debug_clear_ws/install/clearpath_msgs:/home/dinm/debug_clear_ws/install/clearpath_platform_msgs:/home/dinm/debug_clear_ws/install/clearpath_platform_description:/home/dinm/debug_clear_ws/install/clearpath_mounts_description:/home/dinm/debug_clear_ws/install/clearpath_manipulators_description:/home/dinm/debug_clear_ws/install/clearpath_customization:/home/dinm/debug_clear_ws/install/clearpath_control:/opt/ros/humble CMAKE_PREFIX_PATH=/home/dinm/debug_clear_ws/install/clearpath_generator_common:/home/dinm/debug_clear_ws/install/clearpath_platform:/home/dinm/debug_clear_ws/install/clearpath_description:/home/dinm/debug_clear_ws/install/clearpath_sensors_description:/home/dinm/debug_clear_ws/install/clearpath_platform_msgs:/home/dinm/debug_clear_ws/install/clearpath_platform_description:/home/dinm/debug_clear_ws/install/clearpath_mounts_description:/home/dinm/debug_clear_ws/install/clearpath_control:/home/dinm/debug_clear_ws/install/clearpath_simulator:/home/dinm/debug_clear_ws/install/clearpath_gz:/home/dinm/debug_clear_ws/install/clearpath_generator_gz:/home/dinm/debug_clear_ws/install/clearpath_common:/home/dinm/debug_clear_ws/install/clearpath_msgs:/home/dinm/debug_clear_ws/install/clearpath_manipulators:/home/dinm/debug_clear_ws/install/clearpath_manipulators_description:/home/dinm/debug_clear_ws/install/clearpath_customization:/home/dinm/debug_clear_ws/install/clearpath_config:/opt/ros/humble PYTHONPATH=/home/dinm/debug_clear_ws/install/clearpath_config/lib/python3.10/site-packages:/home/dinm/debug_clear_ws/install/clearpath_generator_gz/local/lib/python3.10/dist-packages:/home/dinm/debug_clear_ws/install/clearpath_generator_common/local/lib/python3.10/dist-packages:/home/dinm/debug_clear_ws/install/clearpath_platform_msgs/local/lib/python3.10/dist-packages:/home/dinm/debug_clear_ws/build/clearpath_config:/opt/ros/humble/lib/python3.10/site-packages:/opt/ros/humble/local/lib/python3.10/dist-packages /usr/bin/cmake --build /home/dinm/debug_clear_ws/build/clearpath_generator_gz -- -j8 -l8
[0.684s] Built target ament_cmake_python_copy_clearpath_generator_gz
[0.898s] running egg_info
[0.898s] creating clearpath_generator_gz.egg-info
[0.898s] writing clearpath_generator_gz.egg-info/PKG-INFO
[0.898s] writing dependency_links to clearpath_generator_gz.egg-info/dependency_links.txt
[0.899s] writing top-level names to clearpath_generator_gz.egg-info/top_level.txt
[0.899s] writing manifest file 'clearpath_generator_gz.egg-info/SOURCES.txt'
[0.902s] reading manifest file 'clearpath_generator_gz.egg-info/SOURCES.txt'
[0.902s] writing manifest file 'clearpath_generator_gz.egg-info/SOURCES.txt'
[0.926s] Built target ament_cmake_python_build_clearpath_generator_gz_egg
[0.934s] Invoked command in '/home/dinm/debug_clear_ws/build/clearpath_generator_gz' returned '0': AMENT_PREFIX_PATH=/home/dinm/debug_clear_ws/install/clearpath_config:/home/dinm/debug_clear_ws/install/clearpath_manipulators:/home/dinm/debug_clear_ws/install/clearpath_simulator:/home/dinm/debug_clear_ws/install/clearpath_gz:/home/dinm/debug_clear_ws/install/clearpath_generator_gz:/home/dinm/debug_clear_ws/install/clearpath_common:/home/dinm/debug_clear_ws/install/clearpath_generator_common:/home/dinm/debug_clear_ws/install/clearpath_description:/home/dinm/debug_clear_ws/install/clearpath_sensors_description:/home/dinm/debug_clear_ws/install/clearpath_platform:/home/dinm/debug_clear_ws/install/clearpath_msgs:/home/dinm/debug_clear_ws/install/clearpath_platform_msgs:/home/dinm/debug_clear_ws/install/clearpath_platform_description:/home/dinm/debug_clear_ws/install/clearpath_mounts_description:/home/dinm/debug_clear_ws/install/clearpath_manipulators_description:/home/dinm/debug_clear_ws/install/clearpath_customization:/home/dinm/debug_clear_ws/install/clearpath_control:/opt/ros/humble CMAKE_PREFIX_PATH=/home/dinm/debug_clear_ws/install/clearpath_generator_common:/home/dinm/debug_clear_ws/install/clearpath_platform:/home/dinm/debug_clear_ws/install/clearpath_description:/home/dinm/debug_clear_ws/install/clearpath_sensors_description:/home/dinm/debug_clear_ws/install/clearpath_platform_msgs:/home/dinm/debug_clear_ws/install/clearpath_platform_description:/home/dinm/debug_clear_ws/install/clearpath_mounts_description:/home/dinm/debug_clear_ws/install/clearpath_control:/home/dinm/debug_clear_ws/install/clearpath_simulator:/home/dinm/debug_clear_ws/install/clearpath_gz:/home/dinm/debug_clear_ws/install/clearpath_generator_gz:/home/dinm/debug_clear_ws/install/clearpath_common:/home/dinm/debug_clear_ws/install/clearpath_msgs:/home/dinm/debug_clear_ws/install/clearpath_manipulators:/home/dinm/debug_clear_ws/install/clearpath_manipulators_description:/home/dinm/debug_clear_ws/install/clearpath_customization:/home/dinm/debug_clear_ws/install/clearpath_config:/opt/ros/humble PYTHONPATH=/home/dinm/debug_clear_ws/install/clearpath_config/lib/python3.10/site-packages:/home/dinm/debug_clear_ws/install/clearpath_generator_gz/local/lib/python3.10/dist-packages:/home/dinm/debug_clear_ws/install/clearpath_generator_common/local/lib/python3.10/dist-packages:/home/dinm/debug_clear_ws/install/clearpath_platform_msgs/local/lib/python3.10/dist-packages:/home/dinm/debug_clear_ws/build/clearpath_config:/opt/ros/humble/lib/python3.10/site-packages:/opt/ros/humble/local/lib/python3.10/dist-packages /usr/bin/cmake --build /home/dinm/debug_clear_ws/build/clearpath_generator_gz -- -j8 -l8
[0.951s] Invoking command in '/home/dinm/debug_clear_ws/build/clearpath_generator_gz': AMENT_PREFIX_PATH=/home/dinm/debug_clear_ws/install/clearpath_config:/home/dinm/debug_clear_ws/install/clearpath_manipulators:/home/dinm/debug_clear_ws/install/clearpath_simulator:/home/dinm/debug_clear_ws/install/clearpath_gz:/home/dinm/debug_clear_ws/install/clearpath_generator_gz:/home/dinm/debug_clear_ws/install/clearpath_common:/home/dinm/debug_clear_ws/install/clearpath_generator_common:/home/dinm/debug_clear_ws/install/clearpath_description:/home/dinm/debug_clear_ws/install/clearpath_sensors_description:/home/dinm/debug_clear_ws/install/clearpath_platform:/home/dinm/debug_clear_ws/install/clearpath_msgs:/home/dinm/debug_clear_ws/install/clearpath_platform_msgs:/home/dinm/debug_clear_ws/install/clearpath_platform_description:/home/dinm/debug_clear_ws/install/clearpath_mounts_description:/home/dinm/debug_clear_ws/install/clearpath_manipulators_description:/home/dinm/debug_clear_ws/install/clearpath_customization:/home/dinm/debug_clear_ws/install/clearpath_control:/opt/ros/humble CMAKE_PREFIX_PATH=/home/dinm/debug_clear_ws/install/clearpath_generator_common:/home/dinm/debug_clear_ws/install/clearpath_platform:/home/dinm/debug_clear_ws/install/clearpath_description:/home/dinm/debug_clear_ws/install/clearpath_sensors_description:/home/dinm/debug_clear_ws/install/clearpath_platform_msgs:/home/dinm/debug_clear_ws/install/clearpath_platform_description:/home/dinm/debug_clear_ws/install/clearpath_mounts_description:/home/dinm/debug_clear_ws/install/clearpath_control:/home/dinm/debug_clear_ws/install/clearpath_simulator:/home/dinm/debug_clear_ws/install/clearpath_gz:/home/dinm/debug_clear_ws/install/clearpath_generator_gz:/home/dinm/debug_clear_ws/install/clearpath_common:/home/dinm/debug_clear_ws/install/clearpath_msgs:/home/dinm/debug_clear_ws/install/clearpath_manipulators:/home/dinm/debug_clear_ws/install/clearpath_manipulators_description:/home/dinm/debug_clear_ws/install/clearpath_customization:/home/dinm/debug_clear_ws/install/clearpath_config:/opt/ros/humble PYTHONPATH=/home/dinm/debug_clear_ws/install/clearpath_config/lib/python3.10/site-packages:/home/dinm/debug_clear_ws/install/clearpath_generator_gz/local/lib/python3.10/dist-packages:/home/dinm/debug_clear_ws/install/clearpath_generator_common/local/lib/python3.10/dist-packages:/home/dinm/debug_clear_ws/install/clearpath_platform_msgs/local/lib/python3.10/dist-packages:/home/dinm/debug_clear_ws/build/clearpath_config:/opt/ros/humble/lib/python3.10/site-packages:/opt/ros/humble/local/lib/python3.10/dist-packages /usr/bin/cmake --install /home/dinm/debug_clear_ws/build/clearpath_generator_gz
[0.956s] -- Install configuration: ""
[0.956s] -- Installing: /home/dinm/debug_clear_ws/install/clearpath_generator_gz/lib/clearpath_generator_gz/generate_launch
[0.956s] -- Installing: /home/dinm/debug_clear_ws/install/clearpath_generator_gz/lib/clearpath_generator_gz/generate_param
[0.956s] -- Installing: /home/dinm/debug_clear_ws/install/clearpath_generator_gz/share/clearpath_generator_gz/environment/pythonpath.sh
[0.956s] -- Installing: /home/dinm/debug_clear_ws/install/clearpath_generator_gz/share/clearpath_generator_gz/environment/pythonpath.dsv
[0.956s] -- Installing: /home/dinm/debug_clear_ws/install/clearpath_generator_gz/local/lib/python3.10/dist-packages/clearpath_generator_gz-0.2.6-py3.10.egg-info
[0.956s] -- Installing: /home/dinm/debug_clear_ws/install/clearpath_generator_gz/local/lib/python3.10/dist-packages/clearpath_generator_gz-0.2.6-py3.10.egg-info/dependency_links.txt
[0.957s] -- Installing: /home/dinm/debug_clear_ws/install/clearpath_generator_gz/local/lib/python3.10/dist-packages/clearpath_generator_gz-0.2.6-py3.10.egg-info/SOURCES.txt
[0.957s] -- Installing: /home/dinm/debug_clear_ws/install/clearpath_generator_gz/local/lib/python3.10/dist-packages/clearpath_generator_gz-0.2.6-py3.10.egg-info/PKG-INFO
[0.957s] -- Installing: /home/dinm/debug_clear_ws/install/clearpath_generator_gz/local/lib/python3.10/dist-packages/clearpath_generator_gz-0.2.6-py3.10.egg-info/top_level.txt
[0.957s] -- Installing: /home/dinm/debug_clear_ws/install/clearpath_generator_gz/local/lib/python3.10/dist-packages/clearpath_generator_gz
[0.957s] -- Installing: /home/dinm/debug_clear_ws/install/clearpath_generator_gz/local/lib/python3.10/dist-packages/clearpath_generator_gz/__init__.py
[0.957s] -- Installing: /home/dinm/debug_clear_ws/install/clearpath_generator_gz/local/lib/python3.10/dist-packages/clearpath_generator_gz/param
[0.957s] -- Installing: /home/dinm/debug_clear_ws/install/clearpath_generator_gz/local/lib/python3.10/dist-packages/clearpath_generator_gz/param/__init__.py
[0.957s] -- Installing: /home/dinm/debug_clear_ws/install/clearpath_generator_gz/local/lib/python3.10/dist-packages/clearpath_generator_gz/param/sensors.py
[0.957s] -- Installing: /home/dinm/debug_clear_ws/install/clearpath_generator_gz/local/lib/python3.10/dist-packages/clearpath_generator_gz/param/generate_param
[0.957s] -- Installing: /home/dinm/debug_clear_ws/install/clearpath_generator_gz/local/lib/python3.10/dist-packages/clearpath_generator_gz/param/generator.py
[0.957s] -- Installing: /home/dinm/debug_clear_ws/install/clearpath_generator_gz/local/lib/python3.10/dist-packages/clearpath_generator_gz/launch
[0.957s] -- Installing: /home/dinm/debug_clear_ws/install/clearpath_generator_gz/local/lib/python3.10/dist-packages/clearpath_generator_gz/launch/__init__.py
[0.957s] -- Installing: /home/dinm/debug_clear_ws/install/clearpath_generator_gz/local/lib/python3.10/dist-packages/clearpath_generator_gz/launch/sensors.py
[0.957s] -- Installing: /home/dinm/debug_clear_ws/install/clearpath_generator_gz/local/lib/python3.10/dist-packages/clearpath_generator_gz/launch/generate_launch
[0.957s] -- Installing: /home/dinm/debug_clear_ws/install/clearpath_generator_gz/local/lib/python3.10/dist-packages/clearpath_generator_gz/launch/generator.py
[0.988s] Listing '/home/dinm/debug_clear_ws/install/clearpath_generator_gz/local/lib/python3.10/dist-packages/clearpath_generator_gz'...
[0.988s] Compiling '/home/dinm/debug_clear_ws/install/clearpath_generator_gz/local/lib/python3.10/dist-packages/clearpath_generator_gz/__init__.py'...
[0.988s] Listing '/home/dinm/debug_clear_ws/install/clearpath_generator_gz/local/lib/python3.10/dist-packages/clearpath_generator_gz/launch'...
[0.988s] Compiling '/home/dinm/debug_clear_ws/install/clearpath_generator_gz/local/lib/python3.10/dist-packages/clearpath_generator_gz/launch/__init__.py'...
[0.988s] Compiling '/home/dinm/debug_clear_ws/install/clearpath_generator_gz/local/lib/python3.10/dist-packages/clearpath_generator_gz/launch/generator.py'...
[0.988s] Compiling '/home/dinm/debug_clear_ws/install/clearpath_generator_gz/local/lib/python3.10/dist-packages/clearpath_generator_gz/launch/sensors.py'...
[0.988s] Listing '/home/dinm/debug_clear_ws/install/clearpath_generator_gz/local/lib/python3.10/dist-packages/clearpath_generator_gz/param'...
[0.988s] Compiling '/home/dinm/debug_clear_ws/install/clearpath_generator_gz/local/lib/python3.10/dist-packages/clearpath_generator_gz/param/__init__.py'...
[0.988s] Compiling '/home/dinm/debug_clear_ws/install/clearpath_generator_gz/local/lib/python3.10/dist-packages/clearpath_generator_gz/param/generator.py'...
[0.988s] Compiling '/home/dinm/debug_clear_ws/install/clearpath_generator_gz/local/lib/python3.10/dist-packages/clearpath_generator_gz/param/sensors.py'...
[0.991s] -- Installing: /home/dinm/debug_clear_ws/install/clearpath_generator_gz/share/ament_index/resource_index/package_run_dependencies/clearpath_generator_gz
[0.991s] -- Installing: /home/dinm/debug_clear_ws/install/clearpath_generator_gz/share/ament_index/resource_index/parent_prefix_path/clearpath_generator_gz
[0.991s] -- Installing: /home/dinm/debug_clear_ws/install/clearpath_generator_gz/share/clearpath_generator_gz/environment/ament_prefix_path.sh
[0.991s] -- Installing: /home/dinm/debug_clear_ws/install/clearpath_generator_gz/share/clearpath_generator_gz/environment/ament_prefix_path.dsv
[0.992s] -- Installing: /home/dinm/debug_clear_ws/install/clearpath_generator_gz/share/clearpath_generator_gz/environment/path.sh
[0.992s] -- Installing: /home/dinm/debug_clear_ws/install/clearpath_generator_gz/share/clearpath_generator_gz/environment/path.dsv
[0.992s] -- Installing: /home/dinm/debug_clear_ws/install/clearpath_generator_gz/share/clearpath_generator_gz/local_setup.bash
[0.992s] -- Installing: /home/dinm/debug_clear_ws/install/clearpath_generator_gz/share/clearpath_generator_gz/local_setup.sh
[0.992s] -- Installing: /home/dinm/debug_clear_ws/install/clearpath_generator_gz/share/clearpath_generator_gz/local_setup.zsh
[0.992s] -- Installing: /home/dinm/debug_clear_ws/install/clearpath_generator_gz/share/clearpath_generator_gz/local_setup.dsv
[0.992s] -- Installing: /home/dinm/debug_clear_ws/install/clearpath_generator_gz/share/clearpath_generator_gz/package.dsv
[0.992s] -- Installing: /home/dinm/debug_clear_ws/install/clearpath_generator_gz/share/ament_index/resource_index/packages/clearpath_generator_gz
[0.992s] -- Installing: /home/dinm/debug_clear_ws/install/clearpath_generator_gz/share/clearpath_generator_gz/cmake/clearpath_generator_gzConfig.cmake
[0.992s] -- Installing: /home/dinm/debug_clear_ws/install/clearpath_generator_gz/share/clearpath_generator_gz/cmake/clearpath_generator_gzConfig-version.cmake
[0.992s] -- Installing: /home/dinm/debug_clear_ws/install/clearpath_generator_gz/share/clearpath_generator_gz/package.xml
[0.994s] Invoked command in '/home/dinm/debug_clear_ws/build/clearpath_generator_gz' returned '0': AMENT_PREFIX_PATH=/home/dinm/debug_clear_ws/install/clearpath_config:/home/dinm/debug_clear_ws/install/clearpath_manipulators:/home/dinm/debug_clear_ws/install/clearpath_simulator:/home/dinm/debug_clear_ws/install/clearpath_gz:/home/dinm/debug_clear_ws/install/clearpath_generator_gz:/home/dinm/debug_clear_ws/install/clearpath_common:/home/dinm/debug_clear_ws/install/clearpath_generator_common:/home/dinm/debug_clear_ws/install/clearpath_description:/home/dinm/debug_clear_ws/install/clearpath_sensors_description:/home/dinm/debug_clear_ws/install/clearpath_platform:/home/dinm/debug_clear_ws/install/clearpath_msgs:/home/dinm/debug_clear_ws/install/clearpath_platform_msgs:/home/dinm/debug_clear_ws/install/clearpath_platform_description:/home/dinm/debug_clear_ws/install/clearpath_mounts_description:/home/dinm/debug_clear_ws/install/clearpath_manipulators_description:/home/dinm/debug_clear_ws/install/clearpath_customization:/home/dinm/debug_clear_ws/install/clearpath_control:/opt/ros/humble CMAKE_PREFIX_PATH=/home/dinm/debug_clear_ws/install/clearpath_generator_common:/home/dinm/debug_clear_ws/install/clearpath_platform:/home/dinm/debug_clear_ws/install/clearpath_description:/home/dinm/debug_clear_ws/install/clearpath_sensors_description:/home/dinm/debug_clear_ws/install/clearpath_platform_msgs:/home/dinm/debug_clear_ws/install/clearpath_platform_description:/home/dinm/debug_clear_ws/install/clearpath_mounts_description:/home/dinm/debug_clear_ws/install/clearpath_control:/home/dinm/debug_clear_ws/install/clearpath_simulator:/home/dinm/debug_clear_ws/install/clearpath_gz:/home/dinm/debug_clear_ws/install/clearpath_generator_gz:/home/dinm/debug_clear_ws/install/clearpath_common:/home/dinm/debug_clear_ws/install/clearpath_msgs:/home/dinm/debug_clear_ws/install/clearpath_manipulators:/home/dinm/debug_clear_ws/install/clearpath_manipulators_description:/home/dinm/debug_clear_ws/install/clearpath_customization:/home/dinm/debug_clear_ws/install/clearpath_config:/opt/ros/humble PYTHONPATH=/home/dinm/debug_clear_ws/install/clearpath_config/lib/python3.10/site-packages:/home/dinm/debug_clear_ws/install/clearpath_generator_gz/local/lib/python3.10/dist-packages:/home/dinm/debug_clear_ws/install/clearpath_generator_common/local/lib/python3.10/dist-packages:/home/dinm/debug_clear_ws/install/clearpath_platform_msgs/local/lib/python3.10/dist-packages:/home/dinm/debug_clear_ws/build/clearpath_config:/opt/ros/humble/lib/python3.10/site-packages:/opt/ros/humble/local/lib/python3.10/dist-packages /usr/bin/cmake --install /home/dinm/debug_clear_ws/build/clearpath_generator_gz
