-- Install configuration: ""
-- Up-to-date: /home/dinm/debug_clear_ws/install/clearpath_mounts_description/share/clearpath_mounts_description/meshes
-- Up-to-date: /home/dinm/debug_clear_ws/install/clearpath_mounts_description/share/clearpath_mounts_description/meshes/pacs
-- Up-to-date: /home/dinm/debug_clear_ws/install/clearpath_mounts_description/share/clearpath_mounts_description/meshes/pacs/bracket_horizontal_large.stl
-- Up-to-date: /home/dinm/debug_clear_ws/install/clearpath_mounts_description/share/clearpath_mounts_description/meshes/pacs/bracket_horizontal.stl
-- Up-to-date: /home/dinm/debug_clear_ws/install/clearpath_mounts_description/share/clearpath_mounts_description/meshes/pacs/riser_1x7.stl
-- Up-to-date: /home/dinm/debug_clear_ws/install/clearpath_mounts_description/share/clearpath_mounts_description/meshes/pacs/bracket_extension_20.stl
-- Up-to-date: /home/dinm/debug_clear_ws/install/clearpath_mounts_description/share/clearpath_mounts_description/meshes/pacs/bracket_extension_80.stl
-- Up-to-date: /home/dinm/debug_clear_ws/install/clearpath_mounts_description/share/clearpath_mounts_description/meshes/pacs/bracket_vertical.stl
-- Up-to-date: /home/dinm/debug_clear_ws/install/clearpath_mounts_description/share/clearpath_mounts_description/meshes/pacs/bracket_extension_60.stl
-- Up-to-date: /home/dinm/debug_clear_ws/install/clearpath_mounts_description/share/clearpath_mounts_description/meshes/pacs/bracket_extension_40.stl
-- Up-to-date: /home/dinm/debug_clear_ws/install/clearpath_mounts_description/share/clearpath_mounts_description/meshes/pacs/riser_8x7.stl
-- Up-to-date: /home/dinm/debug_clear_ws/install/clearpath_mounts_description/share/clearpath_mounts_description/meshes/sick_upright.stl
-- Up-to-date: /home/dinm/debug_clear_ws/install/clearpath_mounts_description/share/clearpath_mounts_description/meshes/sick_inverted.dae
-- Up-to-date: /home/dinm/debug_clear_ws/install/clearpath_mounts_description/share/clearpath_mounts_description/meshes/disk.stl
-- Up-to-date: /home/dinm/debug_clear_ws/install/clearpath_mounts_description/share/clearpath_mounts_description/meshes/fath_pivot_mount_base.dae
-- Up-to-date: /home/dinm/debug_clear_ws/install/clearpath_mounts_description/share/clearpath_mounts_description/meshes/fath_pivot_mount.dae
-- Up-to-date: /home/dinm/debug_clear_ws/install/clearpath_mounts_description/share/clearpath_mounts_description/urdf
-- Up-to-date: /home/dinm/debug_clear_ws/install/clearpath_mounts_description/share/clearpath_mounts_description/urdf/pacs
-- Up-to-date: /home/dinm/debug_clear_ws/install/clearpath_mounts_description/share/clearpath_mounts_description/urdf/pacs/bracket.urdf.xacro
-- Up-to-date: /home/dinm/debug_clear_ws/install/clearpath_mounts_description/share/clearpath_mounts_description/urdf/pacs/riser.urdf.xacro
-- Up-to-date: /home/dinm/debug_clear_ws/install/clearpath_mounts_description/share/clearpath_mounts_description/urdf/pacs/riser_leg.urdf.xacro
-- Up-to-date: /home/dinm/debug_clear_ws/install/clearpath_mounts_description/share/clearpath_mounts_description/urdf/post.urdf.xacro
-- Up-to-date: /home/dinm/debug_clear_ws/install/clearpath_mounts_description/share/clearpath_mounts_description/urdf/sick.urdf.xacro
-- Up-to-date: /home/dinm/debug_clear_ws/install/clearpath_mounts_description/share/clearpath_mounts_description/urdf/fath_pivot.urdf.xacro
-- Up-to-date: /home/dinm/debug_clear_ws/install/clearpath_mounts_description/share/clearpath_mounts_description/urdf/disk.urdf.xacro
-- Up-to-date: /home/dinm/debug_clear_ws/install/clearpath_mounts_description/share/ament_index/resource_index/package_run_dependencies/clearpath_mounts_description
-- Up-to-date: /home/dinm/debug_clear_ws/install/clearpath_mounts_description/share/ament_index/resource_index/parent_prefix_path/clearpath_mounts_description
-- Up-to-date: /home/dinm/debug_clear_ws/install/clearpath_mounts_description/share/clearpath_mounts_description/environment/ament_prefix_path.sh
-- Up-to-date: /home/dinm/debug_clear_ws/install/clearpath_mounts_description/share/clearpath_mounts_description/environment/ament_prefix_path.dsv
-- Up-to-date: /home/dinm/debug_clear_ws/install/clearpath_mounts_description/share/clearpath_mounts_description/environment/path.sh
-- Up-to-date: /home/dinm/debug_clear_ws/install/clearpath_mounts_description/share/clearpath_mounts_description/environment/path.dsv
-- Up-to-date: /home/dinm/debug_clear_ws/install/clearpath_mounts_description/share/clearpath_mounts_description/local_setup.bash
-- Up-to-date: /home/dinm/debug_clear_ws/install/clearpath_mounts_description/share/clearpath_mounts_description/local_setup.sh
-- Up-to-date: /home/dinm/debug_clear_ws/install/clearpath_mounts_description/share/clearpath_mounts_description/local_setup.zsh
-- Up-to-date: /home/dinm/debug_clear_ws/install/clearpath_mounts_description/share/clearpath_mounts_description/local_setup.dsv
-- Installing: /home/dinm/debug_clear_ws/install/clearpath_mounts_description/share/clearpath_mounts_description/package.dsv
-- Up-to-date: /home/dinm/debug_clear_ws/install/clearpath_mounts_description/share/ament_index/resource_index/packages/clearpath_mounts_description
-- Up-to-date: /home/dinm/debug_clear_ws/install/clearpath_mounts_description/share/clearpath_mounts_description/cmake/clearpath_mounts_descriptionConfig.cmake
-- Up-to-date: /home/dinm/debug_clear_ws/install/clearpath_mounts_description/share/clearpath_mounts_description/cmake/clearpath_mounts_descriptionConfig-version.cmake
-- Up-to-date: /home/dinm/debug_clear_ws/install/clearpath_mounts_description/share/clearpath_mounts_description/package.xml
