[0.050s] Invoking command in '/home/dinm/debug_clear_ws/build/clearpath_manipulators': CMAKE_PREFIX_PATH=/home/dinm/debug_clear_ws/install/clearpath_manipulators_description:/home/dinm/debug_clear_ws/install/clearpath_simulator:/home/dinm/debug_clear_ws/install/clearpath_gz:/home/dinm/debug_clear_ws/install/clearpath_generator_gz:/home/dinm/debug_clear_ws/install/clearpath_common:/home/dinm/debug_clear_ws/install/clearpath_generator_common:/home/dinm/debug_clear_ws/install/clearpath_description:/home/dinm/debug_clear_ws/install/clearpath_sensors_description:/home/dinm/debug_clear_ws/install/clearpath_platform:/home/dinm/debug_clear_ws/install/clearpath_msgs:/home/dinm/debug_clear_ws/install/clearpath_platform_msgs:/home/dinm/debug_clear_ws/install/clearpath_platform_description:/home/dinm/debug_clear_ws/install/clearpath_mounts_description:/home/dinm/debug_clear_ws/install/clearpath_manipulators:/home/dinm/debug_clear_ws/install/clearpath_customization:/home/dinm/debug_clear_ws/install/clearpath_control:/home/dinm/debug_clear_ws/install/square_move:/home/dinm/debug_clear_ws/install/clearpath_config:/opt/ros/humble /usr/bin/cmake --build /home/dinm/debug_clear_ws/build/clearpath_manipulators -- -j8 -l8
[0.073s] Invoked command in '/home/dinm/debug_clear_ws/build/clearpath_manipulators' returned '0': CMAKE_PREFIX_PATH=/home/dinm/debug_clear_ws/install/clearpath_manipulators_description:/home/dinm/debug_clear_ws/install/clearpath_simulator:/home/dinm/debug_clear_ws/install/clearpath_gz:/home/dinm/debug_clear_ws/install/clearpath_generator_gz:/home/dinm/debug_clear_ws/install/clearpath_common:/home/dinm/debug_clear_ws/install/clearpath_generator_common:/home/dinm/debug_clear_ws/install/clearpath_description:/home/dinm/debug_clear_ws/install/clearpath_sensors_description:/home/dinm/debug_clear_ws/install/clearpath_platform:/home/dinm/debug_clear_ws/install/clearpath_msgs:/home/dinm/debug_clear_ws/install/clearpath_platform_msgs:/home/dinm/debug_clear_ws/install/clearpath_platform_description:/home/dinm/debug_clear_ws/install/clearpath_mounts_description:/home/dinm/debug_clear_ws/install/clearpath_manipulators:/home/dinm/debug_clear_ws/install/clearpath_customization:/home/dinm/debug_clear_ws/install/clearpath_control:/home/dinm/debug_clear_ws/install/square_move:/home/dinm/debug_clear_ws/install/clearpath_config:/opt/ros/humble /usr/bin/cmake --build /home/dinm/debug_clear_ws/build/clearpath_manipulators -- -j8 -l8
[0.107s] Invoking command in '/home/dinm/debug_clear_ws/build/clearpath_manipulators': CMAKE_PREFIX_PATH=/home/dinm/debug_clear_ws/install/clearpath_manipulators_description:/home/dinm/debug_clear_ws/install/clearpath_simulator:/home/dinm/debug_clear_ws/install/clearpath_gz:/home/dinm/debug_clear_ws/install/clearpath_generator_gz:/home/dinm/debug_clear_ws/install/clearpath_common:/home/dinm/debug_clear_ws/install/clearpath_generator_common:/home/dinm/debug_clear_ws/install/clearpath_description:/home/dinm/debug_clear_ws/install/clearpath_sensors_description:/home/dinm/debug_clear_ws/install/clearpath_platform:/home/dinm/debug_clear_ws/install/clearpath_msgs:/home/dinm/debug_clear_ws/install/clearpath_platform_msgs:/home/dinm/debug_clear_ws/install/clearpath_platform_description:/home/dinm/debug_clear_ws/install/clearpath_mounts_description:/home/dinm/debug_clear_ws/install/clearpath_manipulators:/home/dinm/debug_clear_ws/install/clearpath_customization:/home/dinm/debug_clear_ws/install/clearpath_control:/home/dinm/debug_clear_ws/install/square_move:/home/dinm/debug_clear_ws/install/clearpath_config:/opt/ros/humble /usr/bin/cmake --install /home/dinm/debug_clear_ws/build/clearpath_manipulators
[0.114s] -- Install configuration: ""
[0.115s] -- Up-to-date: /home/dinm/debug_clear_ws/install/clearpath_manipulators/share/clearpath_manipulators/config
[0.115s] -- Up-to-date: /home/dinm/debug_clear_ws/install/clearpath_manipulators/share/clearpath_manipulators/config/planning_scene.yaml
[0.116s] -- Up-to-date: /home/dinm/debug_clear_ws/install/clearpath_manipulators/share/clearpath_manipulators/config/kinematics
[0.116s] -- Up-to-date: /home/dinm/debug_clear_ws/install/clearpath_manipulators/share/clearpath_manipulators/config/kinematics/arm.yaml
[0.116s] -- Up-to-date: /home/dinm/debug_clear_ws/install/clearpath_manipulators/share/clearpath_manipulators/config/kinematics/gripper.yaml
[0.116s] -- Up-to-date: /home/dinm/debug_clear_ws/install/clearpath_manipulators/share/clearpath_manipulators/config/kinematics/lift.yaml
[0.116s] -- Up-to-date: /home/dinm/debug_clear_ws/install/clearpath_manipulators/share/clearpath_manipulators/config/control.yaml
[0.116s] -- Up-to-date: /home/dinm/debug_clear_ws/install/clearpath_manipulators/share/clearpath_manipulators/config/cartesian_limits.yaml
[0.116s] -- Up-to-date: /home/dinm/debug_clear_ws/install/clearpath_manipulators/share/clearpath_manipulators/config/planning
[0.117s] -- Up-to-date: /home/dinm/debug_clear_ws/install/clearpath_manipulators/share/clearpath_manipulators/config/planning/_ompl
[0.117s] -- Up-to-date: /home/dinm/debug_clear_ws/install/clearpath_manipulators/share/clearpath_manipulators/config/planning/_ompl/planning.yaml
[0.117s] -- Up-to-date: /home/dinm/debug_clear_ws/install/clearpath_manipulators/share/clearpath_manipulators/config/planning/_ompl/defaults.yaml
[0.117s] -- Up-to-date: /home/dinm/debug_clear_ws/install/clearpath_manipulators/share/clearpath_manipulators/config/planning/pilz
[0.117s] -- Up-to-date: /home/dinm/debug_clear_ws/install/clearpath_manipulators/share/clearpath_manipulators/config/planning/pilz/planning.yaml
[0.117s] -- Up-to-date: /home/dinm/debug_clear_ws/install/clearpath_manipulators/share/clearpath_manipulators/config/planning/pilz/defaults.yaml
[0.118s] -- Up-to-date: /home/dinm/debug_clear_ws/install/clearpath_manipulators/share/clearpath_manipulators/config/planning/pipeline.yaml
[0.119s] -- Up-to-date: /home/dinm/debug_clear_ws/install/clearpath_manipulators/share/clearpath_manipulators/config/planning/chomp
[0.119s] -- Up-to-date: /home/dinm/debug_clear_ws/install/clearpath_manipulators/share/clearpath_manipulators/config/planning/chomp/planning.yaml
[0.119s] -- Up-to-date: /home/dinm/debug_clear_ws/install/clearpath_manipulators/share/clearpath_manipulators/config/trajectory_execution.yaml
[0.119s] -- Up-to-date: /home/dinm/debug_clear_ws/install/clearpath_manipulators/share/clearpath_manipulators/launch
[0.119s] -- Up-to-date: /home/dinm/debug_clear_ws/install/clearpath_manipulators/share/clearpath_manipulators/launch/moveit.launch.py
[0.119s] -- Up-to-date: /home/dinm/debug_clear_ws/install/clearpath_manipulators/share/clearpath_manipulators/launch/control.launch.py
[0.120s] -- Up-to-date: /home/dinm/debug_clear_ws/install/clearpath_manipulators/share/clearpath_manipulators/launch/manipulators.launch.py
[0.120s] -- Up-to-date: /home/dinm/debug_clear_ws/install/clearpath_manipulators/share/ament_index/resource_index/package_run_dependencies/clearpath_manipulators
[0.120s] -- Up-to-date: /home/dinm/debug_clear_ws/install/clearpath_manipulators/share/ament_index/resource_index/parent_prefix_path/clearpath_manipulators
[0.120s] -- Up-to-date: /home/dinm/debug_clear_ws/install/clearpath_manipulators/share/clearpath_manipulators/environment/ament_prefix_path.sh
[0.120s] -- Up-to-date: /home/dinm/debug_clear_ws/install/clearpath_manipulators/share/clearpath_manipulators/environment/ament_prefix_path.dsv
[0.120s] -- Up-to-date: /home/dinm/debug_clear_ws/install/clearpath_manipulators/share/clearpath_manipulators/environment/path.sh
[0.121s] -- Up-to-date: /home/dinm/debug_clear_ws/install/clearpath_manipulators/share/clearpath_manipulators/environment/path.dsv
[0.121s] -- Up-to-date: /home/dinm/debug_clear_ws/install/clearpath_manipulators/share/clearpath_manipulators/local_setup.bash
[0.121s] -- Up-to-date: /home/dinm/debug_clear_ws/install/clearpath_manipulators/share/clearpath_manipulators/local_setup.sh
[0.121s] -- Up-to-date: /home/dinm/debug_clear_ws/install/clearpath_manipulators/share/clearpath_manipulators/local_setup.zsh
[0.121s] -- Up-to-date: /home/dinm/debug_clear_ws/install/clearpath_manipulators/share/clearpath_manipulators/local_setup.dsv
[0.121s] -- Installing: /home/dinm/debug_clear_ws/install/clearpath_manipulators/share/clearpath_manipulators/package.dsv
[0.121s] -- Up-to-date: /home/dinm/debug_clear_ws/install/clearpath_manipulators/share/ament_index/resource_index/packages/clearpath_manipulators
[0.121s] -- Up-to-date: /home/dinm/debug_clear_ws/install/clearpath_manipulators/share/clearpath_manipulators/cmake/clearpath_manipulatorsConfig.cmake
[0.121s] -- Up-to-date: /home/dinm/debug_clear_ws/install/clearpath_manipulators/share/clearpath_manipulators/cmake/clearpath_manipulatorsConfig-version.cmake
[0.122s] -- Up-to-date: /home/dinm/debug_clear_ws/install/clearpath_manipulators/share/clearpath_manipulators/package.xml
[0.122s] Invoked command in '/home/dinm/debug_clear_ws/build/clearpath_manipulators' returned '0': CMAKE_PREFIX_PATH=/home/dinm/debug_clear_ws/install/clearpath_manipulators_description:/home/dinm/debug_clear_ws/install/clearpath_simulator:/home/dinm/debug_clear_ws/install/clearpath_gz:/home/dinm/debug_clear_ws/install/clearpath_generator_gz:/home/dinm/debug_clear_ws/install/clearpath_common:/home/dinm/debug_clear_ws/install/clearpath_generator_common:/home/dinm/debug_clear_ws/install/clearpath_description:/home/dinm/debug_clear_ws/install/clearpath_sensors_description:/home/dinm/debug_clear_ws/install/clearpath_platform:/home/dinm/debug_clear_ws/install/clearpath_msgs:/home/dinm/debug_clear_ws/install/clearpath_platform_msgs:/home/dinm/debug_clear_ws/install/clearpath_platform_description:/home/dinm/debug_clear_ws/install/clearpath_mounts_description:/home/dinm/debug_clear_ws/install/clearpath_manipulators:/home/dinm/debug_clear_ws/install/clearpath_customization:/home/dinm/debug_clear_ws/install/clearpath_control:/home/dinm/debug_clear_ws/install/square_move:/home/dinm/debug_clear_ws/install/clearpath_config:/opt/ros/humble /usr/bin/cmake --install /home/dinm/debug_clear_ws/build/clearpath_manipulators
